<?xml version="1.0" encoding="UTF-8"?>
<testsuite xmlns:xsi="http://www.w3.org/2001/XMLSchema-instance" xsi:noNamespaceSchemaLocation="https://maven.apache.org/surefire/maven-surefire-plugin/xsd/surefire-test-report-3.0.xsd" version="3.0" name="sn.ept.git.seminaire.cicd.demo.E_FirstPrincipalTest$Fast" time="1.769" tests="1000" errors="0" skipped="0" failures="0">
  <properties>
[...]
</properties>
  <testcase name="addShouldReturnTheSumOfPositiveNumbers" classname="sn.ept.git.seminaire.cicd.demo.E_FirstPrincipalTest$Fast" time="0">
    <system-out><![CDATA[16:18:51.090 [main] INFO sn.ept.git.seminaire.cicd.demo.E_FirstPrincipalTest - Something to do before each test
]]></system-out>
  </testcase>
  <testcase name="addShouldReturnTheSumOfPositiveNumbers" classname="sn.ept.git.seminaire.cicd.demo.E_FirstPrincipalTest$Fast" time="0">
    <system-out><![CDATA[16:18:51.090 [main] INFO sn.ept.git.seminaire.cicd.demo.E_FirstPrincipalTest - Something to do before each test
]]></system-out>
  </testcase>
  <testcase name="addShouldReturnTheSumOfPositiveNumbers" classname="sn.ept.git.seminaire.cicd.demo.E_FirstPrincipalTest$Fast" time="0">
    <system-out><![CDATA[16:18:51.090 [main] INFO sn.ept.git.seminaire.cicd.demo.E_FirstPrincipalTest - Something to do before each test
]]></system-out>
  </testcase>
  <testcase name="addShouldReturnTheSumOfPositiveNumbers" classname="sn.ept.git.seminaire.cicd.demo.E_FirstPrincipalTest$Fast" time="0.016">
    <system-out><![CDATA[16:18:51.090 [main] INFO sn.ept.git.seminaire.cicd.demo.E_FirstPrincipalTest - Something to do before each test
]]></system-out>
  </testcase>
  <testcase name="addShouldReturnTheSumOfPositiveNumbers" classname="sn.ept.git.seminaire.cicd.demo.E_FirstPrincipalTest$Fast" time="0">
    <system-out><![CDATA[16:18:51.106 [main] INFO sn.ept.git.seminaire.cicd.demo.E_FirstPrincipalTest - Something to do before each test
]]></system-out>
  </testcase>
  <testcase name="addShouldReturnTheSumOfPositiveNumbers" classname="sn.ept.git.seminaire.cicd.demo.E_FirstPrincipalTest$Fast" time="0">
    <system-out><![CDATA[16:18:51.106 [main] INFO sn.ept.git.seminaire.cicd.demo.E_FirstPrincipalTest - Something to do before each test
]]></system-out>
  </testcase>
  <testcase name="addShouldReturnTheSumOfPositiveNumbers" classname="sn.ept.git.seminaire.cicd.demo.E_FirstPrincipalTest$Fast" time="0">
    <system-out><![CDATA[16:18:51.106 [main] INFO sn.ept.git.seminaire.cicd.demo.E_FirstPrincipalTest - Something to do before each test
]]></system-out>
  </testcase>
  <testcase name="addShouldReturnTheSumOfPositiveNumbers" classname="sn.ept.git.seminaire.cicd.demo.E_FirstPrincipalTest$Fast" time="0">
    <system-out><![CDATA[16:18:51.106 [main] INFO sn.ept.git.seminaire.cicd.demo.E_FirstPrincipalTest - Something to do before each test
]]></system-out>
  </testcase>
  <testcase name="addShouldReturnTheSumOfPositiveNumbers" classname="sn.ept.git.seminaire.cicd.demo.E_FirstPrincipalTest$Fast" time="0">
    <system-out><![CDATA[16:18:51.106 [main] INFO sn.ept.git.seminaire.cicd.demo.E_FirstPrincipalTest - Something to do before each test
]]></system-out>
  </testcase>
  <testcase name="addShouldReturnTheSumOfPositiveNumbers" classname="sn.ept.git.seminaire.cicd.demo.E_FirstPrincipalTest$Fast" time="0">
    <system-out><![CDATA[16:18:51.106 [main] INFO sn.ept.git.seminaire.cicd.demo.E_FirstPrincipalTest - Something to do before each test
]]></system-out>
  </testcase>
  <testcase name="addShouldReturnTheSumOfPositiveNumbers" classname="sn.ept.git.seminaire.cicd.demo.E_FirstPrincipalTest$Fast" time="0">
    <system-out><![CDATA[16:18:51.121 [main] INFO sn.ept.git.seminaire.cicd.demo.E_FirstPrincipalTest - Something to do before each test
]]></system-out>
  </testcase>
  <testcase name="addShouldReturnTheSumOfPositiveNumbers" classname="sn.ept.git.seminaire.cicd.demo.E_FirstPrincipalTest$Fast" time="0">
    <system-out><![CDATA[16:18:51.121 [main] INFO sn.ept.git.seminaire.cicd.demo.E_FirstPrincipalTest - Something to do before each test
]]></system-out>
  </testcase>
  <testcase name="addShouldReturnTheSumOfPositiveNumbers" classname="sn.ept.git.seminaire.cicd.demo.E_FirstPrincipalTest$Fast" time="0">
    <system-out><![CDATA[16:18:51.121 [main] INFO sn.ept.git.seminaire.cicd.demo.E_FirstPrincipalTest - Something to do before each test
]]></system-out>
  </testcase>
  <testcase name="addShouldReturnTheSumOfPositiveNumbers" classname="sn.ept.git.seminaire.cicd.demo.E_FirstPrincipalTest$Fast" time="0">
    <system-out><![CDATA[16:18:51.121 [main] INFO sn.ept.git.seminaire.cicd.demo.E_FirstPrincipalTest - Something to do before each test
]]></system-out>
  </testcase>
  <testcase name="addShouldReturnTheSumOfPositiveNumbers" classname="sn.ept.git.seminaire.cicd.demo.E_FirstPrincipalTest$Fast" time="0">
    <system-out><![CDATA[16:18:51.121 [main] INFO sn.ept.git.seminaire.cicd.demo.E_FirstPrincipalTest - Something to do before each test
]]></system-out>
  </testcase>
  <testcase name="addShouldReturnTheSumOfPositiveNumbers" classname="sn.ept.git.seminaire.cicd.demo.E_FirstPrincipalTest$Fast" time="0">
    <system-out><![CDATA[16:18:51.121 [main] INFO sn.ept.git.seminaire.cicd.demo.E_FirstPrincipalTest - Something to do before each test
]]></system-out>
  </testcase>
  <testcase name="addShouldReturnTheSumOfPositiveNumbers" classname="sn.ept.git.seminaire.cicd.demo.E_FirstPrincipalTest$Fast" time="0.016">
    <system-out><![CDATA[16:18:51.137 [main] INFO sn.ept.git.seminaire.cicd.demo.E_FirstPrincipalTest - Something to do before each test
]]></system-out>
  </testcase>
  <testcase name="addShouldReturnTheSumOfPositiveNumbers" classname="sn.ept.git.seminaire.cicd.demo.E_FirstPrincipalTest$Fast" time="0">
    <system-out><![CDATA[16:18:51.137 [main] INFO sn.ept.git.seminaire.cicd.demo.E_FirstPrincipalTest - Something to do before each test
]]></system-out>
  </testcase>
  <testcase name="addShouldReturnTheSumOfPositiveNumbers" classname="sn.ept.git.seminaire.cicd.demo.E_FirstPrincipalTest$Fast" time="0">
    <system-out><![CDATA[16:18:51.137 [main] INFO sn.ept.git.seminaire.cicd.demo.E_FirstPrincipalTest - Something to do before each test
]]></system-out>
  </testcase>
  <testcase name="addShouldReturnTheSumOfPositiveNumbers" classname="sn.ept.git.seminaire.cicd.demo.E_FirstPrincipalTest$Fast" time="0">
    <system-out><![CDATA[16:18:51.137 [main] INFO sn.ept.git.seminaire.cicd.demo.E_FirstPrincipalTest - Something to do before each test
]]></system-out>
  </testcase>
  <testcase name="addShouldReturnTheSumOfPositiveNumbers" classname="sn.ept.git.seminaire.cicd.demo.E_FirstPrincipalTest$Fast" time="0">
    <system-out><![CDATA[16:18:51.137 [main] INFO sn.ept.git.seminaire.cicd.demo.E_FirstPrincipalTest - Something to do before each test
]]></system-out>
  </testcase>
  <testcase name="addShouldReturnTheSumOfPositiveNumbers" classname="sn.ept.git.seminaire.cicd.demo.E_FirstPrincipalTest$Fast" time="0">
    <system-out><![CDATA[16:18:51.137 [main] INFO sn.ept.git.seminaire.cicd.demo.E_FirstPrincipalTest - Something to do before each test
]]></system-out>
  </testcase>
  <testcase name="addShouldReturnTheSumOfPositiveNumbers" classname="sn.ept.git.seminaire.cicd.demo.E_FirstPrincipalTest$Fast" time="0">
    <system-out><![CDATA[16:18:51.152 [main] INFO sn.ept.git.seminaire.cicd.demo.E_FirstPrincipalTest - Something to do before each test
]]></system-out>
  </testcase>
  <testcase name="addShouldReturnTheSumOfPositiveNumbers" classname="sn.ept.git.seminaire.cicd.demo.E_FirstPrincipalTest$Fast" time="0">
    <system-out><![CDATA[16:18:51.152 [main] INFO sn.ept.git.seminaire.cicd.demo.E_FirstPrincipalTest - Something to do before each test
]]></system-out>
  </testcase>
  <testcase name="addShouldReturnTheSumOfPositiveNumbers" classname="sn.ept.git.seminaire.cicd.demo.E_FirstPrincipalTest$Fast" time="0">
    <system-out><![CDATA[16:18:51.152 [main] INFO sn.ept.git.seminaire.cicd.demo.E_FirstPrincipalTest - Something to do before each test
]]></system-out>
  </testcase>
  <testcase name="addShouldReturnTheSumOfPositiveNumbers" classname="sn.ept.git.seminaire.cicd.demo.E_FirstPrincipalTest$Fast" time="0">
    <system-out><![CDATA[16:18:51.152 [main] INFO sn.ept.git.seminaire.cicd.demo.E_FirstPrincipalTest - Something to do before each test
]]></system-out>
  </testcase>
  <testcase name="addShouldReturnTheSumOfPositiveNumbers" classname="sn.ept.git.seminaire.cicd.demo.E_FirstPrincipalTest$Fast" time="0">
    <system-out><![CDATA[16:18:51.152 [main] INFO sn.ept.git.seminaire.cicd.demo.E_FirstPrincipalTest - Something to do before each test
]]></system-out>
  </testcase>
  <testcase name="addShouldReturnTheSumOfPositiveNumbers" classname="sn.ept.git.seminaire.cicd.demo.E_FirstPrincipalTest$Fast" time="0">
    <system-out><![CDATA[16:18:51.152 [main] INFO sn.ept.git.seminaire.cicd.demo.E_FirstPrincipalTest - Something to do before each test
]]></system-out>
  </testcase>
  <testcase name="addShouldReturnTheSumOfPositiveNumbers" classname="sn.ept.git.seminaire.cicd.demo.E_FirstPrincipalTest$Fast" time="0.016">
    <system-out><![CDATA[16:18:51.152 [main] INFO sn.ept.git.seminaire.cicd.demo.E_FirstPrincipalTest - Something to do before each test
]]></system-out>
  </testcase>
  <testcase name="addShouldReturnTheSumOfPositiveNumbers" classname="sn.ept.git.seminaire.cicd.demo.E_FirstPrincipalTest$Fast" time="0">
    <system-out><![CDATA[16:18:51.168 [main] INFO sn.ept.git.seminaire.cicd.demo.E_FirstPrincipalTest - Something to do before each test
]]></system-out>
  </testcase>
  <testcase name="addShouldReturnTheSumOfPositiveNumbers" classname="sn.ept.git.seminaire.cicd.demo.E_FirstPrincipalTest$Fast" time="0">
    <system-out><![CDATA[16:18:51.168 [main] INFO sn.ept.git.seminaire.cicd.demo.E_FirstPrincipalTest - Something to do before each test
]]></system-out>
  </testcase>
  <testcase name="addShouldReturnTheSumOfPositiveNumbers" classname="sn.ept.git.seminaire.cicd.demo.E_FirstPrincipalTest$Fast" time="0">
    <system-out><![CDATA[16:18:51.168 [main] INFO sn.ept.git.seminaire.cicd.demo.E_FirstPrincipalTest - Something to do before each test
]]></system-out>
  </testcase>
  <testcase name="addShouldReturnTheSumOfPositiveNumbers" classname="sn.ept.git.seminaire.cicd.demo.E_FirstPrincipalTest$Fast" time="0">
    <system-out><![CDATA[16:18:51.168 [main] INFO sn.ept.git.seminaire.cicd.demo.E_FirstPrincipalTest - Something to do before each test
]]></system-out>
  </testcase>
  <testcase name="addShouldReturnTheSumOfPositiveNumbers" classname="sn.ept.git.seminaire.cicd.demo.E_FirstPrincipalTest$Fast" time="0">
    <system-out><![CDATA[16:18:51.168 [main] INFO sn.ept.git.seminaire.cicd.demo.E_FirstPrincipalTest - Something to do before each test
]]></system-out>
  </testcase>
  <testcase name="addShouldReturnTheSumOfPositiveNumbers" classname="sn.ept.git.seminaire.cicd.demo.E_FirstPrincipalTest$Fast" time="0.016">
    <system-out><![CDATA[16:18:51.168 [main] INFO sn.ept.git.seminaire.cicd.demo.E_FirstPrincipalTest - Something to do before each test
]]></system-out>
  </testcase>
  <testcase name="addShouldReturnTheSumOfPositiveNumbers" classname="sn.ept.git.seminaire.cicd.demo.E_FirstPrincipalTest$Fast" time="0">
    <system-out><![CDATA[16:18:51.184 [main] INFO sn.ept.git.seminaire.cicd.demo.E_FirstPrincipalTest - Something to do before each test
]]></system-out>
  </testcase>
  <testcase name="addShouldReturnTheSumOfPositiveNumbers" classname="sn.ept.git.seminaire.cicd.demo.E_FirstPrincipalTest$Fast" time="0">
    <system-out><![CDATA[16:18:51.184 [main] INFO sn.ept.git.seminaire.cicd.demo.E_FirstPrincipalTest - Something to do before each test
]]></system-out>
  </testcase>
  <testcase name="addShouldReturnTheSumOfPositiveNumbers" classname="sn.ept.git.seminaire.cicd.demo.E_FirstPrincipalTest$Fast" time="0">
    <system-out><![CDATA[16:18:51.184 [main] INFO sn.ept.git.seminaire.cicd.demo.E_FirstPrincipalTest - Something to do before each test
]]></system-out>
  </testcase>
  <testcase name="addShouldReturnTheSumOfPositiveNumbers" classname="sn.ept.git.seminaire.cicd.demo.E_FirstPrincipalTest$Fast" time="0">
    <system-out><![CDATA[16:18:51.184 [main] INFO sn.ept.git.seminaire.cicd.demo.E_FirstPrincipalTest - Something to do before each test
]]></system-out>
  </testcase>
  <testcase name="addShouldReturnTheSumOfPositiveNumbers" classname="sn.ept.git.seminaire.cicd.demo.E_FirstPrincipalTest$Fast" time="0">
    <system-out><![CDATA[16:18:51.184 [main] INFO sn.ept.git.seminaire.cicd.demo.E_FirstPrincipalTest - Something to do before each test
]]></system-out>
  </testcase>
  <testcase name="addShouldReturnTheSumOfPositiveNumbers" classname="sn.ept.git.seminaire.cicd.demo.E_FirstPrincipalTest$Fast" time="0">
    <system-out><![CDATA[16:18:51.184 [main] INFO sn.ept.git.seminaire.cicd.demo.E_FirstPrincipalTest - Something to do before each test
]]></system-out>
  </testcase>
  <testcase name="addShouldReturnTheSumOfPositiveNumbers" classname="sn.ept.git.seminaire.cicd.demo.E_FirstPrincipalTest$Fast" time="0">
    <system-out><![CDATA[16:18:51.199 [main] INFO sn.ept.git.seminaire.cicd.demo.E_FirstPrincipalTest - Something to do before each test
]]></system-out>
  </testcase>
  <testcase name="addShouldReturnTheSumOfPositiveNumbers" classname="sn.ept.git.seminaire.cicd.demo.E_FirstPrincipalTest$Fast" time="0">
    <system-out><![CDATA[16:18:51.199 [main] INFO sn.ept.git.seminaire.cicd.demo.E_FirstPrincipalTest - Something to do before each test
]]></system-out>
  </testcase>
  <testcase name="addShouldReturnTheSumOfPositiveNumbers" classname="sn.ept.git.seminaire.cicd.demo.E_FirstPrincipalTest$Fast" time="0">
    <system-out><![CDATA[16:18:51.199 [main] INFO sn.ept.git.seminaire.cicd.demo.E_FirstPrincipalTest - Something to do before each test
]]></system-out>
  </testcase>
  <testcase name="addShouldReturnTheSumOfPositiveNumbers" classname="sn.ept.git.seminaire.cicd.demo.E_FirstPrincipalTest$Fast" time="0">
    <system-out><![CDATA[16:18:51.199 [main] INFO sn.ept.git.seminaire.cicd.demo.E_FirstPrincipalTest - Something to do before each test
]]></system-out>
  </testcase>
  <testcase name="addShouldReturnTheSumOfPositiveNumbers" classname="sn.ept.git.seminaire.cicd.demo.E_FirstPrincipalTest$Fast" time="0">
    <system-out><![CDATA[16:18:51.199 [main] INFO sn.ept.git.seminaire.cicd.demo.E_FirstPrincipalTest - Something to do before each test
]]></system-out>
  </testcase>
  <testcase name="addShouldReturnTheSumOfPositiveNumbers" classname="sn.ept.git.seminaire.cicd.demo.E_FirstPrincipalTest$Fast" time="0">
    <system-out><![CDATA[16:18:51.199 [main] INFO sn.ept.git.seminaire.cicd.demo.E_FirstPrincipalTest - Something to do before each test
]]></system-out>
  </testcase>
  <testcase name="addShouldReturnTheSumOfPositiveNumbers" classname="sn.ept.git.seminaire.cicd.demo.E_FirstPrincipalTest$Fast" time="0.016">
    <system-out><![CDATA[16:18:51.215 [main] INFO sn.ept.git.seminaire.cicd.demo.E_FirstPrincipalTest - Something to do before each test
]]></system-out>
  </testcase>
  <testcase name="addShouldReturnTheSumOfPositiveNumbers" classname="sn.ept.git.seminaire.cicd.demo.E_FirstPrincipalTest$Fast" time="0">
    <system-out><![CDATA[16:18:51.215 [main] INFO sn.ept.git.seminaire.cicd.demo.E_FirstPrincipalTest - Something to do before each test
]]></system-out>
  </testcase>
  <testcase name="addShouldReturnTheSumOfPositiveNumbers" classname="sn.ept.git.seminaire.cicd.demo.E_FirstPrincipalTest$Fast" time="0">
    <system-out><![CDATA[16:18:51.215 [main] INFO sn.ept.git.seminaire.cicd.demo.E_FirstPrincipalTest - Something to do before each test
]]></system-out>
  </testcase>
  <testcase name="addShouldReturnTheSumOfPositiveNumbers" classname="sn.ept.git.seminaire.cicd.demo.E_FirstPrincipalTest$Fast" time="0">
    <system-out><![CDATA[16:18:51.215 [main] INFO sn.ept.git.seminaire.cicd.demo.E_FirstPrincipalTest - Something to do before each test
]]></system-out>
  </testcase>
  <testcase name="addShouldReturnTheSumOfPositiveNumbers" classname="sn.ept.git.seminaire.cicd.demo.E_FirstPrincipalTest$Fast" time="0">
    <system-out><![CDATA[16:18:51.215 [main] INFO sn.ept.git.seminaire.cicd.demo.E_FirstPrincipalTest - Something to do before each test
]]></system-out>
  </testcase>
  <testcase name="addShouldReturnTheSumOfPositiveNumbers" classname="sn.ept.git.seminaire.cicd.demo.E_FirstPrincipalTest$Fast" time="0">
    <system-out><![CDATA[16:18:51.215 [main] INFO sn.ept.git.seminaire.cicd.demo.E_FirstPrincipalTest - Something to do before each test
]]></system-out>
  </testcase>
  <testcase name="addShouldReturnTheSumOfPositiveNumbers" classname="sn.ept.git.seminaire.cicd.demo.E_FirstPrincipalTest$Fast" time="0">
    <system-out><![CDATA[16:18:51.215 [main] INFO sn.ept.git.seminaire.cicd.demo.E_FirstPrincipalTest - Something to do before each test
]]></system-out>
  </testcase>
  <testcase name="addShouldReturnTheSumOfPositiveNumbers" classname="sn.ept.git.seminaire.cicd.demo.E_FirstPrincipalTest$Fast" time="0">
    <system-out><![CDATA[16:18:51.215 [main] INFO sn.ept.git.seminaire.cicd.demo.E_FirstPrincipalTest - Something to do before each test
]]></system-out>
  </testcase>
  <testcase name="addShouldReturnTheSumOfPositiveNumbers" classname="sn.ept.git.seminaire.cicd.demo.E_FirstPrincipalTest$Fast" time="0">
    <system-out><![CDATA[16:18:51.231 [main] INFO sn.ept.git.seminaire.cicd.demo.E_FirstPrincipalTest - Something to do before each test
]]></system-out>
  </testcase>
  <testcase name="addShouldReturnTheSumOfPositiveNumbers" classname="sn.ept.git.seminaire.cicd.demo.E_FirstPrincipalTest$Fast" time="0">
    <system-out><![CDATA[16:18:51.231 [main] INFO sn.ept.git.seminaire.cicd.demo.E_FirstPrincipalTest - Something to do before each test
]]></system-out>
  </testcase>
  <testcase name="addShouldReturnTheSumOfPositiveNumbers" classname="sn.ept.git.seminaire.cicd.demo.E_FirstPrincipalTest$Fast" time="0">
    <system-out><![CDATA[16:18:51.231 [main] INFO sn.ept.git.seminaire.cicd.demo.E_FirstPrincipalTest - Something to do before each test
]]></system-out>
  </testcase>
  <testcase name="addShouldReturnTheSumOfPositiveNumbers" classname="sn.ept.git.seminaire.cicd.demo.E_FirstPrincipalTest$Fast" time="0">
    <system-out><![CDATA[16:18:51.231 [main] INFO sn.ept.git.seminaire.cicd.demo.E_FirstPrincipalTest - Something to do before each test
]]></system-out>
  </testcase>
  <testcase name="addShouldReturnTheSumOfPositiveNumbers" classname="sn.ept.git.seminaire.cicd.demo.E_FirstPrincipalTest$Fast" time="0">
    <system-out><![CDATA[16:18:51.231 [main] INFO sn.ept.git.seminaire.cicd.demo.E_FirstPrincipalTest - Something to do before each test
]]></system-out>
  </testcase>
  <testcase name="addShouldReturnTheSumOfPositiveNumbers" classname="sn.ept.git.seminaire.cicd.demo.E_FirstPrincipalTest$Fast" time="0">
    <system-out><![CDATA[16:18:51.231 [main] INFO sn.ept.git.seminaire.cicd.demo.E_FirstPrincipalTest - Something to do before each test
]]></system-out>
  </testcase>
  <testcase name="addShouldReturnTheSumOfPositiveNumbers" classname="sn.ept.git.seminaire.cicd.demo.E_FirstPrincipalTest$Fast" time="0.015">
    <system-out><![CDATA[16:18:51.231 [main] INFO sn.ept.git.seminaire.cicd.demo.E_FirstPrincipalTest - Something to do before each test
]]></system-out>
  </testcase>
  <testcase name="addShouldReturnTheSumOfPositiveNumbers" classname="sn.ept.git.seminaire.cicd.demo.E_FirstPrincipalTest$Fast" time="0">
    <system-out><![CDATA[16:18:51.246 [main] INFO sn.ept.git.seminaire.cicd.demo.E_FirstPrincipalTest - Something to do before each test
]]></system-out>
  </testcase>
  <testcase name="addShouldReturnTheSumOfPositiveNumbers" classname="sn.ept.git.seminaire.cicd.demo.E_FirstPrincipalTest$Fast" time="0">
    <system-out><![CDATA[16:18:51.246 [main] INFO sn.ept.git.seminaire.cicd.demo.E_FirstPrincipalTest - Something to do before each test
]]></system-out>
  </testcase>
  <testcase name="addShouldReturnTheSumOfPositiveNumbers" classname="sn.ept.git.seminaire.cicd.demo.E_FirstPrincipalTest$Fast" time="0">
    <system-out><![CDATA[16:18:51.246 [main] INFO sn.ept.git.seminaire.cicd.demo.E_FirstPrincipalTest - Something to do before each test
]]></system-out>
  </testcase>
  <testcase name="addShouldReturnTheSumOfPositiveNumbers" classname="sn.ept.git.seminaire.cicd.demo.E_FirstPrincipalTest$Fast" time="0">
    <system-out><![CDATA[16:18:51.246 [main] INFO sn.ept.git.seminaire.cicd.demo.E_FirstPrincipalTest - Something to do before each test
]]></system-out>
  </testcase>
  <testcase name="addShouldReturnTheSumOfPositiveNumbers" classname="sn.ept.git.seminaire.cicd.demo.E_FirstPrincipalTest$Fast" time="0">
    <system-out><![CDATA[16:18:51.246 [main] INFO sn.ept.git.seminaire.cicd.demo.E_FirstPrincipalTest - Something to do before each test
]]></system-out>
  </testcase>
  <testcase name="addShouldReturnTheSumOfPositiveNumbers" classname="sn.ept.git.seminaire.cicd.demo.E_FirstPrincipalTest$Fast" time="0">
    <system-out><![CDATA[16:18:51.246 [main] INFO sn.ept.git.seminaire.cicd.demo.E_FirstPrincipalTest - Something to do before each test
]]></system-out>
  </testcase>
  <testcase name="addShouldReturnTheSumOfPositiveNumbers" classname="sn.ept.git.seminaire.cicd.demo.E_FirstPrincipalTest$Fast" time="0.016">
    <system-out><![CDATA[16:18:51.262 [main] INFO sn.ept.git.seminaire.cicd.demo.E_FirstPrincipalTest - Something to do before each test
]]></system-out>
  </testcase>
  <testcase name="addShouldReturnTheSumOfPositiveNumbers" classname="sn.ept.git.seminaire.cicd.demo.E_FirstPrincipalTest$Fast" time="0">
    <system-out><![CDATA[16:18:51.262 [main] INFO sn.ept.git.seminaire.cicd.demo.E_FirstPrincipalTest - Something to do before each test
]]></system-out>
  </testcase>
  <testcase name="addShouldReturnTheSumOfPositiveNumbers" classname="sn.ept.git.seminaire.cicd.demo.E_FirstPrincipalTest$Fast" time="0">
    <system-out><![CDATA[16:18:51.262 [main] INFO sn.ept.git.seminaire.cicd.demo.E_FirstPrincipalTest - Something to do before each test
]]></system-out>
  </testcase>
  <testcase name="addShouldReturnTheSumOfPositiveNumbers" classname="sn.ept.git.seminaire.cicd.demo.E_FirstPrincipalTest$Fast" time="0">
    <system-out><![CDATA[16:18:51.262 [main] INFO sn.ept.git.seminaire.cicd.demo.E_FirstPrincipalTest - Something to do before each test
]]></system-out>
  </testcase>
  <testcase name="addShouldReturnTheSumOfPositiveNumbers" classname="sn.ept.git.seminaire.cicd.demo.E_FirstPrincipalTest$Fast" time="0">
    <system-out><![CDATA[16:18:51.262 [main] INFO sn.ept.git.seminaire.cicd.demo.E_FirstPrincipalTest - Something to do before each test
]]></system-out>
  </testcase>
  <testcase name="addShouldReturnTheSumOfPositiveNumbers" classname="sn.ept.git.seminaire.cicd.demo.E_FirstPrincipalTest$Fast" time="0">
    <system-out><![CDATA[16:18:51.262 [main] INFO sn.ept.git.seminaire.cicd.demo.E_FirstPrincipalTest - Something to do before each test
]]></system-out>
  </testcase>
  <testcase name="addShouldReturnTheSumOfPositiveNumbers" classname="sn.ept.git.seminaire.cicd.demo.E_FirstPrincipalTest$Fast" time="0">
    <system-out><![CDATA[16:18:51.277 [main] INFO sn.ept.git.seminaire.cicd.demo.E_FirstPrincipalTest - Something to do before each test
]]></system-out>
  </testcase>
  <testcase name="addShouldReturnTheSumOfPositiveNumbers" classname="sn.ept.git.seminaire.cicd.demo.E_FirstPrincipalTest$Fast" time="0">
    <system-out><![CDATA[16:18:51.277 [main] INFO sn.ept.git.seminaire.cicd.demo.E_FirstPrincipalTest - Something to do before each test
]]></system-out>
  </testcase>
  <testcase name="addShouldReturnTheSumOfPositiveNumbers" classname="sn.ept.git.seminaire.cicd.demo.E_FirstPrincipalTest$Fast" time="0">
    <system-out><![CDATA[16:18:51.277 [main] INFO sn.ept.git.seminaire.cicd.demo.E_FirstPrincipalTest - Something to do before each test
]]></system-out>
  </testcase>
  <testcase name="addShouldReturnTheSumOfPositiveNumbers" classname="sn.ept.git.seminaire.cicd.demo.E_FirstPrincipalTest$Fast" time="0">
    <system-out><![CDATA[16:18:51.277 [main] INFO sn.ept.git.seminaire.cicd.demo.E_FirstPrincipalTest - Something to do before each test
]]></system-out>
  </testcase>
  <testcase name="addShouldReturnTheSumOfPositiveNumbers" classname="sn.ept.git.seminaire.cicd.demo.E_FirstPrincipalTest$Fast" time="0">
    <system-out><![CDATA[16:18:51.277 [main] INFO sn.ept.git.seminaire.cicd.demo.E_FirstPrincipalTest - Something to do before each test
]]></system-out>
  </testcase>
  <testcase name="addShouldReturnTheSumOfPositiveNumbers" classname="sn.ept.git.seminaire.cicd.demo.E_FirstPrincipalTest$Fast" time="0">
    <system-out><![CDATA[16:18:51.277 [main] INFO sn.ept.git.seminaire.cicd.demo.E_FirstPrincipalTest - Something to do before each test
]]></system-out>
  </testcase>
  <testcase name="addShouldReturnTheSumOfPositiveNumbers" classname="sn.ept.git.seminaire.cicd.demo.E_FirstPrincipalTest$Fast" time="0">
    <system-out><![CDATA[16:18:51.277 [main] INFO sn.ept.git.seminaire.cicd.demo.E_FirstPrincipalTest - Something to do before each test
]]></system-out>
  </testcase>
  <testcase name="addShouldReturnTheSumOfPositiveNumbers" classname="sn.ept.git.seminaire.cicd.demo.E_FirstPrincipalTest$Fast" time="0">
    <system-out><![CDATA[16:18:51.277 [main] INFO sn.ept.git.seminaire.cicd.demo.E_FirstPrincipalTest - Something to do before each test
]]></system-out>
  </testcase>
  <testcase name="addShouldReturnTheSumOfPositiveNumbers" classname="sn.ept.git.seminaire.cicd.demo.E_FirstPrincipalTest$Fast" time="0">
    <system-out><![CDATA[16:18:51.293 [main] INFO sn.ept.git.seminaire.cicd.demo.E_FirstPrincipalTest - Something to do before each test
]]></system-out>
  </testcase>
  <testcase name="addShouldReturnTheSumOfPositiveNumbers" classname="sn.ept.git.seminaire.cicd.demo.E_FirstPrincipalTest$Fast" time="0">
    <system-out><![CDATA[16:18:51.293 [main] INFO sn.ept.git.seminaire.cicd.demo.E_FirstPrincipalTest - Something to do before each test
]]></system-out>
  </testcase>
  <testcase name="addShouldReturnTheSumOfPositiveNumbers" classname="sn.ept.git.seminaire.cicd.demo.E_FirstPrincipalTest$Fast" time="0">
    <system-out><![CDATA[16:18:51.293 [main] INFO sn.ept.git.seminaire.cicd.demo.E_FirstPrincipalTest - Something to do before each test
]]></system-out>
  </testcase>
  <testcase name="addShouldReturnTheSumOfPositiveNumbers" classname="sn.ept.git.seminaire.cicd.demo.E_FirstPrincipalTest$Fast" time="0">
    <system-out><![CDATA[16:18:51.293 [main] INFO sn.ept.git.seminaire.cicd.demo.E_FirstPrincipalTest - Something to do before each test
]]></system-out>
  </testcase>
  <testcase name="addShouldReturnTheSumOfPositiveNumbers" classname="sn.ept.git.seminaire.cicd.demo.E_FirstPrincipalTest$Fast" time="0">
    <system-out><![CDATA[16:18:51.309 [main] INFO sn.ept.git.seminaire.cicd.demo.E_FirstPrincipalTest - Something to do before each test
]]></system-out>
  </testcase>
  <testcase name="addShouldReturnTheSumOfPositiveNumbers" classname="sn.ept.git.seminaire.cicd.demo.E_FirstPrincipalTest$Fast" time="0">
    <system-out><![CDATA[16:18:51.309 [main] INFO sn.ept.git.seminaire.cicd.demo.E_FirstPrincipalTest - Something to do before each test
]]></system-out>
  </testcase>
  <testcase name="addShouldReturnTheSumOfPositiveNumbers" classname="sn.ept.git.seminaire.cicd.demo.E_FirstPrincipalTest$Fast" time="0">
    <system-out><![CDATA[16:18:51.309 [main] INFO sn.ept.git.seminaire.cicd.demo.E_FirstPrincipalTest - Something to do before each test
]]></system-out>
  </testcase>
  <testcase name="addShouldReturnTheSumOfPositiveNumbers" classname="sn.ept.git.seminaire.cicd.demo.E_FirstPrincipalTest$Fast" time="0">
    <system-out><![CDATA[16:18:51.309 [main] INFO sn.ept.git.seminaire.cicd.demo.E_FirstPrincipalTest - Something to do before each test
]]></system-out>
  </testcase>
  <testcase name="addShouldReturnTheSumOfPositiveNumbers" classname="sn.ept.git.seminaire.cicd.demo.E_FirstPrincipalTest$Fast" time="0">
    <system-out><![CDATA[16:18:51.309 [main] INFO sn.ept.git.seminaire.cicd.demo.E_FirstPrincipalTest - Something to do before each test
]]></system-out>
  </testcase>
  <testcase name="addShouldReturnTheSumOfPositiveNumbers" classname="sn.ept.git.seminaire.cicd.demo.E_FirstPrincipalTest$Fast" time="0">
    <system-out><![CDATA[16:18:51.309 [main] INFO sn.ept.git.seminaire.cicd.demo.E_FirstPrincipalTest - Something to do before each test
]]></system-out>
  </testcase>
  <testcase name="addShouldReturnTheSumOfPositiveNumbers" classname="sn.ept.git.seminaire.cicd.demo.E_FirstPrincipalTest$Fast" time="0">
    <system-out><![CDATA[16:18:51.309 [main] INFO sn.ept.git.seminaire.cicd.demo.E_FirstPrincipalTest - Something to do before each test
]]></system-out>
  </testcase>
  <testcase name="addShouldReturnTheSumOfPositiveNumbers" classname="sn.ept.git.seminaire.cicd.demo.E_FirstPrincipalTest$Fast" time="0">
    <system-out><![CDATA[16:18:51.309 [main] INFO sn.ept.git.seminaire.cicd.demo.E_FirstPrincipalTest - Something to do before each test
]]></system-out>
  </testcase>
  <testcase name="addShouldReturnTheSumOfPositiveNumbers" classname="sn.ept.git.seminaire.cicd.demo.E_FirstPrincipalTest$Fast" time="0">
    <system-out><![CDATA[16:18:51.324 [main] INFO sn.ept.git.seminaire.cicd.demo.E_FirstPrincipalTest - Something to do before each test
]]></system-out>
  </testcase>
  <testcase name="addShouldReturnTheSumOfPositiveNumbers" classname="sn.ept.git.seminaire.cicd.demo.E_FirstPrincipalTest$Fast" time="0">
    <system-out><![CDATA[16:18:51.324 [main] INFO sn.ept.git.seminaire.cicd.demo.E_FirstPrincipalTest - Something to do before each test
]]></system-out>
  </testcase>
  <testcase name="addShouldReturnTheSumOfPositiveNumbers" classname="sn.ept.git.seminaire.cicd.demo.E_FirstPrincipalTest$Fast" time="0">
    <system-out><![CDATA[16:18:51.324 [main] INFO sn.ept.git.seminaire.cicd.demo.E_FirstPrincipalTest - Something to do before each test
]]></system-out>
  </testcase>
  <testcase name="addShouldReturnTheSumOfPositiveNumbers" classname="sn.ept.git.seminaire.cicd.demo.E_FirstPrincipalTest$Fast" time="0">
    <system-out><![CDATA[16:18:51.324 [main] INFO sn.ept.git.seminaire.cicd.demo.E_FirstPrincipalTest - Something to do before each test
]]></system-out>
  </testcase>
  <testcase name="addShouldReturnTheSumOfPositiveNumbers" classname="sn.ept.git.seminaire.cicd.demo.E_FirstPrincipalTest$Fast" time="0">
    <system-out><![CDATA[16:18:51.324 [main] INFO sn.ept.git.seminaire.cicd.demo.E_FirstPrincipalTest - Something to do before each test
]]></system-out>
  </testcase>
  <testcase name="addShouldReturnTheSumOfPositiveNumbers" classname="sn.ept.git.seminaire.cicd.demo.E_FirstPrincipalTest$Fast" time="0">
    <system-out><![CDATA[16:18:51.324 [main] INFO sn.ept.git.seminaire.cicd.demo.E_FirstPrincipalTest - Something to do before each test
]]></system-out>
  </testcase>
  <testcase name="addShouldReturnTheSumOfPositiveNumbers" classname="sn.ept.git.seminaire.cicd.demo.E_FirstPrincipalTest$Fast" time="0">
    <system-out><![CDATA[16:18:51.324 [main] INFO sn.ept.git.seminaire.cicd.demo.E_FirstPrincipalTest - Something to do before each test
]]></system-out>
  </testcase>
  <testcase name="addShouldReturnTheSumOfPositiveNumbers" classname="sn.ept.git.seminaire.cicd.demo.E_FirstPrincipalTest$Fast" time="0">
    <system-out><![CDATA[16:18:51.324 [main] INFO sn.ept.git.seminaire.cicd.demo.E_FirstPrincipalTest - Something to do before each test
]]></system-out>
  </testcase>
  <testcase name="addShouldReturnTheSumOfPositiveNumbers" classname="sn.ept.git.seminaire.cicd.demo.E_FirstPrincipalTest$Fast" time="0">
    <system-out><![CDATA[16:18:51.340 [main] INFO sn.ept.git.seminaire.cicd.demo.E_FirstPrincipalTest - Something to do before each test
]]></system-out>
  </testcase>
  <testcase name="addShouldReturnTheSumOfPositiveNumbers" classname="sn.ept.git.seminaire.cicd.demo.E_FirstPrincipalTest$Fast" time="0">
    <system-out><![CDATA[16:18:51.340 [main] INFO sn.ept.git.seminaire.cicd.demo.E_FirstPrincipalTest - Something to do before each test
]]></system-out>
  </testcase>
  <testcase name="addShouldReturnTheSumOfPositiveNumbers" classname="sn.ept.git.seminaire.cicd.demo.E_FirstPrincipalTest$Fast" time="0">
    <system-out><![CDATA[16:18:51.340 [main] INFO sn.ept.git.seminaire.cicd.demo.E_FirstPrincipalTest - Something to do before each test
]]></system-out>
  </testcase>
  <testcase name="addShouldReturnTheSumOfPositiveNumbers" classname="sn.ept.git.seminaire.cicd.demo.E_FirstPrincipalTest$Fast" time="0">
    <system-out><![CDATA[16:18:51.340 [main] INFO sn.ept.git.seminaire.cicd.demo.E_FirstPrincipalTest - Something to do before each test
]]></system-out>
  </testcase>
  <testcase name="addShouldReturnTheSumOfPositiveNumbers" classname="sn.ept.git.seminaire.cicd.demo.E_FirstPrincipalTest$Fast" time="0">
    <system-out><![CDATA[16:18:51.340 [main] INFO sn.ept.git.seminaire.cicd.demo.E_FirstPrincipalTest - Something to do before each test
]]></system-out>
  </testcase>
  <testcase name="addShouldReturnTheSumOfPositiveNumbers" classname="sn.ept.git.seminaire.cicd.demo.E_FirstPrincipalTest$Fast" time="0">
    <system-out><![CDATA[16:18:51.340 [main] INFO sn.ept.git.seminaire.cicd.demo.E_FirstPrincipalTest - Something to do before each test
]]></system-out>
  </testcase>
  <testcase name="addShouldReturnTheSumOfPositiveNumbers" classname="sn.ept.git.seminaire.cicd.demo.E_FirstPrincipalTest$Fast" time="0">
    <system-out><![CDATA[16:18:51.340 [main] INFO sn.ept.git.seminaire.cicd.demo.E_FirstPrincipalTest - Something to do before each test
]]></system-out>
  </testcase>
  <testcase name="addShouldReturnTheSumOfPositiveNumbers" classname="sn.ept.git.seminaire.cicd.demo.E_FirstPrincipalTest$Fast" time="0">
    <system-out><![CDATA[16:18:51.340 [main] INFO sn.ept.git.seminaire.cicd.demo.E_FirstPrincipalTest - Something to do before each test
]]></system-out>
  </testcase>
  <testcase name="addShouldReturnTheSumOfPositiveNumbers" classname="sn.ept.git.seminaire.cicd.demo.E_FirstPrincipalTest$Fast" time="0">
    <system-out><![CDATA[16:18:51.340 [main] INFO sn.ept.git.seminaire.cicd.demo.E_FirstPrincipalTest - Something to do before each test
]]></system-out>
  </testcase>
  <testcase name="addShouldReturnTheSumOfPositiveNumbers" classname="sn.ept.git.seminaire.cicd.demo.E_FirstPrincipalTest$Fast" time="0">
    <system-out><![CDATA[16:18:51.356 [main] INFO sn.ept.git.seminaire.cicd.demo.E_FirstPrincipalTest - Something to do before each test
]]></system-out>
  </testcase>
  <testcase name="addShouldReturnTheSumOfPositiveNumbers" classname="sn.ept.git.seminaire.cicd.demo.E_FirstPrincipalTest$Fast" time="0">
    <system-out><![CDATA[16:18:51.356 [main] INFO sn.ept.git.seminaire.cicd.demo.E_FirstPrincipalTest - Something to do before each test
]]></system-out>
  </testcase>
  <testcase name="addShouldReturnTheSumOfPositiveNumbers" classname="sn.ept.git.seminaire.cicd.demo.E_FirstPrincipalTest$Fast" time="0">
    <system-out><![CDATA[16:18:51.356 [main] INFO sn.ept.git.seminaire.cicd.demo.E_FirstPrincipalTest - Something to do before each test
]]></system-out>
  </testcase>
  <testcase name="addShouldReturnTheSumOfPositiveNumbers" classname="sn.ept.git.seminaire.cicd.demo.E_FirstPrincipalTest$Fast" time="0">
    <system-out><![CDATA[16:18:51.356 [main] INFO sn.ept.git.seminaire.cicd.demo.E_FirstPrincipalTest - Something to do before each test
]]></system-out>
  </testcase>
  <testcase name="addShouldReturnTheSumOfPositiveNumbers" classname="sn.ept.git.seminaire.cicd.demo.E_FirstPrincipalTest$Fast" time="0">
    <system-out><![CDATA[16:18:51.356 [main] INFO sn.ept.git.seminaire.cicd.demo.E_FirstPrincipalTest - Something to do before each test
]]></system-out>
  </testcase>
  <testcase name="addShouldReturnTheSumOfPositiveNumbers" classname="sn.ept.git.seminaire.cicd.demo.E_FirstPrincipalTest$Fast" time="0">
    <system-out><![CDATA[16:18:51.356 [main] INFO sn.ept.git.seminaire.cicd.demo.E_FirstPrincipalTest - Something to do before each test
]]></system-out>
  </testcase>
  <testcase name="addShouldReturnTheSumOfPositiveNumbers" classname="sn.ept.git.seminaire.cicd.demo.E_FirstPrincipalTest$Fast" time="0">
    <system-out><![CDATA[16:18:51.356 [main] INFO sn.ept.git.seminaire.cicd.demo.E_FirstPrincipalTest - Something to do before each test
]]></system-out>
  </testcase>
  <testcase name="addShouldReturnTheSumOfPositiveNumbers" classname="sn.ept.git.seminaire.cicd.demo.E_FirstPrincipalTest$Fast" time="0">
    <system-out><![CDATA[16:18:51.356 [main] INFO sn.ept.git.seminaire.cicd.demo.E_FirstPrincipalTest - Something to do before each test
]]></system-out>
  </testcase>
  <testcase name="addShouldReturnTheSumOfPositiveNumbers" classname="sn.ept.git.seminaire.cicd.demo.E_FirstPrincipalTest$Fast" time="0">
    <system-out><![CDATA[16:18:51.371 [main] INFO sn.ept.git.seminaire.cicd.demo.E_FirstPrincipalTest - Something to do before each test
]]></system-out>
  </testcase>
  <testcase name="addShouldReturnTheSumOfPositiveNumbers" classname="sn.ept.git.seminaire.cicd.demo.E_FirstPrincipalTest$Fast" time="0">
    <system-out><![CDATA[16:18:51.371 [main] INFO sn.ept.git.seminaire.cicd.demo.E_FirstPrincipalTest - Something to do before each test
]]></system-out>
  </testcase>
  <testcase name="addShouldReturnTheSumOfPositiveNumbers" classname="sn.ept.git.seminaire.cicd.demo.E_FirstPrincipalTest$Fast" time="0">
    <system-out><![CDATA[16:18:51.371 [main] INFO sn.ept.git.seminaire.cicd.demo.E_FirstPrincipalTest - Something to do before each test
]]></system-out>
  </testcase>
  <testcase name="addShouldReturnTheSumOfPositiveNumbers" classname="sn.ept.git.seminaire.cicd.demo.E_FirstPrincipalTest$Fast" time="0">
    <system-out><![CDATA[16:18:51.371 [main] INFO sn.ept.git.seminaire.cicd.demo.E_FirstPrincipalTest - Something to do before each test
]]></system-out>
  </testcase>
  <testcase name="addShouldReturnTheSumOfPositiveNumbers" classname="sn.ept.git.seminaire.cicd.demo.E_FirstPrincipalTest$Fast" time="0">
    <system-out><![CDATA[16:18:51.371 [main] INFO sn.ept.git.seminaire.cicd.demo.E_FirstPrincipalTest - Something to do before each test
]]></system-out>
  </testcase>
  <testcase name="addShouldReturnTheSumOfPositiveNumbers" classname="sn.ept.git.seminaire.cicd.demo.E_FirstPrincipalTest$Fast" time="0">
    <system-out><![CDATA[16:18:51.371 [main] INFO sn.ept.git.seminaire.cicd.demo.E_FirstPrincipalTest - Something to do before each test
]]></system-out>
  </testcase>
  <testcase name="addShouldReturnTheSumOfPositiveNumbers" classname="sn.ept.git.seminaire.cicd.demo.E_FirstPrincipalTest$Fast" time="0">
    <system-out><![CDATA[16:18:51.371 [main] INFO sn.ept.git.seminaire.cicd.demo.E_FirstPrincipalTest - Something to do before each test
]]></system-out>
  </testcase>
  <testcase name="addShouldReturnTheSumOfPositiveNumbers" classname="sn.ept.git.seminaire.cicd.demo.E_FirstPrincipalTest$Fast" time="0">
    <system-out><![CDATA[16:18:51.371 [main] INFO sn.ept.git.seminaire.cicd.demo.E_FirstPrincipalTest - Something to do before each test
]]></system-out>
  </testcase>
  <testcase name="addShouldReturnTheSumOfPositiveNumbers" classname="sn.ept.git.seminaire.cicd.demo.E_FirstPrincipalTest$Fast" time="0">
    <system-out><![CDATA[16:18:51.371 [main] INFO sn.ept.git.seminaire.cicd.demo.E_FirstPrincipalTest - Something to do before each test
]]></system-out>
  </testcase>
  <testcase name="addShouldReturnTheSumOfPositiveNumbers" classname="sn.ept.git.seminaire.cicd.demo.E_FirstPrincipalTest$Fast" time="0">
    <system-out><![CDATA[16:18:51.387 [main] INFO sn.ept.git.seminaire.cicd.demo.E_FirstPrincipalTest - Something to do before each test
]]></system-out>
  </testcase>
  <testcase name="addShouldReturnTheSumOfPositiveNumbers" classname="sn.ept.git.seminaire.cicd.demo.E_FirstPrincipalTest$Fast" time="0">
    <system-out><![CDATA[16:18:51.387 [main] INFO sn.ept.git.seminaire.cicd.demo.E_FirstPrincipalTest - Something to do before each test
]]></system-out>
  </testcase>
  <testcase name="addShouldReturnTheSumOfPositiveNumbers" classname="sn.ept.git.seminaire.cicd.demo.E_FirstPrincipalTest$Fast" time="0">
    <system-out><![CDATA[16:18:51.387 [main] INFO sn.ept.git.seminaire.cicd.demo.E_FirstPrincipalTest - Something to do before each test
]]></system-out>
  </testcase>
  <testcase name="addShouldReturnTheSumOfPositiveNumbers" classname="sn.ept.git.seminaire.cicd.demo.E_FirstPrincipalTest$Fast" time="0">
    <system-out><![CDATA[16:18:51.387 [main] INFO sn.ept.git.seminaire.cicd.demo.E_FirstPrincipalTest - Something to do before each test
]]></system-out>
  </testcase>
  <testcase name="addShouldReturnTheSumOfPositiveNumbers" classname="sn.ept.git.seminaire.cicd.demo.E_FirstPrincipalTest$Fast" time="0">
    <system-out><![CDATA[16:18:51.387 [main] INFO sn.ept.git.seminaire.cicd.demo.E_FirstPrincipalTest - Something to do before each test
]]></system-out>
  </testcase>
  <testcase name="addShouldReturnTheSumOfPositiveNumbers" classname="sn.ept.git.seminaire.cicd.demo.E_FirstPrincipalTest$Fast" time="0">
    <system-out><![CDATA[16:18:51.387 [main] INFO sn.ept.git.seminaire.cicd.demo.E_FirstPrincipalTest - Something to do before each test
]]></system-out>
  </testcase>
  <testcase name="addShouldReturnTheSumOfPositiveNumbers" classname="sn.ept.git.seminaire.cicd.demo.E_FirstPrincipalTest$Fast" time="0.015">
    <system-out><![CDATA[16:18:51.387 [main] INFO sn.ept.git.seminaire.cicd.demo.E_FirstPrincipalTest - Something to do before each test
]]></system-out>
  </testcase>
  <testcase name="addShouldReturnTheSumOfPositiveNumbers" classname="sn.ept.git.seminaire.cicd.demo.E_FirstPrincipalTest$Fast" time="0">
    <system-out><![CDATA[16:18:51.402 [main] INFO sn.ept.git.seminaire.cicd.demo.E_FirstPrincipalTest - Something to do before each test
]]></system-out>
  </testcase>
  <testcase name="addShouldReturnTheSumOfPositiveNumbers" classname="sn.ept.git.seminaire.cicd.demo.E_FirstPrincipalTest$Fast" time="0">
    <system-out><![CDATA[16:18:51.402 [main] INFO sn.ept.git.seminaire.cicd.demo.E_FirstPrincipalTest - Something to do before each test
]]></system-out>
  </testcase>
  <testcase name="addShouldReturnTheSumOfPositiveNumbers" classname="sn.ept.git.seminaire.cicd.demo.E_FirstPrincipalTest$Fast" time="0">
    <system-out><![CDATA[16:18:51.402 [main] INFO sn.ept.git.seminaire.cicd.demo.E_FirstPrincipalTest - Something to do before each test
]]></system-out>
  </testcase>
  <testcase name="addShouldReturnTheSumOfPositiveNumbers" classname="sn.ept.git.seminaire.cicd.demo.E_FirstPrincipalTest$Fast" time="0">
    <system-out><![CDATA[16:18:51.402 [main] INFO sn.ept.git.seminaire.cicd.demo.E_FirstPrincipalTest - Something to do before each test
]]></system-out>
  </testcase>
  <testcase name="addShouldReturnTheSumOfPositiveNumbers" classname="sn.ept.git.seminaire.cicd.demo.E_FirstPrincipalTest$Fast" time="0">
    <system-out><![CDATA[16:18:51.402 [main] INFO sn.ept.git.seminaire.cicd.demo.E_FirstPrincipalTest - Something to do before each test
]]></system-out>
  </testcase>
  <testcase name="addShouldReturnTheSumOfPositiveNumbers" classname="sn.ept.git.seminaire.cicd.demo.E_FirstPrincipalTest$Fast" time="0">
    <system-out><![CDATA[16:18:51.402 [main] INFO sn.ept.git.seminaire.cicd.demo.E_FirstPrincipalTest - Something to do before each test
]]></system-out>
  </testcase>
  <testcase name="addShouldReturnTheSumOfPositiveNumbers" classname="sn.ept.git.seminaire.cicd.demo.E_FirstPrincipalTest$Fast" time="0">
    <system-out><![CDATA[16:18:51.402 [main] INFO sn.ept.git.seminaire.cicd.demo.E_FirstPrincipalTest - Something to do before each test
]]></system-out>
  </testcase>
  <testcase name="addShouldReturnTheSumOfPositiveNumbers" classname="sn.ept.git.seminaire.cicd.demo.E_FirstPrincipalTest$Fast" time="0">
    <system-out><![CDATA[16:18:51.402 [main] INFO sn.ept.git.seminaire.cicd.demo.E_FirstPrincipalTest - Something to do before each test
]]></system-out>
  </testcase>
  <testcase name="addShouldReturnTheSumOfPositiveNumbers" classname="sn.ept.git.seminaire.cicd.demo.E_FirstPrincipalTest$Fast" time="0">
    <system-out><![CDATA[16:18:51.418 [main] INFO sn.ept.git.seminaire.cicd.demo.E_FirstPrincipalTest - Something to do before each test
]]></system-out>
  </testcase>
  <testcase name="addShouldReturnTheSumOfPositiveNumbers" classname="sn.ept.git.seminaire.cicd.demo.E_FirstPrincipalTest$Fast" time="0">
    <system-out><![CDATA[16:18:51.418 [main] INFO sn.ept.git.seminaire.cicd.demo.E_FirstPrincipalTest - Something to do before each test
]]></system-out>
  </testcase>
  <testcase name="addShouldReturnTheSumOfPositiveNumbers" classname="sn.ept.git.seminaire.cicd.demo.E_FirstPrincipalTest$Fast" time="0">
    <system-out><![CDATA[16:18:51.418 [main] INFO sn.ept.git.seminaire.cicd.demo.E_FirstPrincipalTest - Something to do before each test
]]></system-out>
  </testcase>
  <testcase name="addShouldReturnTheSumOfPositiveNumbers" classname="sn.ept.git.seminaire.cicd.demo.E_FirstPrincipalTest$Fast" time="0">
    <system-out><![CDATA[16:18:51.418 [main] INFO sn.ept.git.seminaire.cicd.demo.E_FirstPrincipalTest - Something to do before each test
]]></system-out>
  </testcase>
  <testcase name="addShouldReturnTheSumOfPositiveNumbers" classname="sn.ept.git.seminaire.cicd.demo.E_FirstPrincipalTest$Fast" time="0">
    <system-out><![CDATA[16:18:51.418 [main] INFO sn.ept.git.seminaire.cicd.demo.E_FirstPrincipalTest - Something to do before each test
]]></system-out>
  </testcase>
  <testcase name="addShouldReturnTheSumOfPositiveNumbers" classname="sn.ept.git.seminaire.cicd.demo.E_FirstPrincipalTest$Fast" time="0">
    <system-out><![CDATA[16:18:51.418 [main] INFO sn.ept.git.seminaire.cicd.demo.E_FirstPrincipalTest - Something to do before each test
]]></system-out>
  </testcase>
  <testcase name="addShouldReturnTheSumOfPositiveNumbers" classname="sn.ept.git.seminaire.cicd.demo.E_FirstPrincipalTest$Fast" time="0">
    <system-out><![CDATA[16:18:51.418 [main] INFO sn.ept.git.seminaire.cicd.demo.E_FirstPrincipalTest - Something to do before each test
]]></system-out>
  </testcase>
  <testcase name="addShouldReturnTheSumOfPositiveNumbers" classname="sn.ept.git.seminaire.cicd.demo.E_FirstPrincipalTest$Fast" time="0">
    <system-out><![CDATA[16:18:51.418 [main] INFO sn.ept.git.seminaire.cicd.demo.E_FirstPrincipalTest - Something to do before each test
]]></system-out>
  </testcase>
  <testcase name="addShouldReturnTheSumOfPositiveNumbers" classname="sn.ept.git.seminaire.cicd.demo.E_FirstPrincipalTest$Fast" time="0.016">
    <system-out><![CDATA[16:18:51.434 [main] INFO sn.ept.git.seminaire.cicd.demo.E_FirstPrincipalTest - Something to do before each test
]]></system-out>
  </testcase>
  <testcase name="addShouldReturnTheSumOfPositiveNumbers" classname="sn.ept.git.seminaire.cicd.demo.E_FirstPrincipalTest$Fast" time="0">
    <system-out><![CDATA[16:18:51.434 [main] INFO sn.ept.git.seminaire.cicd.demo.E_FirstPrincipalTest - Something to do before each test
]]></system-out>
  </testcase>
  <testcase name="addShouldReturnTheSumOfPositiveNumbers" classname="sn.ept.git.seminaire.cicd.demo.E_FirstPrincipalTest$Fast" time="0">
    <system-out><![CDATA[16:18:51.434 [main] INFO sn.ept.git.seminaire.cicd.demo.E_FirstPrincipalTest - Something to do before each test
]]></system-out>
  </testcase>
  <testcase name="addShouldReturnTheSumOfPositiveNumbers" classname="sn.ept.git.seminaire.cicd.demo.E_FirstPrincipalTest$Fast" time="0">
    <system-out><![CDATA[16:18:51.434 [main] INFO sn.ept.git.seminaire.cicd.demo.E_FirstPrincipalTest - Something to do before each test
]]></system-out>
  </testcase>
  <testcase name="addShouldReturnTheSumOfPositiveNumbers" classname="sn.ept.git.seminaire.cicd.demo.E_FirstPrincipalTest$Fast" time="0">
    <system-out><![CDATA[16:18:51.434 [main] INFO sn.ept.git.seminaire.cicd.demo.E_FirstPrincipalTest - Something to do before each test
]]></system-out>
  </testcase>
  <testcase name="addShouldReturnTheSumOfPositiveNumbers" classname="sn.ept.git.seminaire.cicd.demo.E_FirstPrincipalTest$Fast" time="0">
    <system-out><![CDATA[16:18:51.434 [main] INFO sn.ept.git.seminaire.cicd.demo.E_FirstPrincipalTest - Something to do before each test
]]></system-out>
  </testcase>
  <testcase name="addShouldReturnTheSumOfPositiveNumbers" classname="sn.ept.git.seminaire.cicd.demo.E_FirstPrincipalTest$Fast" time="0">
    <system-out><![CDATA[16:18:51.434 [main] INFO sn.ept.git.seminaire.cicd.demo.E_FirstPrincipalTest - Something to do before each test
]]></system-out>
  </testcase>
  <testcase name="addShouldReturnTheSumOfPositiveNumbers" classname="sn.ept.git.seminaire.cicd.demo.E_FirstPrincipalTest$Fast" time="0">
    <system-out><![CDATA[16:18:51.434 [main] INFO sn.ept.git.seminaire.cicd.demo.E_FirstPrincipalTest - Something to do before each test
]]></system-out>
  </testcase>
  <testcase name="addShouldReturnTheSumOfPositiveNumbers" classname="sn.ept.git.seminaire.cicd.demo.E_FirstPrincipalTest$Fast" time="0">
    <system-out><![CDATA[16:18:51.434 [main] INFO sn.ept.git.seminaire.cicd.demo.E_FirstPrincipalTest - Something to do before each test
]]></system-out>
  </testcase>
  <testcase name="addShouldReturnTheSumOfPositiveNumbers" classname="sn.ept.git.seminaire.cicd.demo.E_FirstPrincipalTest$Fast" time="0">
    <system-out><![CDATA[16:18:51.434 [main] INFO sn.ept.git.seminaire.cicd.demo.E_FirstPrincipalTest - Something to do before each test
]]></system-out>
  </testcase>
  <testcase name="addShouldReturnTheSumOfPositiveNumbers" classname="sn.ept.git.seminaire.cicd.demo.E_FirstPrincipalTest$Fast" time="0">
    <system-out><![CDATA[16:18:51.449 [main] INFO sn.ept.git.seminaire.cicd.demo.E_FirstPrincipalTest - Something to do before each test
]]></system-out>
  </testcase>
  <testcase name="addShouldReturnTheSumOfPositiveNumbers" classname="sn.ept.git.seminaire.cicd.demo.E_FirstPrincipalTest$Fast" time="0">
    <system-out><![CDATA[16:18:51.449 [main] INFO sn.ept.git.seminaire.cicd.demo.E_FirstPrincipalTest - Something to do before each test
]]></system-out>
  </testcase>
  <testcase name="addShouldReturnTheSumOfPositiveNumbers" classname="sn.ept.git.seminaire.cicd.demo.E_FirstPrincipalTest$Fast" time="0">
    <system-out><![CDATA[16:18:51.449 [main] INFO sn.ept.git.seminaire.cicd.demo.E_FirstPrincipalTest - Something to do before each test
]]></system-out>
  </testcase>
  <testcase name="addShouldReturnTheSumOfPositiveNumbers" classname="sn.ept.git.seminaire.cicd.demo.E_FirstPrincipalTest$Fast" time="0">
    <system-out><![CDATA[16:18:51.449 [main] INFO sn.ept.git.seminaire.cicd.demo.E_FirstPrincipalTest - Something to do before each test
]]></system-out>
  </testcase>
  <testcase name="addShouldReturnTheSumOfPositiveNumbers" classname="sn.ept.git.seminaire.cicd.demo.E_FirstPrincipalTest$Fast" time="0">
    <system-out><![CDATA[16:18:51.449 [main] INFO sn.ept.git.seminaire.cicd.demo.E_FirstPrincipalTest - Something to do before each test
]]></system-out>
  </testcase>
  <testcase name="addShouldReturnTheSumOfPositiveNumbers" classname="sn.ept.git.seminaire.cicd.demo.E_FirstPrincipalTest$Fast" time="0">
    <system-out><![CDATA[16:18:51.449 [main] INFO sn.ept.git.seminaire.cicd.demo.E_FirstPrincipalTest - Something to do before each test
]]></system-out>
  </testcase>
  <testcase name="addShouldReturnTheSumOfPositiveNumbers" classname="sn.ept.git.seminaire.cicd.demo.E_FirstPrincipalTest$Fast" time="0.016">
    <system-out><![CDATA[16:18:51.465 [main] INFO sn.ept.git.seminaire.cicd.demo.E_FirstPrincipalTest - Something to do before each test
]]></system-out>
  </testcase>
  <testcase name="addShouldReturnTheSumOfPositiveNumbers" classname="sn.ept.git.seminaire.cicd.demo.E_FirstPrincipalTest$Fast" time="0">
    <system-out><![CDATA[16:18:51.465 [main] INFO sn.ept.git.seminaire.cicd.demo.E_FirstPrincipalTest - Something to do before each test
]]></system-out>
  </testcase>
  <testcase name="addShouldReturnTheSumOfPositiveNumbers" classname="sn.ept.git.seminaire.cicd.demo.E_FirstPrincipalTest$Fast" time="0">
    <system-out><![CDATA[16:18:51.465 [main] INFO sn.ept.git.seminaire.cicd.demo.E_FirstPrincipalTest - Something to do before each test
]]></system-out>
  </testcase>
  <testcase name="addShouldReturnTheSumOfPositiveNumbers" classname="sn.ept.git.seminaire.cicd.demo.E_FirstPrincipalTest$Fast" time="0">
    <system-out><![CDATA[16:18:51.465 [main] INFO sn.ept.git.seminaire.cicd.demo.E_FirstPrincipalTest - Something to do before each test
]]></system-out>
  </testcase>
  <testcase name="addShouldReturnTheSumOfPositiveNumbers" classname="sn.ept.git.seminaire.cicd.demo.E_FirstPrincipalTest$Fast" time="0">
    <system-out><![CDATA[16:18:51.465 [main] INFO sn.ept.git.seminaire.cicd.demo.E_FirstPrincipalTest - Something to do before each test
]]></system-out>
  </testcase>
  <testcase name="addShouldReturnTheSumOfPositiveNumbers" classname="sn.ept.git.seminaire.cicd.demo.E_FirstPrincipalTest$Fast" time="0">
    <system-out><![CDATA[16:18:51.465 [main] INFO sn.ept.git.seminaire.cicd.demo.E_FirstPrincipalTest - Something to do before each test
]]></system-out>
  </testcase>
  <testcase name="addShouldReturnTheSumOfPositiveNumbers" classname="sn.ept.git.seminaire.cicd.demo.E_FirstPrincipalTest$Fast" time="0">
    <system-out><![CDATA[16:18:51.465 [main] INFO sn.ept.git.seminaire.cicd.demo.E_FirstPrincipalTest - Something to do before each test
]]></system-out>
  </testcase>
  <testcase name="addShouldReturnTheSumOfPositiveNumbers" classname="sn.ept.git.seminaire.cicd.demo.E_FirstPrincipalTest$Fast" time="0">
    <system-out><![CDATA[16:18:51.465 [main] INFO sn.ept.git.seminaire.cicd.demo.E_FirstPrincipalTest - Something to do before each test
]]></system-out>
  </testcase>
  <testcase name="addShouldReturnTheSumOfPositiveNumbers" classname="sn.ept.git.seminaire.cicd.demo.E_FirstPrincipalTest$Fast" time="0.001">
    <system-out><![CDATA[16:18:51.478 [main] INFO sn.ept.git.seminaire.cicd.demo.E_FirstPrincipalTest - Something to do before each test
]]></system-out>
  </testcase>
  <testcase name="addShouldReturnTheSumOfPositiveNumbers" classname="sn.ept.git.seminaire.cicd.demo.E_FirstPrincipalTest$Fast" time="0.001">
    <system-out><![CDATA[16:18:51.480 [main] INFO sn.ept.git.seminaire.cicd.demo.E_FirstPrincipalTest - Something to do before each test
]]></system-out>
  </testcase>
  <testcase name="addShouldReturnTheSumOfPositiveNumbers" classname="sn.ept.git.seminaire.cicd.demo.E_FirstPrincipalTest$Fast" time="0.001">
    <system-out><![CDATA[16:18:51.482 [main] INFO sn.ept.git.seminaire.cicd.demo.E_FirstPrincipalTest - Something to do before each test
]]></system-out>
  </testcase>
  <testcase name="addShouldReturnTheSumOfPositiveNumbers" classname="sn.ept.git.seminaire.cicd.demo.E_FirstPrincipalTest$Fast" time="0.001">
    <system-out><![CDATA[16:18:51.484 [main] INFO sn.ept.git.seminaire.cicd.demo.E_FirstPrincipalTest - Something to do before each test
]]></system-out>
  </testcase>
  <testcase name="addShouldReturnTheSumOfPositiveNumbers" classname="sn.ept.git.seminaire.cicd.demo.E_FirstPrincipalTest$Fast" time="0.001">
    <system-out><![CDATA[16:18:51.486 [main] INFO sn.ept.git.seminaire.cicd.demo.E_FirstPrincipalTest - Something to do before each test
]]></system-out>
  </testcase>
  <testcase name="addShouldReturnTheSumOfPositiveNumbers" classname="sn.ept.git.seminaire.cicd.demo.E_FirstPrincipalTest$Fast" time="0.001">
    <system-out><![CDATA[16:18:51.487 [main] INFO sn.ept.git.seminaire.cicd.demo.E_FirstPrincipalTest - Something to do before each test
]]></system-out>
  </testcase>
  <testcase name="addShouldReturnTheSumOfPositiveNumbers" classname="sn.ept.git.seminaire.cicd.demo.E_FirstPrincipalTest$Fast" time="0">
    <system-out><![CDATA[16:18:51.489 [main] INFO sn.ept.git.seminaire.cicd.demo.E_FirstPrincipalTest - Something to do before each test
]]></system-out>
  </testcase>
  <testcase name="addShouldReturnTheSumOfPositiveNumbers" classname="sn.ept.git.seminaire.cicd.demo.E_FirstPrincipalTest$Fast" time="0.001">
    <system-out><![CDATA[16:18:51.491 [main] INFO sn.ept.git.seminaire.cicd.demo.E_FirstPrincipalTest - Something to do before each test
]]></system-out>
  </testcase>
  <testcase name="addShouldReturnTheSumOfPositiveNumbers" classname="sn.ept.git.seminaire.cicd.demo.E_FirstPrincipalTest$Fast" time="0.001">
    <system-out><![CDATA[16:18:51.493 [main] INFO sn.ept.git.seminaire.cicd.demo.E_FirstPrincipalTest - Something to do before each test
]]></system-out>
  </testcase>
  <testcase name="addShouldReturnTheSumOfPositiveNumbers" classname="sn.ept.git.seminaire.cicd.demo.E_FirstPrincipalTest$Fast" time="0.001">
    <system-out><![CDATA[16:18:51.494 [main] INFO sn.ept.git.seminaire.cicd.demo.E_FirstPrincipalTest - Something to do before each test
]]></system-out>
  </testcase>
  <testcase name="addShouldReturnTheSumOfPositiveNumbers" classname="sn.ept.git.seminaire.cicd.demo.E_FirstPrincipalTest$Fast" time="0.001">
    <system-out><![CDATA[16:18:51.496 [main] INFO sn.ept.git.seminaire.cicd.demo.E_FirstPrincipalTest - Something to do before each test
]]></system-out>
  </testcase>
  <testcase name="addShouldReturnTheSumOfPositiveNumbers" classname="sn.ept.git.seminaire.cicd.demo.E_FirstPrincipalTest$Fast" time="0">
    <system-out><![CDATA[16:18:51.497 [main] INFO sn.ept.git.seminaire.cicd.demo.E_FirstPrincipalTest - Something to do before each test
]]></system-out>
  </testcase>
  <testcase name="addShouldReturnTheSumOfPositiveNumbers" classname="sn.ept.git.seminaire.cicd.demo.E_FirstPrincipalTest$Fast" time="0.001">
    <system-out><![CDATA[16:18:51.498 [main] INFO sn.ept.git.seminaire.cicd.demo.E_FirstPrincipalTest - Something to do before each test
]]></system-out>
  </testcase>
  <testcase name="addShouldReturnTheSumOfPositiveNumbers" classname="sn.ept.git.seminaire.cicd.demo.E_FirstPrincipalTest$Fast" time="0">
    <system-out><![CDATA[16:18:51.500 [main] INFO sn.ept.git.seminaire.cicd.demo.E_FirstPrincipalTest - Something to do before each test
]]></system-out>
  </testcase>
  <testcase name="addShouldReturnTheSumOfPositiveNumbers" classname="sn.ept.git.seminaire.cicd.demo.E_FirstPrincipalTest$Fast" time="0.001">
    <system-out><![CDATA[16:18:51.501 [main] INFO sn.ept.git.seminaire.cicd.demo.E_FirstPrincipalTest - Something to do before each test
]]></system-out>
  </testcase>
  <testcase name="addShouldReturnTheSumOfPositiveNumbers" classname="sn.ept.git.seminaire.cicd.demo.E_FirstPrincipalTest$Fast" time="0.001">
    <system-out><![CDATA[16:18:51.503 [main] INFO sn.ept.git.seminaire.cicd.demo.E_FirstPrincipalTest - Something to do before each test
]]></system-out>
  </testcase>
  <testcase name="addShouldReturnTheSumOfPositiveNumbers" classname="sn.ept.git.seminaire.cicd.demo.E_FirstPrincipalTest$Fast" time="0">
    <system-out><![CDATA[16:18:51.504 [main] INFO sn.ept.git.seminaire.cicd.demo.E_FirstPrincipalTest - Something to do before each test
]]></system-out>
  </testcase>
  <testcase name="addShouldReturnTheSumOfPositiveNumbers" classname="sn.ept.git.seminaire.cicd.demo.E_FirstPrincipalTest$Fast" time="0.001">
    <system-out><![CDATA[16:18:51.505 [main] INFO sn.ept.git.seminaire.cicd.demo.E_FirstPrincipalTest - Something to do before each test
]]></system-out>
  </testcase>
  <testcase name="addShouldReturnTheSumOfPositiveNumbers" classname="sn.ept.git.seminaire.cicd.demo.E_FirstPrincipalTest$Fast" time="0.001">
    <system-out><![CDATA[16:18:51.507 [main] INFO sn.ept.git.seminaire.cicd.demo.E_FirstPrincipalTest - Something to do before each test
]]></system-out>
  </testcase>
  <testcase name="addShouldReturnTheSumOfPositiveNumbers" classname="sn.ept.git.seminaire.cicd.demo.E_FirstPrincipalTest$Fast" time="0">
    <system-out><![CDATA[16:18:51.509 [main] INFO sn.ept.git.seminaire.cicd.demo.E_FirstPrincipalTest - Something to do before each test
]]></system-out>
  </testcase>
  <testcase name="addShouldReturnTheSumOfPositiveNumbers" classname="sn.ept.git.seminaire.cicd.demo.E_FirstPrincipalTest$Fast" time="0.001">
    <system-out><![CDATA[16:18:51.511 [main] INFO sn.ept.git.seminaire.cicd.demo.E_FirstPrincipalTest - Something to do before each test
]]></system-out>
  </testcase>
  <testcase name="addShouldReturnTheSumOfPositiveNumbers" classname="sn.ept.git.seminaire.cicd.demo.E_FirstPrincipalTest$Fast" time="0.001">
    <system-out><![CDATA[16:18:51.519 [main] INFO sn.ept.git.seminaire.cicd.demo.E_FirstPrincipalTest - Something to do before each test
]]></system-out>
  </testcase>
  <testcase name="addShouldReturnTheSumOfPositiveNumbers" classname="sn.ept.git.seminaire.cicd.demo.E_FirstPrincipalTest$Fast" time="0.001">
    <system-out><![CDATA[16:18:51.520 [main] INFO sn.ept.git.seminaire.cicd.demo.E_FirstPrincipalTest - Something to do before each test
]]></system-out>
  </testcase>
  <testcase name="addShouldReturnTheSumOfPositiveNumbers" classname="sn.ept.git.seminaire.cicd.demo.E_FirstPrincipalTest$Fast" time="0">
    <system-out><![CDATA[16:18:51.522 [main] INFO sn.ept.git.seminaire.cicd.demo.E_FirstPrincipalTest - Something to do before each test
]]></system-out>
  </testcase>
  <testcase name="addShouldReturnTheSumOfPositiveNumbers" classname="sn.ept.git.seminaire.cicd.demo.E_FirstPrincipalTest$Fast" time="0.001">
    <system-out><![CDATA[16:18:51.524 [main] INFO sn.ept.git.seminaire.cicd.demo.E_FirstPrincipalTest - Something to do before each test
]]></system-out>
  </testcase>
  <testcase name="addShouldReturnTheSumOfPositiveNumbers" classname="sn.ept.git.seminaire.cicd.demo.E_FirstPrincipalTest$Fast" time="0">
    <system-out><![CDATA[16:18:51.526 [main] INFO sn.ept.git.seminaire.cicd.demo.E_FirstPrincipalTest - Something to do before each test
]]></system-out>
  </testcase>
  <testcase name="addShouldReturnTheSumOfPositiveNumbers" classname="sn.ept.git.seminaire.cicd.demo.E_FirstPrincipalTest$Fast" time="0.001">
    <system-out><![CDATA[16:18:51.527 [main] INFO sn.ept.git.seminaire.cicd.demo.E_FirstPrincipalTest - Something to do before each test
]]></system-out>
  </testcase>
  <testcase name="addShouldReturnTheSumOfPositiveNumbers" classname="sn.ept.git.seminaire.cicd.demo.E_FirstPrincipalTest$Fast" time="0.001">
    <system-out><![CDATA[16:18:51.529 [main] INFO sn.ept.git.seminaire.cicd.demo.E_FirstPrincipalTest - Something to do before each test
]]></system-out>
  </testcase>
  <testcase name="addShouldReturnTheSumOfPositiveNumbers" classname="sn.ept.git.seminaire.cicd.demo.E_FirstPrincipalTest$Fast" time="0.001">
    <system-out><![CDATA[16:18:51.530 [main] INFO sn.ept.git.seminaire.cicd.demo.E_FirstPrincipalTest - Something to do before each test
]]></system-out>
  </testcase>
  <testcase name="addShouldReturnTheSumOfPositiveNumbers" classname="sn.ept.git.seminaire.cicd.demo.E_FirstPrincipalTest$Fast" time="0.001">
    <system-out><![CDATA[16:18:51.532 [main] INFO sn.ept.git.seminaire.cicd.demo.E_FirstPrincipalTest - Something to do before each test
]]></system-out>
  </testcase>
  <testcase name="addShouldReturnTheSumOfPositiveNumbers" classname="sn.ept.git.seminaire.cicd.demo.E_FirstPrincipalTest$Fast" time="0">
    <system-out><![CDATA[16:18:51.533 [main] INFO sn.ept.git.seminaire.cicd.demo.E_FirstPrincipalTest - Something to do before each test
]]></system-out>
  </testcase>
  <testcase name="addShouldReturnTheSumOfPositiveNumbers" classname="sn.ept.git.seminaire.cicd.demo.E_FirstPrincipalTest$Fast" time="0.001">
    <system-out><![CDATA[16:18:51.534 [main] INFO sn.ept.git.seminaire.cicd.demo.E_FirstPrincipalTest - Something to do before each test
]]></system-out>
  </testcase>
  <testcase name="addShouldReturnTheSumOfPositiveNumbers" classname="sn.ept.git.seminaire.cicd.demo.E_FirstPrincipalTest$Fast" time="0">
    <system-out><![CDATA[16:18:51.536 [main] INFO sn.ept.git.seminaire.cicd.demo.E_FirstPrincipalTest - Something to do before each test
]]></system-out>
  </testcase>
  <testcase name="addShouldReturnTheSumOfPositiveNumbers" classname="sn.ept.git.seminaire.cicd.demo.E_FirstPrincipalTest$Fast" time="0.001">
    <system-out><![CDATA[16:18:51.537 [main] INFO sn.ept.git.seminaire.cicd.demo.E_FirstPrincipalTest - Something to do before each test
]]></system-out>
  </testcase>
  <testcase name="addShouldReturnTheSumOfPositiveNumbers" classname="sn.ept.git.seminaire.cicd.demo.E_FirstPrincipalTest$Fast" time="0.001">
    <system-out><![CDATA[16:18:51.539 [main] INFO sn.ept.git.seminaire.cicd.demo.E_FirstPrincipalTest - Something to do before each test
]]></system-out>
  </testcase>
  <testcase name="addShouldReturnTheSumOfPositiveNumbers" classname="sn.ept.git.seminaire.cicd.demo.E_FirstPrincipalTest$Fast" time="0.001">
    <system-out><![CDATA[16:18:51.540 [main] INFO sn.ept.git.seminaire.cicd.demo.E_FirstPrincipalTest - Something to do before each test
]]></system-out>
  </testcase>
  <testcase name="addShouldReturnTheSumOfPositiveNumbers" classname="sn.ept.git.seminaire.cicd.demo.E_FirstPrincipalTest$Fast" time="0.001">
    <system-out><![CDATA[16:18:51.544 [main] INFO sn.ept.git.seminaire.cicd.demo.E_FirstPrincipalTest - Something to do before each test
]]></system-out>
  </testcase>
  <testcase name="addShouldReturnTheSumOfPositiveNumbers" classname="sn.ept.git.seminaire.cicd.demo.E_FirstPrincipalTest$Fast" time="0">
    <system-out><![CDATA[16:18:51.545 [main] INFO sn.ept.git.seminaire.cicd.demo.E_FirstPrincipalTest - Something to do before each test
]]></system-out>
  </testcase>
  <testcase name="addShouldReturnTheSumOfPositiveNumbers" classname="sn.ept.git.seminaire.cicd.demo.E_FirstPrincipalTest$Fast" time="0.001">
    <system-out><![CDATA[16:18:51.546 [main] INFO sn.ept.git.seminaire.cicd.demo.E_FirstPrincipalTest - Something to do before each test
]]></system-out>
  </testcase>
  <testcase name="addShouldReturnTheSumOfPositiveNumbers" classname="sn.ept.git.seminaire.cicd.demo.E_FirstPrincipalTest$Fast" time="0.001">
    <system-out><![CDATA[16:18:51.548 [main] INFO sn.ept.git.seminaire.cicd.demo.E_FirstPrincipalTest - Something to do before each test
]]></system-out>
  </testcase>
  <testcase name="addShouldReturnTheSumOfPositiveNumbers" classname="sn.ept.git.seminaire.cicd.demo.E_FirstPrincipalTest$Fast" time="0.001">
    <system-out><![CDATA[16:18:51.549 [main] INFO sn.ept.git.seminaire.cicd.demo.E_FirstPrincipalTest - Something to do before each test
]]></system-out>
  </testcase>
  <testcase name="addShouldReturnTheSumOfPositiveNumbers" classname="sn.ept.git.seminaire.cicd.demo.E_FirstPrincipalTest$Fast" time="0">
    <system-out><![CDATA[16:18:51.551 [main] INFO sn.ept.git.seminaire.cicd.demo.E_FirstPrincipalTest - Something to do before each test
]]></system-out>
  </testcase>
  <testcase name="addShouldReturnTheSumOfPositiveNumbers" classname="sn.ept.git.seminaire.cicd.demo.E_FirstPrincipalTest$Fast" time="0">
    <system-out><![CDATA[16:18:51.552 [main] INFO sn.ept.git.seminaire.cicd.demo.E_FirstPrincipalTest - Something to do before each test
]]></system-out>
  </testcase>
  <testcase name="addShouldReturnTheSumOfPositiveNumbers" classname="sn.ept.git.seminaire.cicd.demo.E_FirstPrincipalTest$Fast" time="0.001">
    <system-out><![CDATA[16:18:51.553 [main] INFO sn.ept.git.seminaire.cicd.demo.E_FirstPrincipalTest - Something to do before each test
]]></system-out>
  </testcase>
  <testcase name="addShouldReturnTheSumOfPositiveNumbers" classname="sn.ept.git.seminaire.cicd.demo.E_FirstPrincipalTest$Fast" time="0">
    <system-out><![CDATA[16:18:51.555 [main] INFO sn.ept.git.seminaire.cicd.demo.E_FirstPrincipalTest - Something to do before each test
]]></system-out>
  </testcase>
  <testcase name="addShouldReturnTheSumOfPositiveNumbers" classname="sn.ept.git.seminaire.cicd.demo.E_FirstPrincipalTest$Fast" time="0.001">
    <system-out><![CDATA[16:18:51.557 [main] INFO sn.ept.git.seminaire.cicd.demo.E_FirstPrincipalTest - Something to do before each test
]]></system-out>
  </testcase>
  <testcase name="addShouldReturnTheSumOfPositiveNumbers" classname="sn.ept.git.seminaire.cicd.demo.E_FirstPrincipalTest$Fast" time="0.001">
    <system-out><![CDATA[16:18:51.559 [main] INFO sn.ept.git.seminaire.cicd.demo.E_FirstPrincipalTest - Something to do before each test
]]></system-out>
  </testcase>
  <testcase name="addShouldReturnTheSumOfPositiveNumbers" classname="sn.ept.git.seminaire.cicd.demo.E_FirstPrincipalTest$Fast" time="0.001">
    <system-out><![CDATA[16:18:51.561 [main] INFO sn.ept.git.seminaire.cicd.demo.E_FirstPrincipalTest - Something to do before each test
]]></system-out>
  </testcase>
  <testcase name="addShouldReturnTheSumOfPositiveNumbers" classname="sn.ept.git.seminaire.cicd.demo.E_FirstPrincipalTest$Fast" time="0.001">
    <system-out><![CDATA[16:18:51.562 [main] INFO sn.ept.git.seminaire.cicd.demo.E_FirstPrincipalTest - Something to do before each test
]]></system-out>
  </testcase>
  <testcase name="addShouldReturnTheSumOfPositiveNumbers" classname="sn.ept.git.seminaire.cicd.demo.E_FirstPrincipalTest$Fast" time="0.001">
    <system-out><![CDATA[16:18:51.564 [main] INFO sn.ept.git.seminaire.cicd.demo.E_FirstPrincipalTest - Something to do before each test
]]></system-out>
  </testcase>
  <testcase name="addShouldReturnTheSumOfPositiveNumbers" classname="sn.ept.git.seminaire.cicd.demo.E_FirstPrincipalTest$Fast" time="0.001">
    <system-out><![CDATA[16:18:51.566 [main] INFO sn.ept.git.seminaire.cicd.demo.E_FirstPrincipalTest - Something to do before each test
]]></system-out>
  </testcase>
  <testcase name="addShouldReturnTheSumOfPositiveNumbers" classname="sn.ept.git.seminaire.cicd.demo.E_FirstPrincipalTest$Fast" time="0.001">
    <system-out><![CDATA[16:18:51.568 [main] INFO sn.ept.git.seminaire.cicd.demo.E_FirstPrincipalTest - Something to do before each test
]]></system-out>
  </testcase>
  <testcase name="addShouldReturnTheSumOfPositiveNumbers" classname="sn.ept.git.seminaire.cicd.demo.E_FirstPrincipalTest$Fast" time="0.001">
    <system-out><![CDATA[16:18:51.570 [main] INFO sn.ept.git.seminaire.cicd.demo.E_FirstPrincipalTest - Something to do before each test
]]></system-out>
  </testcase>
  <testcase name="addShouldReturnTheSumOfPositiveNumbers" classname="sn.ept.git.seminaire.cicd.demo.E_FirstPrincipalTest$Fast" time="0.001">
    <system-out><![CDATA[16:18:51.572 [main] INFO sn.ept.git.seminaire.cicd.demo.E_FirstPrincipalTest - Something to do before each test
]]></system-out>
  </testcase>
  <testcase name="addShouldReturnTheSumOfPositiveNumbers" classname="sn.ept.git.seminaire.cicd.demo.E_FirstPrincipalTest$Fast" time="0.003">
    <system-out><![CDATA[16:18:51.575 [main] INFO sn.ept.git.seminaire.cicd.demo.E_FirstPrincipalTest - Something to do before each test
]]></system-out>
  </testcase>
  <testcase name="addShouldReturnTheSumOfPositiveNumbers" classname="sn.ept.git.seminaire.cicd.demo.E_FirstPrincipalTest$Fast" time="0.002">
    <system-out><![CDATA[16:18:51.579 [main] INFO sn.ept.git.seminaire.cicd.demo.E_FirstPrincipalTest - Something to do before each test
]]></system-out>
  </testcase>
  <testcase name="addShouldReturnTheSumOfPositiveNumbers" classname="sn.ept.git.seminaire.cicd.demo.E_FirstPrincipalTest$Fast" time="0.002">
    <system-out><![CDATA[16:18:51.581 [main] INFO sn.ept.git.seminaire.cicd.demo.E_FirstPrincipalTest - Something to do before each test
]]></system-out>
  </testcase>
  <testcase name="addShouldReturnTheSumOfPositiveNumbers" classname="sn.ept.git.seminaire.cicd.demo.E_FirstPrincipalTest$Fast" time="0.001">
    <system-out><![CDATA[16:18:51.583 [main] INFO sn.ept.git.seminaire.cicd.demo.E_FirstPrincipalTest - Something to do before each test
]]></system-out>
  </testcase>
  <testcase name="addShouldReturnTheSumOfPositiveNumbers" classname="sn.ept.git.seminaire.cicd.demo.E_FirstPrincipalTest$Fast" time="0.001">
    <system-out><![CDATA[16:18:51.585 [main] INFO sn.ept.git.seminaire.cicd.demo.E_FirstPrincipalTest - Something to do before each test
]]></system-out>
  </testcase>
  <testcase name="addShouldReturnTheSumOfPositiveNumbers" classname="sn.ept.git.seminaire.cicd.demo.E_FirstPrincipalTest$Fast" time="0.001">
    <system-out><![CDATA[16:18:51.586 [main] INFO sn.ept.git.seminaire.cicd.demo.E_FirstPrincipalTest - Something to do before each test
]]></system-out>
  </testcase>
  <testcase name="addShouldReturnTheSumOfPositiveNumbers" classname="sn.ept.git.seminaire.cicd.demo.E_FirstPrincipalTest$Fast" time="0">
    <system-out><![CDATA[16:18:51.588 [main] INFO sn.ept.git.seminaire.cicd.demo.E_FirstPrincipalTest - Something to do before each test
]]></system-out>
  </testcase>
  <testcase name="addShouldReturnTheSumOfPositiveNumbers" classname="sn.ept.git.seminaire.cicd.demo.E_FirstPrincipalTest$Fast" time="0.001">
    <system-out><![CDATA[16:18:51.590 [main] INFO sn.ept.git.seminaire.cicd.demo.E_FirstPrincipalTest - Something to do before each test
]]></system-out>
  </testcase>
  <testcase name="addShouldReturnTheSumOfPositiveNumbers" classname="sn.ept.git.seminaire.cicd.demo.E_FirstPrincipalTest$Fast" time="0.001">
    <system-out><![CDATA[16:18:51.591 [main] INFO sn.ept.git.seminaire.cicd.demo.E_FirstPrincipalTest - Something to do before each test
]]></system-out>
  </testcase>
  <testcase name="addShouldReturnTheSumOfPositiveNumbers" classname="sn.ept.git.seminaire.cicd.demo.E_FirstPrincipalTest$Fast" time="0.001">
    <system-out><![CDATA[16:18:51.593 [main] INFO sn.ept.git.seminaire.cicd.demo.E_FirstPrincipalTest - Something to do before each test
]]></system-out>
  </testcase>
  <testcase name="addShouldReturnTheSumOfPositiveNumbers" classname="sn.ept.git.seminaire.cicd.demo.E_FirstPrincipalTest$Fast" time="0">
    <system-out><![CDATA[16:18:51.595 [main] INFO sn.ept.git.seminaire.cicd.demo.E_FirstPrincipalTest - Something to do before each test
]]></system-out>
  </testcase>
  <testcase name="addShouldReturnTheSumOfPositiveNumbers" classname="sn.ept.git.seminaire.cicd.demo.E_FirstPrincipalTest$Fast" time="0.001">
    <system-out><![CDATA[16:18:51.597 [main] INFO sn.ept.git.seminaire.cicd.demo.E_FirstPrincipalTest - Something to do before each test
]]></system-out>
  </testcase>
  <testcase name="addShouldReturnTheSumOfPositiveNumbers" classname="sn.ept.git.seminaire.cicd.demo.E_FirstPrincipalTest$Fast" time="0.001">
    <system-out><![CDATA[16:18:51.598 [main] INFO sn.ept.git.seminaire.cicd.demo.E_FirstPrincipalTest - Something to do before each test
]]></system-out>
  </testcase>
  <testcase name="addShouldReturnTheSumOfPositiveNumbers" classname="sn.ept.git.seminaire.cicd.demo.E_FirstPrincipalTest$Fast" time="0.001">
    <system-out><![CDATA[16:18:51.600 [main] INFO sn.ept.git.seminaire.cicd.demo.E_FirstPrincipalTest - Something to do before each test
]]></system-out>
  </testcase>
  <testcase name="addShouldReturnTheSumOfPositiveNumbers" classname="sn.ept.git.seminaire.cicd.demo.E_FirstPrincipalTest$Fast" time="0">
    <system-out><![CDATA[16:18:51.602 [main] INFO sn.ept.git.seminaire.cicd.demo.E_FirstPrincipalTest - Something to do before each test
]]></system-out>
  </testcase>
  <testcase name="addShouldReturnTheSumOfPositiveNumbers" classname="sn.ept.git.seminaire.cicd.demo.E_FirstPrincipalTest$Fast" time="0.001">
    <system-out><![CDATA[16:18:51.604 [main] INFO sn.ept.git.seminaire.cicd.demo.E_FirstPrincipalTest - Something to do before each test
]]></system-out>
  </testcase>
  <testcase name="addShouldReturnTheSumOfPositiveNumbers" classname="sn.ept.git.seminaire.cicd.demo.E_FirstPrincipalTest$Fast" time="0.001">
    <system-out><![CDATA[16:18:51.606 [main] INFO sn.ept.git.seminaire.cicd.demo.E_FirstPrincipalTest - Something to do before each test
]]></system-out>
  </testcase>
  <testcase name="addShouldReturnTheSumOfPositiveNumbers" classname="sn.ept.git.seminaire.cicd.demo.E_FirstPrincipalTest$Fast" time="0.001">
    <system-out><![CDATA[16:18:51.608 [main] INFO sn.ept.git.seminaire.cicd.demo.E_FirstPrincipalTest - Something to do before each test
]]></system-out>
  </testcase>
  <testcase name="addShouldReturnTheSumOfPositiveNumbers" classname="sn.ept.git.seminaire.cicd.demo.E_FirstPrincipalTest$Fast" time="0">
    <system-out><![CDATA[16:18:51.609 [main] INFO sn.ept.git.seminaire.cicd.demo.E_FirstPrincipalTest - Something to do before each test
]]></system-out>
  </testcase>
  <testcase name="addShouldReturnTheSumOfPositiveNumbers" classname="sn.ept.git.seminaire.cicd.demo.E_FirstPrincipalTest$Fast" time="0.001">
    <system-out><![CDATA[16:18:51.610 [main] INFO sn.ept.git.seminaire.cicd.demo.E_FirstPrincipalTest - Something to do before each test
]]></system-out>
  </testcase>
  <testcase name="addShouldReturnTheSumOfPositiveNumbers" classname="sn.ept.git.seminaire.cicd.demo.E_FirstPrincipalTest$Fast" time="0.001">
    <system-out><![CDATA[16:18:51.612 [main] INFO sn.ept.git.seminaire.cicd.demo.E_FirstPrincipalTest - Something to do before each test
]]></system-out>
  </testcase>
  <testcase name="addShouldReturnTheSumOfPositiveNumbers" classname="sn.ept.git.seminaire.cicd.demo.E_FirstPrincipalTest$Fast" time="0.001">
    <system-out><![CDATA[16:18:51.613 [main] INFO sn.ept.git.seminaire.cicd.demo.E_FirstPrincipalTest - Something to do before each test
]]></system-out>
  </testcase>
  <testcase name="addShouldReturnTheSumOfPositiveNumbers" classname="sn.ept.git.seminaire.cicd.demo.E_FirstPrincipalTest$Fast" time="0">
    <system-out><![CDATA[16:18:51.615 [main] INFO sn.ept.git.seminaire.cicd.demo.E_FirstPrincipalTest - Something to do before each test
]]></system-out>
  </testcase>
  <testcase name="addShouldReturnTheSumOfPositiveNumbers" classname="sn.ept.git.seminaire.cicd.demo.E_FirstPrincipalTest$Fast" time="0.001">
    <system-out><![CDATA[16:18:51.617 [main] INFO sn.ept.git.seminaire.cicd.demo.E_FirstPrincipalTest - Something to do before each test
]]></system-out>
  </testcase>
  <testcase name="addShouldReturnTheSumOfPositiveNumbers" classname="sn.ept.git.seminaire.cicd.demo.E_FirstPrincipalTest$Fast" time="0.001">
    <system-out><![CDATA[16:18:51.618 [main] INFO sn.ept.git.seminaire.cicd.demo.E_FirstPrincipalTest - Something to do before each test
]]></system-out>
  </testcase>
  <testcase name="addShouldReturnTheSumOfPositiveNumbers" classname="sn.ept.git.seminaire.cicd.demo.E_FirstPrincipalTest$Fast" time="0.001">
    <system-out><![CDATA[16:18:51.620 [main] INFO sn.ept.git.seminaire.cicd.demo.E_FirstPrincipalTest - Something to do before each test
]]></system-out>
  </testcase>
  <testcase name="addShouldReturnTheSumOfPositiveNumbers" classname="sn.ept.git.seminaire.cicd.demo.E_FirstPrincipalTest$Fast" time="0.001">
    <system-out><![CDATA[16:18:51.621 [main] INFO sn.ept.git.seminaire.cicd.demo.E_FirstPrincipalTest - Something to do before each test
]]></system-out>
  </testcase>
  <testcase name="addShouldReturnTheSumOfPositiveNumbers" classname="sn.ept.git.seminaire.cicd.demo.E_FirstPrincipalTest$Fast" time="0.001">
    <system-out><![CDATA[16:18:51.624 [main] INFO sn.ept.git.seminaire.cicd.demo.E_FirstPrincipalTest - Something to do before each test
]]></system-out>
  </testcase>
  <testcase name="addShouldReturnTheSumOfPositiveNumbers" classname="sn.ept.git.seminaire.cicd.demo.E_FirstPrincipalTest$Fast" time="0">
    <system-out><![CDATA[16:18:51.626 [main] INFO sn.ept.git.seminaire.cicd.demo.E_FirstPrincipalTest - Something to do before each test
]]></system-out>
  </testcase>
  <testcase name="addShouldReturnTheSumOfPositiveNumbers" classname="sn.ept.git.seminaire.cicd.demo.E_FirstPrincipalTest$Fast" time="0.001">
    <system-out><![CDATA[16:18:51.628 [main] INFO sn.ept.git.seminaire.cicd.demo.E_FirstPrincipalTest - Something to do before each test
]]></system-out>
  </testcase>
  <testcase name="addShouldReturnTheSumOfPositiveNumbers" classname="sn.ept.git.seminaire.cicd.demo.E_FirstPrincipalTest$Fast" time="0.001">
    <system-out><![CDATA[16:18:51.629 [main] INFO sn.ept.git.seminaire.cicd.demo.E_FirstPrincipalTest - Something to do before each test
]]></system-out>
[...]
  <testcase name="addShouldReturnTheSumOfPositiveNumbers" classname="sn.ept.git.seminaire.cicd.demo.E_FirstPrincipalTest$Fast" time="0.001">
    <system-out><![CDATA[16:18:52.710 [main] INFO sn.ept.git.seminaire.cicd.demo.E_FirstPrincipalTest - Something to do before each test
]]></system-out>
  </testcase>
  <testcase name="addShouldReturnTheSumOfPositiveNumbers" classname="sn.ept.git.seminaire.cicd.demo.E_FirstPrincipalTest$Fast" time="0.001">
    <system-out><![CDATA[16:18:52.712 [main] INFO sn.ept.git.seminaire.cicd.demo.E_FirstPrincipalTest - Something to do before each test
]]></system-out>
  </testcase>
  <testcase name="addShouldReturnTheSumOfPositiveNumbers" classname="sn.ept.git.seminaire.cicd.demo.E_FirstPrincipalTest$Fast" time="0">
    <system-out><![CDATA[16:18:52.713 [main] INFO sn.ept.git.seminaire.cicd.demo.E_FirstPrincipalTest - Something to do before each test
]]></system-out>
  </testcase>
  <testcase name="addShouldReturnTheSumOfPositiveNumbers" classname="sn.ept.git.seminaire.cicd.demo.E_FirstPrincipalTest$Fast" time="0">
    <system-out><![CDATA[16:18:52.714 [main] INFO sn.ept.git.seminaire.cicd.demo.E_FirstPrincipalTest - Something to do before each test
]]></system-out>
  </testcase>
  <testcase name="addShouldReturnTheSumOfPositiveNumbers" classname="sn.ept.git.seminaire.cicd.demo.E_FirstPrincipalTest$Fast" time="0.001">
    <system-out><![CDATA[16:18:52.719 [main] INFO sn.ept.git.seminaire.cicd.demo.E_FirstPrincipalTest - Something to do before each test
]]></system-out>
  </testcase>
  <testcase name="addShouldReturnTheSumOfPositiveNumbers" classname="sn.ept.git.seminaire.cicd.demo.E_FirstPrincipalTest$Fast" time="0.003">
    <system-out><![CDATA[16:18:52.722 [main] INFO sn.ept.git.seminaire.cicd.demo.E_FirstPrincipalTest - Something to do before each test
]]></system-out>
  </testcase>
  <testcase name="addShouldReturnTheSumOfPositiveNumbers" classname="sn.ept.git.seminaire.cicd.demo.E_FirstPrincipalTest$Fast" time="0">
    <system-out><![CDATA[16:18:52.724 [main] INFO sn.ept.git.seminaire.cicd.demo.E_FirstPrincipalTest - Something to do before each test
]]></system-out>
  </testcase>
  <testcase name="addShouldReturnTheSumOfPositiveNumbers" classname="sn.ept.git.seminaire.cicd.demo.E_FirstPrincipalTest$Fast" time="0">
    <system-out><![CDATA[16:18:52.725 [main] INFO sn.ept.git.seminaire.cicd.demo.E_FirstPrincipalTest - Something to do before each test
]]></system-out>
  </testcase>
  <testcase name="addShouldReturnTheSumOfPositiveNumbers" classname="sn.ept.git.seminaire.cicd.demo.E_FirstPrincipalTest$Fast" time="0">
    <system-out><![CDATA[16:18:52.726 [main] INFO sn.ept.git.seminaire.cicd.demo.E_FirstPrincipalTest - Something to do before each test
]]></system-out>
  </testcase>
  <testcase name="addShouldReturnTheSumOfPositiveNumbers" classname="sn.ept.git.seminaire.cicd.demo.E_FirstPrincipalTest$Fast" time="0.001">
    <system-out><![CDATA[16:18:52.727 [main] INFO sn.ept.git.seminaire.cicd.demo.E_FirstPrincipalTest - Something to do before each test
]]></system-out>
  </testcase>
  <testcase name="addShouldReturnTheSumOfPositiveNumbers" classname="sn.ept.git.seminaire.cicd.demo.E_FirstPrincipalTest$Fast" time="0">
    <system-out><![CDATA[16:18:52.728 [main] INFO sn.ept.git.seminaire.cicd.demo.E_FirstPrincipalTest - Something to do before each test
]]></system-out>
  </testcase>
  <testcase name="addShouldReturnTheSumOfPositiveNumbers" classname="sn.ept.git.seminaire.cicd.demo.E_FirstPrincipalTest$Fast" time="0">
    <system-out><![CDATA[16:18:52.729 [main] INFO sn.ept.git.seminaire.cicd.demo.E_FirstPrincipalTest - Something to do before each test
]]></system-out>
  </testcase>
  <testcase name="addShouldReturnTheSumOfPositiveNumbers" classname="sn.ept.git.seminaire.cicd.demo.E_FirstPrincipalTest$Fast" time="0">
    <system-out><![CDATA[16:18:52.730 [main] INFO sn.ept.git.seminaire.cicd.demo.E_FirstPrincipalTest - Something to do before each test
]]></system-out>
  </testcase>
  <testcase name="addShouldReturnTheSumOfPositiveNumbers" classname="sn.ept.git.seminaire.cicd.demo.E_FirstPrincipalTest$Fast" time="0.001">
    <system-out><![CDATA[16:18:52.731 [main] INFO sn.ept.git.seminaire.cicd.demo.E_FirstPrincipalTest - Something to do before each test
]]></system-out>
  </testcase>
  <testcase name="addShouldReturnTheSumOfPositiveNumbers" classname="sn.ept.git.seminaire.cicd.demo.E_FirstPrincipalTest$Fast" time="0">
    <system-out><![CDATA[16:18:52.732 [main] INFO sn.ept.git.seminaire.cicd.demo.E_FirstPrincipalTest - Something to do before each test
]]></system-out>
  </testcase>
  <testcase name="addShouldReturnTheSumOfPositiveNumbers" classname="sn.ept.git.seminaire.cicd.demo.E_FirstPrincipalTest$Fast" time="0">
    <system-out><![CDATA[16:18:52.732 [main] INFO sn.ept.git.seminaire.cicd.demo.E_FirstPrincipalTest - Something to do before each test
]]></system-out>
  </testcase>
  <testcase name="addShouldReturnTheSumOfPositiveNumbers" classname="sn.ept.git.seminaire.cicd.demo.E_FirstPrincipalTest$Fast" time="0">
    <system-out><![CDATA[16:18:52.733 [main] INFO sn.ept.git.seminaire.cicd.demo.E_FirstPrincipalTest - Something to do before each test
]]></system-out>
  </testcase>
  <testcase name="addShouldReturnTheSumOfPositiveNumbers" classname="sn.ept.git.seminaire.cicd.demo.E_FirstPrincipalTest$Fast" time="0.002">
    <system-out><![CDATA[16:18:52.734 [main] INFO sn.ept.git.seminaire.cicd.demo.E_FirstPrincipalTest - Something to do before each test
]]></system-out>
  </testcase>
  <testcase name="addShouldReturnTheSumOfPositiveNumbers" classname="sn.ept.git.seminaire.cicd.demo.E_FirstPrincipalTest$Fast" time="0.001">
    <system-out><![CDATA[16:18:52.741 [main] INFO sn.ept.git.seminaire.cicd.demo.E_FirstPrincipalTest - Something to do before each test
]]></system-out>
  </testcase>
  <testcase name="addShouldReturnTheSumOfPositiveNumbers" classname="sn.ept.git.seminaire.cicd.demo.E_FirstPrincipalTest$Fast" time="0.001">
    <system-out><![CDATA[16:18:52.742 [main] INFO sn.ept.git.seminaire.cicd.demo.E_FirstPrincipalTest - Something to do before each test
]]></system-out>
  </testcase>
  <testcase name="addShouldReturnTheSumOfPositiveNumbers" classname="sn.ept.git.seminaire.cicd.demo.E_FirstPrincipalTest$Fast" time="0">
    <system-out><![CDATA[16:18:52.744 [main] INFO sn.ept.git.seminaire.cicd.demo.E_FirstPrincipalTest - Something to do before each test
]]></system-out>
  </testcase>
  <testcase name="addShouldReturnTheSumOfPositiveNumbers" classname="sn.ept.git.seminaire.cicd.demo.E_FirstPrincipalTest$Fast" time="0.001">
    <system-out><![CDATA[16:18:52.745 [main] INFO sn.ept.git.seminaire.cicd.demo.E_FirstPrincipalTest - Something to do before each test
]]></system-out>
  </testcase>
  <testcase name="addShouldReturnTheSumOfPositiveNumbers" classname="sn.ept.git.seminaire.cicd.demo.E_FirstPrincipalTest$Fast" time="0.006">
    <system-out><![CDATA[16:18:52.745 [main] INFO sn.ept.git.seminaire.cicd.demo.E_FirstPrincipalTest - Something to do before each test
]]></system-out>
  </testcase>
  <testcase name="addShouldReturnTheSumOfPositiveNumbers" classname="sn.ept.git.seminaire.cicd.demo.E_FirstPrincipalTest$Fast" time="0.001">
    <system-out><![CDATA[16:18:52.752 [main] INFO sn.ept.git.seminaire.cicd.demo.E_FirstPrincipalTest - Something to do before each test
]]></system-out>
  </testcase>
  <testcase name="addShouldReturnTheSumOfPositiveNumbers" classname="sn.ept.git.seminaire.cicd.demo.E_FirstPrincipalTest$Fast" time="0.001">
    <system-out><![CDATA[16:18:52.753 [main] INFO sn.ept.git.seminaire.cicd.demo.E_FirstPrincipalTest - Something to do before each test
]]></system-out>
  </testcase>
  <testcase name="addShouldReturnTheSumOfPositiveNumbers" classname="sn.ept.git.seminaire.cicd.demo.E_FirstPrincipalTest$Fast" time="0">
    <system-out><![CDATA[16:18:52.754 [main] INFO sn.ept.git.seminaire.cicd.demo.E_FirstPrincipalTest - Something to do before each test
]]></system-out>
  </testcase>
  <testcase name="addShouldReturnTheSumOfPositiveNumbers" classname="sn.ept.git.seminaire.cicd.demo.E_FirstPrincipalTest$Fast" time="0.001">
    <system-out><![CDATA[16:18:52.755 [main] INFO sn.ept.git.seminaire.cicd.demo.E_FirstPrincipalTest - Something to do before each test
]]></system-out>
  </testcase>
  <testcase name="addShouldReturnTheSumOfPositiveNumbers" classname="sn.ept.git.seminaire.cicd.demo.E_FirstPrincipalTest$Fast" time="0.002">
    <system-out><![CDATA[16:18:52.757 [main] INFO sn.ept.git.seminaire.cicd.demo.E_FirstPrincipalTest - Something to do before each test
]]></system-out>
  </testcase>
  <testcase name="addShouldReturnTheSumOfPositiveNumbers" classname="sn.ept.git.seminaire.cicd.demo.E_FirstPrincipalTest$Fast" time="0.001">
    <system-out><![CDATA[16:18:52.759 [main] INFO sn.ept.git.seminaire.cicd.demo.E_FirstPrincipalTest - Something to do before each test
]]></system-out>
  </testcase>
  <testcase name="addShouldReturnTheSumOfPositiveNumbers" classname="sn.ept.git.seminaire.cicd.demo.E_FirstPrincipalTest$Fast" time="0">
    <system-out><![CDATA[16:18:52.760 [main] INFO sn.ept.git.seminaire.cicd.demo.E_FirstPrincipalTest - Something to do before each test
]]></system-out>
  </testcase>
  <testcase name="addShouldReturnTheSumOfPositiveNumbers" classname="sn.ept.git.seminaire.cicd.demo.E_FirstPrincipalTest$Fast" time="0">
    <system-out><![CDATA[16:18:52.761 [main] INFO sn.ept.git.seminaire.cicd.demo.E_FirstPrincipalTest - Something to do before each test
]]></system-out>
  </testcase>
  <testcase name="addShouldReturnTheSumOfPositiveNumbers" classname="sn.ept.git.seminaire.cicd.demo.E_FirstPrincipalTest$Fast" time="0">
    <system-out><![CDATA[16:18:52.763 [main] INFO sn.ept.git.seminaire.cicd.demo.E_FirstPrincipalTest - Something to do before each test
]]></system-out>
  </testcase>
  <testcase name="addShouldReturnTheSumOfPositiveNumbers" classname="sn.ept.git.seminaire.cicd.demo.E_FirstPrincipalTest$Fast" time="0">
    <system-out><![CDATA[16:18:52.764 [main] INFO sn.ept.git.seminaire.cicd.demo.E_FirstPrincipalTest - Something to do before each test
]]></system-out>
  </testcase>
  <testcase name="addShouldReturnTheSumOfPositiveNumbers" classname="sn.ept.git.seminaire.cicd.demo.E_FirstPrincipalTest$Fast" time="0">
    <system-out><![CDATA[16:18:52.765 [main] INFO sn.ept.git.seminaire.cicd.demo.E_FirstPrincipalTest - Something to do before each test
]]></system-out>
  </testcase>
  <testcase name="addShouldReturnTheSumOfPositiveNumbers" classname="sn.ept.git.seminaire.cicd.demo.E_FirstPrincipalTest$Fast" time="0.001">
    <system-out><![CDATA[16:18:52.766 [main] INFO sn.ept.git.seminaire.cicd.demo.E_FirstPrincipalTest - Something to do before each test
]]></system-out>
  </testcase>
  <testcase name="addShouldReturnTheSumOfPositiveNumbers" classname="sn.ept.git.seminaire.cicd.demo.E_FirstPrincipalTest$Fast" time="0">
    <system-out><![CDATA[16:18:52.768 [main] INFO sn.ept.git.seminaire.cicd.demo.E_FirstPrincipalTest - Something to do before each test
]]></system-out>
  </testcase>
  <testcase name="addShouldReturnTheSumOfPositiveNumbers" classname="sn.ept.git.seminaire.cicd.demo.E_FirstPrincipalTest$Fast" time="0.001">
    <system-out><![CDATA[16:18:52.769 [main] INFO sn.ept.git.seminaire.cicd.demo.E_FirstPrincipalTest - Something to do before each test
]]></system-out>
  </testcase>
  <testcase name="addShouldReturnTheSumOfPositiveNumbers" classname="sn.ept.git.seminaire.cicd.demo.E_FirstPrincipalTest$Fast" time="0.001">
    <system-out><![CDATA[16:18:52.771 [main] INFO sn.ept.git.seminaire.cicd.demo.E_FirstPrincipalTest - Something to do before each test
]]></system-out>
  </testcase>
  <testcase name="addShouldReturnTheSumOfPositiveNumbers" classname="sn.ept.git.seminaire.cicd.demo.E_FirstPrincipalTest$Fast" time="0.001">
    <system-out><![CDATA[16:18:52.775 [main] INFO sn.ept.git.seminaire.cicd.demo.E_FirstPrincipalTest - Something to do before each test
]]></system-out>
  </testcase>
  <testcase name="addShouldReturnTheSumOfPositiveNumbers" classname="sn.ept.git.seminaire.cicd.demo.E_FirstPrincipalTest$Fast" time="0">
    <system-out><![CDATA[16:18:52.777 [main] INFO sn.ept.git.seminaire.cicd.demo.E_FirstPrincipalTest - Something to do before each test
]]></system-out>
  </testcase>
  <testcase name="addShouldReturnTheSumOfPositiveNumbers" classname="sn.ept.git.seminaire.cicd.demo.E_FirstPrincipalTest$Fast" time="0.001">
    <system-out><![CDATA[16:18:52.779 [main] INFO sn.ept.git.seminaire.cicd.demo.E_FirstPrincipalTest - Something to do before each test
]]></system-out>
  </testcase>
  <testcase name="addShouldReturnTheSumOfPositiveNumbers" classname="sn.ept.git.seminaire.cicd.demo.E_FirstPrincipalTest$Fast" time="0">
    <system-out><![CDATA[16:18:52.785 [main] INFO sn.ept.git.seminaire.cicd.demo.E_FirstPrincipalTest - Something to do before each test
]]></system-out>
  </testcase>
  <testcase name="addShouldReturnTheSumOfPositiveNumbers" classname="sn.ept.git.seminaire.cicd.demo.E_FirstPrincipalTest$Fast" time="0.001">
    <system-out><![CDATA[16:18:52.786 [main] INFO sn.ept.git.seminaire.cicd.demo.E_FirstPrincipalTest - Something to do before each test
]]></system-out>
  </testcase>
  <testcase name="addShouldReturnTheSumOfPositiveNumbers" classname="sn.ept.git.seminaire.cicd.demo.E_FirstPrincipalTest$Fast" time="0.001">
    <system-out><![CDATA[16:18:52.787 [main] INFO sn.ept.git.seminaire.cicd.demo.E_FirstPrincipalTest - Something to do before each test
]]></system-out>
  </testcase>
  <testcase name="addShouldReturnTheSumOfPositiveNumbers" classname="sn.ept.git.seminaire.cicd.demo.E_FirstPrincipalTest$Fast" time="0.001">
    <system-out><![CDATA[16:18:52.789 [main] INFO sn.ept.git.seminaire.cicd.demo.E_FirstPrincipalTest - Something to do before each test
]]></system-out>
  </testcase>
  <testcase name="addShouldReturnTheSumOfPositiveNumbers" classname="sn.ept.git.seminaire.cicd.demo.E_FirstPrincipalTest$Fast" time="0">
    <system-out><![CDATA[16:18:52.791 [main] INFO sn.ept.git.seminaire.cicd.demo.E_FirstPrincipalTest - Something to do before each test
]]></system-out>
  </testcase>
  <testcase name="addShouldReturnTheSumOfPositiveNumbers" classname="sn.ept.git.seminaire.cicd.demo.E_FirstPrincipalTest$Fast" time="0.001">
    <system-out><![CDATA[16:18:52.792 [main] INFO sn.ept.git.seminaire.cicd.demo.E_FirstPrincipalTest - Something to do before each test
]]></system-out>
  </testcase>
  <testcase name="addShouldReturnTheSumOfPositiveNumbers" classname="sn.ept.git.seminaire.cicd.demo.E_FirstPrincipalTest$Fast" time="0.002">
    <system-out><![CDATA[16:18:52.795 [main] INFO sn.ept.git.seminaire.cicd.demo.E_FirstPrincipalTest - Something to do before each test
]]></system-out>
  </testcase>
  <testcase name="addShouldReturnTheSumOfPositiveNumbers" classname="sn.ept.git.seminaire.cicd.demo.E_FirstPrincipalTest$Fast" time="0">
    <system-out><![CDATA[16:18:52.796 [main] INFO sn.ept.git.seminaire.cicd.demo.E_FirstPrincipalTest - Something to do before each test
]]></system-out>
  </testcase>
  <testcase name="addShouldReturnTheSumOfPositiveNumbers" classname="sn.ept.git.seminaire.cicd.demo.E_FirstPrincipalTest$Fast" time="0.001">
    <system-out><![CDATA[16:18:52.798 [main] INFO sn.ept.git.seminaire.cicd.demo.E_FirstPrincipalTest - Something to do before each test
]]></system-out>
  </testcase>
  <testcase name="addShouldReturnTheSumOfPositiveNumbers" classname="sn.ept.git.seminaire.cicd.demo.E_FirstPrincipalTest$Fast" time="0.001">
    <system-out><![CDATA[16:18:52.799 [main] INFO sn.ept.git.seminaire.cicd.demo.E_FirstPrincipalTest - Something to do before each test
]]></system-out>
  </testcase>
  <testcase name="addShouldReturnTheSumOfPositiveNumbers" classname="sn.ept.git.seminaire.cicd.demo.E_FirstPrincipalTest$Fast" time="0.001">
    <system-out><![CDATA[16:18:52.799 [main] INFO sn.ept.git.seminaire.cicd.demo.E_FirstPrincipalTest - Something to do before each test
]]></system-out>
  </testcase>
  <testcase name="addShouldReturnTheSumOfPositiveNumbers" classname="sn.ept.git.seminaire.cicd.demo.E_FirstPrincipalTest$Fast" time="0.001">
    <system-out><![CDATA[16:18:52.800 [main] INFO sn.ept.git.seminaire.cicd.demo.E_FirstPrincipalTest - Something to do before each test
]]></system-out>
  </testcase>
  <testcase name="addShouldReturnTheSumOfPositiveNumbers" classname="sn.ept.git.seminaire.cicd.demo.E_FirstPrincipalTest$Fast" time="0.003">
    <system-out><![CDATA[16:18:52.804 [main] INFO sn.ept.git.seminaire.cicd.demo.E_FirstPrincipalTest - Something to do before each test
]]></system-out>
  </testcase>
  <testcase name="addShouldReturnTheSumOfPositiveNumbers" classname="sn.ept.git.seminaire.cicd.demo.E_FirstPrincipalTest$Fast" time="0.001">
    <system-out><![CDATA[16:18:52.807 [main] INFO sn.ept.git.seminaire.cicd.demo.E_FirstPrincipalTest - Something to do before each test
]]></system-out>
  </testcase>
  <testcase name="addShouldReturnTheSumOfPositiveNumbers" classname="sn.ept.git.seminaire.cicd.demo.E_FirstPrincipalTest$Fast" time="0.001">
    <system-out><![CDATA[16:18:52.809 [main] INFO sn.ept.git.seminaire.cicd.demo.E_FirstPrincipalTest - Something to do before each test
]]></system-out>
  </testcase>
  <testcase name="addShouldReturnTheSumOfPositiveNumbers" classname="sn.ept.git.seminaire.cicd.demo.E_FirstPrincipalTest$Fast" time="0.001">
    <system-out><![CDATA[16:18:52.810 [main] INFO sn.ept.git.seminaire.cicd.demo.E_FirstPrincipalTest - Something to do before each test
]]></system-out>
  </testcase>
  <testcase name="addShouldReturnTheSumOfPositiveNumbers" classname="sn.ept.git.seminaire.cicd.demo.E_FirstPrincipalTest$Fast" time="0.004">
    <system-out><![CDATA[16:18:52.811 [main] INFO sn.ept.git.seminaire.cicd.demo.E_FirstPrincipalTest - Something to do before each test
]]></system-out>
  </testcase>
  <testcase name="addShouldReturnTheSumOfPositiveNumbers" classname="sn.ept.git.seminaire.cicd.demo.E_FirstPrincipalTest$Fast" time="0">
    <system-out><![CDATA[16:18:52.823 [main] INFO sn.ept.git.seminaire.cicd.demo.E_FirstPrincipalTest - Something to do before each test
]]></system-out>
  </testcase>
  <testcase name="addShouldReturnTheSumOfPositiveNumbers" classname="sn.ept.git.seminaire.cicd.demo.E_FirstPrincipalTest$Fast" time="0.001">
    <system-out><![CDATA[16:18:52.824 [main] INFO sn.ept.git.seminaire.cicd.demo.E_FirstPrincipalTest - Something to do before each test
]]></system-out>
  </testcase>
  <testcase name="addShouldReturnTheSumOfPositiveNumbers" classname="sn.ept.git.seminaire.cicd.demo.E_FirstPrincipalTest$Fast" time="0">
    <system-out><![CDATA[16:18:52.828 [main] INFO sn.ept.git.seminaire.cicd.demo.E_FirstPrincipalTest - Something to do before each test
]]></system-out>
  </testcase>
  <testcase name="addShouldReturnTheSumOfPositiveNumbers" classname="sn.ept.git.seminaire.cicd.demo.E_FirstPrincipalTest$Fast" time="0">
    <system-out><![CDATA[16:18:52.829 [main] INFO sn.ept.git.seminaire.cicd.demo.E_FirstPrincipalTest - Something to do before each test
]]></system-out>
  </testcase>
  <testcase name="addShouldReturnTheSumOfPositiveNumbers" classname="sn.ept.git.seminaire.cicd.demo.E_FirstPrincipalTest$Fast" time="0.001">
    <system-out><![CDATA[16:18:52.831 [main] INFO sn.ept.git.seminaire.cicd.demo.E_FirstPrincipalTest - Something to do before each test
]]></system-out>
  </testcase>
  <testcase name="addShouldReturnTheSumOfPositiveNumbers" classname="sn.ept.git.seminaire.cicd.demo.E_FirstPrincipalTest$Fast" time="0.001">
    <system-out><![CDATA[16:18:52.832 [main] INFO sn.ept.git.seminaire.cicd.demo.E_FirstPrincipalTest - Something to do before each test
]]></system-out>
  </testcase>
  <testcase name="addShouldReturnTheSumOfPositiveNumbers" classname="sn.ept.git.seminaire.cicd.demo.E_FirstPrincipalTest$Fast" time="0.001">
    <system-out><![CDATA[16:18:52.839 [main] INFO sn.ept.git.seminaire.cicd.demo.E_FirstPrincipalTest - Something to do before each test
]]></system-out>
  </testcase>
</testsuite>