<?xml version="1.0" encoding="UTF-8"?>
<testsuite xmlns:xsi="http://www.w3.org/2001/XMLSchema-instance" xsi:noNamespaceSchemaLocation="https://maven.apache.org/surefire/maven-surefire-plugin/xsd/surefire-test-report-3.0.xsd" version="3.0" name="sn.ept.git.seminaire.cicd.services.TodoServiceTest" time="18.592" tests="13" errors="0" skipped="0" failures="0">
  <properties>
[...]
</properties>
  <testcase name="defaultPageShouldBePositive" classname="sn.ept.git.seminaire.cicd.services.TodoServiceTest" time="0.657">
    <system-out><![CDATA[16:22:51.308 [main] DEBUG com.tngtech.archunit.ArchConfiguration - No configuration found in classpath at archunit.properties => Using default configuration
16:22:51.667 [main] DEBUG org.springframework.test.context.BootstrapUtils - Instantiating CacheAwareContextLoaderDelegate from class [org.springframework.test.context.cache.DefaultCacheAwareContextLoaderDelegate]
16:22:51.683 [main] DEBUG org.springframework.test.context.BootstrapUtils - Instantiating BootstrapContext using constructor [public org.springframework.test.context.support.DefaultBootstrapContext(java.lang.Class,org.springframework.test.context.CacheAwareContextLoaderDelegate)]
16:22:51.729 [main] DEBUG org.springframework.test.context.BootstrapUtils - Instantiating TestContextBootstrapper for test class [sn.ept.git.seminaire.cicd.services.TodoServiceTest] from class [org.springframework.boot.test.context.SpringBootTestContextBootstrapper]
16:22:51.745 [main] INFO org.springframework.boot.test.context.SpringBootTestContextBootstrapper - Neither @ContextConfiguration nor @ContextHierarchy found for test class [sn.ept.git.seminaire.cicd.services.TodoServiceTest], using SpringBootContextLoader
16:22:51.745 [main] DEBUG org.springframework.test.context.support.AbstractContextLoader - Did not detect default resource location for test class [sn.ept.git.seminaire.cicd.services.TodoServiceTest]: class path resource [sn/ept/git/seminaire/cicd/services/TodoServiceTest-context.xml] does not exist
16:22:51.745 [main] DEBUG org.springframework.test.context.support.AbstractContextLoader - Did not detect default resource location for test class [sn.ept.git.seminaire.cicd.services.TodoServiceTest]: class path resource [sn/ept/git/seminaire/cicd/services/TodoServiceTestContext.groovy] does not exist
16:22:51.745 [main] INFO org.springframework.test.context.support.AbstractContextLoader - Could not detect default resource locations for test class [sn.ept.git.seminaire.cicd.services.TodoServiceTest]: no resource found for suffixes {-context.xml, Context.groovy}.
16:22:51.808 [main] DEBUG org.springframework.test.context.support.ActiveProfilesUtils - Could not find an 'annotation declaring class' for annotation type [org.springframework.test.context.ActiveProfiles] and class [sn.ept.git.seminaire.cicd.services.TodoServiceTest]
16:22:52.041 [main] DEBUG org.springframework.boot.test.context.SpringBootTestContextBootstrapper - @TestExecutionListeners is not present for class [sn.ept.git.seminaire.cicd.services.TodoServiceTest]: using defaults.
16:22:52.041 [main] INFO org.springframework.boot.test.context.SpringBootTestContextBootstrapper - Loaded default TestExecutionListener class names from location [META-INF/spring.factories]: [org.springframework.boot.test.mock.mockito.MockitoTestExecutionListener, org.springframework.boot.test.mock.mockito.ResetMocksTestExecutionListener, org.springframework.boot.test.autoconfigure.restdocs.RestDocsTestExecutionListener, org.springframework.boot.test.autoconfigure.web.client.MockRestServiceServerResetTestExecutionListener, org.springframework.boot.test.autoconfigure.web.servlet.MockMvcPrintOnlyOnFailureTestExecutionListener, org.springframework.boot.test.autoconfigure.web.servlet.WebDriverTestExecutionListener, org.springframework.boot.test.autoconfigure.webservices.client.MockWebServiceServerTestExecutionListener, org.springframework.test.context.web.ServletTestExecutionListener, org.springframework.test.context.support.DirtiesContextBeforeModesTestExecutionListener, org.springframework.test.context.event.ApplicationEventsTestExecutionListener, org.springframework.test.context.support.DependencyInjectionTestExecutionListener, org.springframework.test.context.support.DirtiesContextTestExecutionListener, org.springframework.test.context.transaction.TransactionalTestExecutionListener, org.springframework.test.context.jdbc.SqlScriptsTestExecutionListener, org.springframework.test.context.event.EventPublishingTestExecutionListener]
16:22:52.073 [main] INFO org.springframework.boot.test.context.SpringBootTestContextBootstrapper - Using TestExecutionListeners: [org.springframework.test.context.web.ServletTestExecutionListener@6e005dc9, org.springframework.test.context.support.DirtiesContextBeforeModesTestExecutionListener@7ceb3185, org.springframework.test.context.event.ApplicationEventsTestExecutionListener@436c81a3, org.springframework.boot.test.mock.mockito.MockitoTestExecutionListener@3561c410, org.springframework.boot.test.autoconfigure.SpringBootDependencyInjectionTestExecutionListener@59e32960, org.springframework.test.context.support.DirtiesContextTestExecutionListener@7c214cc0, org.springframework.test.context.transaction.TransactionalTestExecutionListener@5b67bb7e, org.springframework.test.context.jdbc.SqlScriptsTestExecutionListener@609db546, org.springframework.test.context.event.EventPublishingTestExecutionListener@20f5281c, org.springframework.boot.test.mock.mockito.ResetMocksTestExecutionListener@56c4278e, org.springframework.boot.test.autoconfigure.restdocs.RestDocsTestExecutionListener@301eda63, org.springframework.boot.test.autoconfigure.web.client.MockRestServiceServerResetTestExecutionListener@3d246ea3, org.springframework.boot.test.autoconfigure.web.servlet.MockMvcPrintOnlyOnFailureTestExecutionListener@341814d3, org.springframework.boot.test.autoconfigure.web.servlet.WebDriverTestExecutionListener@4397ad89, org.springframework.boot.test.autoconfigure.webservices.client.MockWebServiceServerTestExecutionListener@59cba5a]
16:22:52.082 [main] DEBUG org.springframework.test.context.support.AbstractDirtiesContextTestExecutionListener - Before test class: context [DefaultTestContext@79dc5318 testClass = TodoServiceTest, testInstance = [null], testMethod = [null], testException = [null], mergedContextConfiguration = [WebMergedContextConfiguration@8e50104 testClass = TodoServiceTest, locations = '{}', classes = '{class sn.ept.git.seminaire.cicd.TodoApplication}', contextInitializerClasses = '[]', activeProfiles = '{}', propertySourceLocations = '{}', propertySourceProperties = '{org.springframework.boot.test.context.SpringBootTestContextBootstrapper=true}', contextCustomizers = set[org.springframework.boot.test.context.filter.ExcludeFilterContextCustomizer@71ba6d4e, org.springframework.boot.test.json.DuplicateJsonObjectContextCustomizerFactory$DuplicateJsonObjectContextCustomizer@63376bed, org.springframework.boot.test.mock.mockito.MockitoContextCustomizer@0, org.springframework.boot.test.web.client.TestRestTemplateContextCustomizer@78e4deb0, org.springframework.boot.test.autoconfigure.actuate.metrics.MetricsExportContextCustomizerFactory$DisableMetricExportContextCustomizer@470734c3, org.springframework.boot.test.autoconfigure.properties.PropertyMappingContextCustomizer@0, org.springframework.boot.test.autoconfigure.web.servlet.WebDriverContextCustomizerFactory$Customizer@1cf6d1be, org.springframework.boot.test.context.SpringBootTestArgs@1, org.springframework.boot.test.context.SpringBootTestWebEnvironment@418e7838], resourceBasePath = 'src/main/webapp', contextLoader = 'org.springframework.boot.test.context.SpringBootContextLoader', parent = [null]], attributes = map['org.springframework.test.context.web.ServletTestExecutionListener.activateListener' -> true]], class annotated with @DirtiesContext [false] with mode [null].
16:22:52.113 [main] INFO sn.ept.git.seminaire.cicd.services.TodoServiceTest -  before all
16:22:52.736 [main] DEBUG org.springframework.test.context.support.TestPropertySourceUtils - Adding inlined properties to environment: {spring.jmx.enabled=false, org.springframework.boot.test.context.SpringBootTestContextBootstrapper=true}

  .   ____          _            __ _ _
 /\\ / ___'_ __ _ _(_)_ __  __ _ \ \ \ \
( ( )\___ | '_ | '_| | '_ \/ _` | \ \ \ \
 \\/  ___)| |_)| | | | | || (_| |  ) ) ) )
  '  |____| .__|_| |_|_| |_\__, | / / / /
 =========|_|==============|___/=/_/_/_/
 :: Spring Boot ::                (v2.5.2)

2022-08-11 16:22:53.206  INFO 53444 --- [           main] s.e.g.s.cicd.services.TodoServiceTest    : Starting TodoServiceTest using Java 1.8.0_261 on IBOU-SENE with PID 53444 (started by ibou.sene in C:\dev\apps\java\todos)
2022-08-11 16:22:53.211  INFO 53444 --- [           main] s.e.g.s.cicd.services.TodoServiceTest    : No active profile set, falling back to default profiles: default
2022-08-11 16:22:54.788  INFO 53444 --- [           main] .s.d.r.c.RepositoryConfigurationDelegate : Bootstrapping Spring Data JPA repositories in DEFAULT mode.
2022-08-11 16:22:54.946  INFO 53444 --- [           main] .s.d.r.c.RepositoryConfigurationDelegate : Finished Spring Data repository scanning in 145 ms. Found 2 JPA repository interfaces.
2022-08-11 16:22:56.124  INFO 53444 --- [           main] o.hibernate.jpa.internal.util.LogHelper  : HHH000204: Processing PersistenceUnitInfo [name: default]
2022-08-11 16:22:56.249  INFO 53444 --- [           main] org.hibernate.Version                    : HHH000412: Hibernate ORM core version 5.4.32.Final
2022-08-11 16:22:56.514  INFO 53444 --- [           main] o.hibernate.annotations.common.Version   : HCANN000001: Hibernate Commons Annotations {5.1.2.Final}
2022-08-11 16:22:56.702  INFO 53444 --- [           main] com.zaxxer.hikari.HikariDataSource       : HikariPool-1 - Starting...
2022-08-11 16:22:57.186  INFO 53444 --- [           main] com.zaxxer.hikari.HikariDataSource       : HikariPool-1 - Start completed.
2022-08-11 16:22:57.271  INFO 53444 --- [           main] org.hibernate.dialect.Dialect            : HHH000400: Using dialect: org.hibernate.dialect.H2Dialect
Hibernate: drop table if exists acicd_tags CASCADE 
Hibernate: drop table if exists acicd_todos CASCADE 
Hibernate: drop table if exists tags_todos CASCADE 
Hibernate: create table acicd_tags (id binary not null, created_date timestamp, deleted boolean not null, enabled boolean not null, last_modified_date timestamp, version integer not null, description varchar(255), name varchar(50), primary key (id))
Hibernate: create table acicd_todos (id binary not null, created_date timestamp, deleted boolean not null, enabled boolean not null, last_modified_date timestamp, version integer not null, completed boolean not null, description varchar(255), title varchar(80), primary key (id))
Hibernate: create table tags_todos (id_todo binary not null, id_tag binary not null, primary key (id_todo, id_tag))
Hibernate: alter table acicd_tags add constraint UK_m8cmpn3mbl6rddcmdp6jkm5gj unique (name)
Hibernate: alter table acicd_todos add constraint UK_rv65c4b0kp0g2m7kfplxsjn9f unique (title)
Hibernate: alter table tags_todos add constraint FKaomjpjc4ry7p65i1h7pqkg9r1 foreign key (id_tag) references acicd_tags
Hibernate: alter table tags_todos add constraint FKpw0duwb5dmunp1utsagammrdd foreign key (id_todo) references acicd_todos
2022-08-11 16:22:58.950  INFO 53444 --- [           main] o.h.e.t.j.p.i.JtaPlatformInitiator       : HHH000490: Using JtaPlatform implementation: [org.hibernate.engine.transaction.jta.platform.internal.NoJtaPlatform]
2022-08-11 16:22:58.965  INFO 53444 --- [           main] j.LocalContainerEntityManagerFactoryBean : Initialized JPA EntityManagerFactory for persistence unit 'default'
2022-08-11 16:23:03.905  WARN 53444 --- [           main] JpaBaseConfiguration$JpaWebConfiguration : spring.jpa.open-in-view is enabled by default. Therefore, database queries may be performed during view rendering. Explicitly configure spring.jpa.open-in-view to disable this warning
2022-08-11 16:23:05.780  INFO 53444 --- [           main] o.s.b.a.h2.H2ConsoleAutoConfiguration    : H2 console available at '/h2-console'. Database available at 'jdbc:h2:mem:todos_test_database'
2022-08-11 16:23:07.115  INFO 53444 --- [           main] s.e.g.s.cicd.services.TodoServiceTest    : Started TodoServiceTest in 14.365 seconds (JVM running for 16.421)
2022-08-11 16:23:07.288  INFO 53444 --- [           main] o.s.t.c.transaction.TransactionContext   : Began transaction (1) for test context [DefaultTestContext@79dc5318 testClass = TodoServiceTest, testInstance = sn.ept.git.seminaire.cicd.services.TodoServiceTest@77d959f1, testMethod = defaultPageShouldBePositive@ServiceBaseTest, testException = [null], mergedContextConfiguration = [WebMergedContextConfiguration@8e50104 testClass = TodoServiceTest, locations = '{}', classes = '{class sn.ept.git.seminaire.cicd.TodoApplication}', contextInitializerClasses = '[]', activeProfiles = '{}', propertySourceLocations = '{}', propertySourceProperties = '{org.springframework.boot.test.context.SpringBootTestContextBootstrapper=true}', contextCustomizers = set[org.springframework.boot.test.context.filter.ExcludeFilterContextCustomizer@71ba6d4e, org.springframework.boot.test.json.DuplicateJsonObjectContextCustomizerFactory$DuplicateJsonObjectContextCustomizer@63376bed, org.springframework.boot.test.mock.mockito.MockitoContextCustomizer@0, org.springframework.boot.test.web.client.TestRestTemplateContextCustomizer@78e4deb0, org.springframework.boot.test.autoconfigure.actuate.metrics.MetricsExportContextCustomizerFactory$DisableMetricExportContextCustomizer@470734c3, org.springframework.boot.test.autoconfigure.properties.PropertyMappingContextCustomizer@0, org.springframework.boot.test.autoconfigure.web.servlet.WebDriverContextCustomizerFactory$Customizer@1cf6d1be, org.springframework.boot.test.context.SpringBootTestArgs@1, org.springframework.boot.test.context.SpringBootTestWebEnvironment@418e7838], resourceBasePath = 'src/main/webapp', contextLoader = 'org.springframework.boot.test.context.SpringBootContextLoader', parent = [null]], attributes = map['org.springframework.test.context.web.ServletTestExecutionListener.activateListener' -> true, 'org.springframework.test.context.web.ServletTestExecutionListener.populatedRequestContextHolder' -> true, 'org.springframework.test.context.web.ServletTestExecutionListener.resetRequestContextHolder' -> true, 'org.springframework.test.context.event.ApplicationEventsTestExecutionListener.recordApplicationEvents' -> false]]; transaction manager [org.springframework.orm.jpa.JpaTransactionManager@45d46254]; rollback [true]
2022-08-11 16:23:07.549  INFO 53444 --- [           main] s.e.g.s.cicd.services.TodoServiceTest    :  before each
2022-08-11 16:23:07.854  INFO 53444 --- [           main] o.s.t.c.transaction.TransactionContext   : Rolled back transaction for test: [DefaultTestContext@79dc5318 testClass = TodoServiceTest, testInstance = sn.ept.git.seminaire.cicd.services.TodoServiceTest@77d959f1, testMethod = defaultPageShouldBePositive@ServiceBaseTest, testException = [null], mergedContextConfiguration = [WebMergedContextConfiguration@8e50104 testClass = TodoServiceTest, locations = '{}', classes = '{class sn.ept.git.seminaire.cicd.TodoApplication}', contextInitializerClasses = '[]', activeProfiles = '{}', propertySourceLocations = '{}', propertySourceProperties = '{org.springframework.boot.test.context.SpringBootTestContextBootstrapper=true}', contextCustomizers = set[org.springframework.boot.test.context.filter.ExcludeFilterContextCustomizer@71ba6d4e, org.springframework.boot.test.json.DuplicateJsonObjectContextCustomizerFactory$DuplicateJsonObjectContextCustomizer@63376bed, org.springframework.boot.test.mock.mockito.MockitoContextCustomizer@0, org.springframework.boot.test.web.client.TestRestTemplateContextCustomizer@78e4deb0, org.springframework.boot.test.autoconfigure.actuate.metrics.MetricsExportContextCustomizerFactory$DisableMetricExportContextCustomizer@470734c3, org.springframework.boot.test.autoconfigure.properties.PropertyMappingContextCustomizer@0, org.springframework.boot.test.autoconfigure.web.servlet.WebDriverContextCustomizerFactory$Customizer@1cf6d1be, org.springframework.boot.test.context.SpringBootTestArgs@1, org.springframework.boot.test.context.SpringBootTestWebEnvironment@418e7838], resourceBasePath = 'src/main/webapp', contextLoader = 'org.springframework.boot.test.context.SpringBootContextLoader', parent = [null]], attributes = map['org.springframework.test.context.web.ServletTestExecutionListener.activateListener' -> true, 'org.springframework.test.context.web.ServletTestExecutionListener.populatedRequestContextHolder' -> true, 'org.springframework.test.context.web.ServletTestExecutionListener.resetRequestContextHolder' -> true, 'org.springframework.test.context.event.ApplicationEventsTestExecutionListener.recordApplicationEvents' -> false]]
]]></system-out>
  </testcase>
  <testcase name="defaultSizeShouldBePositive" classname="sn.ept.git.seminaire.cicd.services.TodoServiceTest" time="0.035">
    <system-out><![CDATA[2022-08-11 16:23:07.891  INFO 53444 --- [           main] o.s.t.c.transaction.TransactionContext   : Began transaction (1) for test context [DefaultTestContext@79dc5318 testClass = TodoServiceTest, testInstance = sn.ept.git.seminaire.cicd.services.TodoServiceTest@3d9c8c3c, testMethod = defaultSizeShouldBePositive@ServiceBaseTest, testException = [null], mergedContextConfiguration = [WebMergedContextConfiguration@8e50104 testClass = TodoServiceTest, locations = '{}', classes = '{class sn.ept.git.seminaire.cicd.TodoApplication}', contextInitializerClasses = '[]', activeProfiles = '{}', propertySourceLocations = '{}', propertySourceProperties = '{org.springframework.boot.test.context.SpringBootTestContextBootstrapper=true}', contextCustomizers = set[org.springframework.boot.test.context.filter.ExcludeFilterContextCustomizer@71ba6d4e, org.springframework.boot.test.json.DuplicateJsonObjectContextCustomizerFactory$DuplicateJsonObjectContextCustomizer@63376bed, org.springframework.boot.test.mock.mockito.MockitoContextCustomizer@0, org.springframework.boot.test.web.client.TestRestTemplateContextCustomizer@78e4deb0, org.springframework.boot.test.autoconfigure.actuate.metrics.MetricsExportContextCustomizerFactory$DisableMetricExportContextCustomizer@470734c3, org.springframework.boot.test.autoconfigure.properties.PropertyMappingContextCustomizer@0, org.springframework.boot.test.autoconfigure.web.servlet.WebDriverContextCustomizerFactory$Customizer@1cf6d1be, org.springframework.boot.test.context.SpringBootTestArgs@1, org.springframework.boot.test.context.SpringBootTestWebEnvironment@418e7838], resourceBasePath = 'src/main/webapp', contextLoader = 'org.springframework.boot.test.context.SpringBootContextLoader', parent = [null]], attributes = map['org.springframework.test.context.web.ServletTestExecutionListener.activateListener' -> true, 'org.springframework.test.context.web.ServletTestExecutionListener.populatedRequestContextHolder' -> true, 'org.springframework.test.context.web.ServletTestExecutionListener.resetRequestContextHolder' -> true, 'org.springframework.test.context.event.ApplicationEventsTestExecutionListener.recordApplicationEvents' -> false]]; transaction manager [org.springframework.orm.jpa.JpaTransactionManager@45d46254]; rollback [true]
2022-08-11 16:23:07.899  INFO 53444 --- [           main] s.e.g.s.cicd.services.TodoServiceTest    :  before each
2022-08-11 16:23:07.916  INFO 53444 --- [           main] o.s.t.c.transaction.TransactionContext   : Rolled back transaction for test: [DefaultTestContext@79dc5318 testClass = TodoServiceTest, testInstance = sn.ept.git.seminaire.cicd.services.TodoServiceTest@3d9c8c3c, testMethod = defaultSizeShouldBePositive@ServiceBaseTest, testException = [null], mergedContextConfiguration = [WebMergedContextConfiguration@8e50104 testClass = TodoServiceTest, locations = '{}', classes = '{class sn.ept.git.seminaire.cicd.TodoApplication}', contextInitializerClasses = '[]', activeProfiles = '{}', propertySourceLocations = '{}', propertySourceProperties = '{org.springframework.boot.test.context.SpringBootTestContextBootstrapper=true}', contextCustomizers = set[org.springframework.boot.test.context.filter.ExcludeFilterContextCustomizer@71ba6d4e, org.springframework.boot.test.json.DuplicateJsonObjectContextCustomizerFactory$DuplicateJsonObjectContextCustomizer@63376bed, org.springframework.boot.test.mock.mockito.MockitoContextCustomizer@0, org.springframework.boot.test.web.client.TestRestTemplateContextCustomizer@78e4deb0, org.springframework.boot.test.autoconfigure.actuate.metrics.MetricsExportContextCustomizerFactory$DisableMetricExportContextCustomizer@470734c3, org.springframework.boot.test.autoconfigure.properties.PropertyMappingContextCustomizer@0, org.springframework.boot.test.autoconfigure.web.servlet.WebDriverContextCustomizerFactory$Customizer@1cf6d1be, org.springframework.boot.test.context.SpringBootTestArgs@1, org.springframework.boot.test.context.SpringBootTestWebEnvironment@418e7838], resourceBasePath = 'src/main/webapp', contextLoader = 'org.springframework.boot.test.context.SpringBootContextLoader', parent = [null]], attributes = map['org.springframework.test.context.web.ServletTestExecutionListener.activateListener' -> true, 'org.springframework.test.context.web.ServletTestExecutionListener.populatedRequestContextHolder' -> true, 'org.springframework.test.context.web.ServletTestExecutionListener.resetRequestContextHolder' -> true, 'org.springframework.test.context.event.ApplicationEventsTestExecutionListener.recordApplicationEvents' -> false]]
]]></system-out>
  </testcase>
  <testcase name="findById_shouldReturnResult" classname="sn.ept.git.seminaire.cicd.services.TodoServiceTest" time="1.2">
    <system-out><![CDATA[2022-08-11 16:23:08.000  INFO 53444 --- [           main] o.s.t.c.transaction.TransactionContext   : Began transaction (1) for test context [DefaultTestContext@79dc5318 testClass = TodoServiceTest, testInstance = sn.ept.git.seminaire.cicd.services.TodoServiceTest@2dc73024, testMethod = findById_shouldReturnResult@TodoServiceTest, testException = [null], mergedContextConfiguration = [WebMergedContextConfiguration@8e50104 testClass = TodoServiceTest, locations = '{}', classes = '{class sn.ept.git.seminaire.cicd.TodoApplication}', contextInitializerClasses = '[]', activeProfiles = '{}', propertySourceLocations = '{}', propertySourceProperties = '{org.springframework.boot.test.context.SpringBootTestContextBootstrapper=true}', contextCustomizers = set[org.springframework.boot.test.context.filter.ExcludeFilterContextCustomizer@71ba6d4e, org.springframework.boot.test.json.DuplicateJsonObjectContextCustomizerFactory$DuplicateJsonObjectContextCustomizer@63376bed, org.springframework.boot.test.mock.mockito.MockitoContextCustomizer@0, org.springframework.boot.test.web.client.TestRestTemplateContextCustomizer@78e4deb0, org.springframework.boot.test.autoconfigure.actuate.metrics.MetricsExportContextCustomizerFactory$DisableMetricExportContextCustomizer@470734c3, org.springframework.boot.test.autoconfigure.properties.PropertyMappingContextCustomizer@0, org.springframework.boot.test.autoconfigure.web.servlet.WebDriverContextCustomizerFactory$Customizer@1cf6d1be, org.springframework.boot.test.context.SpringBootTestArgs@1, org.springframework.boot.test.context.SpringBootTestWebEnvironment@418e7838], resourceBasePath = 'src/main/webapp', contextLoader = 'org.springframework.boot.test.context.SpringBootContextLoader', parent = [null]], attributes = map['org.springframework.test.context.web.ServletTestExecutionListener.activateListener' -> true, 'org.springframework.test.context.web.ServletTestExecutionListener.populatedRequestContextHolder' -> true, 'org.springframework.test.context.web.ServletTestExecutionListener.resetRequestContextHolder' -> true, 'org.springframework.test.context.event.ApplicationEventsTestExecutionListener.recordApplicationEvents' -> false]]; transaction manager [org.springframework.orm.jpa.JpaTransactionManager@45d46254]; rollback [true]
2022-08-11 16:23:08.009  INFO 53444 --- [           main] s.e.g.s.cicd.services.TodoServiceTest    :  before each
Hibernate: select todo0_.id as id1_1_, todo0_.created_date as created_2_1_, todo0_.deleted as deleted3_1_, todo0_.enabled as enabled4_1_, todo0_.last_modified_date as last_mod5_1_, todo0_.version as version6_1_, todo0_.completed as complete7_1_, todo0_.description as descript8_1_, todo0_.title as title9_1_ from acicd_todos todo0_ where (  todo0_.deleted = 0 ) and todo0_.title=?
Hibernate: select todo0_.id as id1_1_1_, todo0_.created_date as created_2_1_1_, todo0_.deleted as deleted3_1_1_, todo0_.enabled as enabled4_1_1_, todo0_.last_modified_date as last_mod5_1_1_, todo0_.version as version6_1_1_, todo0_.completed as complete7_1_1_, todo0_.description as descript8_1_1_, todo0_.title as title9_1_1_, tags1_.id_todo as id_todo1_2_3_, tag2_.id as id_tag2_2_3_, tag2_.id as id1_0_0_, tag2_.created_date as created_2_0_0_, tag2_.deleted as deleted3_0_0_, tag2_.enabled as enabled4_0_0_, tag2_.last_modified_date as last_mod5_0_0_, tag2_.version as version6_0_0_, tag2_.description as descript7_0_0_, tag2_.name as name8_0_0_ from acicd_todos todo0_ left outer join tags_todos tags1_ on todo0_.id=tags1_.id_todo left outer join acicd_tags tag2_ on tags1_.id_tag=tag2_.id and ( (  tag2_.deleted = 0  ) and (  tag2_.deleted = 0  )) where todo0_.id=? and (  todo0_.deleted = 0 ) 
Hibernate: insert into acicd_todos (created_date, deleted, enabled, last_modified_date, version, completed, description, title, id) values (?, ?, ?, ?, ?, ?, ?, ?, ?)
2022-08-11 16:23:09.180  INFO 53444 --- [           main] o.s.t.c.transaction.TransactionContext   : Rolled back transaction for test: [DefaultTestContext@79dc5318 testClass = TodoServiceTest, testInstance = sn.ept.git.seminaire.cicd.services.TodoServiceTest@2dc73024, testMethod = findById_shouldReturnResult@TodoServiceTest, testException = [null], mergedContextConfiguration = [WebMergedContextConfiguration@8e50104 testClass = TodoServiceTest, locations = '{}', classes = '{class sn.ept.git.seminaire.cicd.TodoApplication}', contextInitializerClasses = '[]', activeProfiles = '{}', propertySourceLocations = '{}', propertySourceProperties = '{org.springframework.boot.test.context.SpringBootTestContextBootstrapper=true}', contextCustomizers = set[org.springframework.boot.test.context.filter.ExcludeFilterContextCustomizer@71ba6d4e, org.springframework.boot.test.json.DuplicateJsonObjectContextCustomizerFactory$DuplicateJsonObjectContextCustomizer@63376bed, org.springframework.boot.test.mock.mockito.MockitoContextCustomizer@0, org.springframework.boot.test.web.client.TestRestTemplateContextCustomizer@78e4deb0, org.springframework.boot.test.autoconfigure.actuate.metrics.MetricsExportContextCustomizerFactory$DisableMetricExportContextCustomizer@470734c3, org.springframework.boot.test.autoconfigure.properties.PropertyMappingContextCustomizer@0, org.springframework.boot.test.autoconfigure.web.servlet.WebDriverContextCustomizerFactory$Customizer@1cf6d1be, org.springframework.boot.test.context.SpringBootTestArgs@1, org.springframework.boot.test.context.SpringBootTestWebEnvironment@418e7838], resourceBasePath = 'src/main/webapp', contextLoader = 'org.springframework.boot.test.context.SpringBootContextLoader', parent = [null]], attributes = map['org.springframework.test.context.web.ServletTestExecutionListener.activateListener' -> true, 'org.springframework.test.context.web.ServletTestExecutionListener.populatedRequestContextHolder' -> true, 'org.springframework.test.context.web.ServletTestExecutionListener.resetRequestContextHolder' -> true, 'org.springframework.test.context.event.ApplicationEventsTestExecutionListener.recordApplicationEvents' -> false]]
]]></system-out>
  </testcase>
  <testcase name="findById_withBadId_ShouldReturnNoResult" classname="sn.ept.git.seminaire.cicd.services.TodoServiceTest" time="0.038">
    <system-out><![CDATA[2022-08-11 16:23:09.193  INFO 53444 --- [           main] o.s.t.c.transaction.TransactionContext   : Began transaction (1) for test context [DefaultTestContext@79dc5318 testClass = TodoServiceTest, testInstance = sn.ept.git.seminaire.cicd.services.TodoServiceTest@72d16d6, testMethod = findById_withBadId_ShouldReturnNoResult@TodoServiceTest, testException = [null], mergedContextConfiguration = [WebMergedContextConfiguration@8e50104 testClass = TodoServiceTest, locations = '{}', classes = '{class sn.ept.git.seminaire.cicd.TodoApplication}', contextInitializerClasses = '[]', activeProfiles = '{}', propertySourceLocations = '{}', propertySourceProperties = '{org.springframework.boot.test.context.SpringBootTestContextBootstrapper=true}', contextCustomizers = set[org.springframework.boot.test.context.filter.ExcludeFilterContextCustomizer@71ba6d4e, org.springframework.boot.test.json.DuplicateJsonObjectContextCustomizerFactory$DuplicateJsonObjectContextCustomizer@63376bed, org.springframework.boot.test.mock.mockito.MockitoContextCustomizer@0, org.springframework.boot.test.web.client.TestRestTemplateContextCustomizer@78e4deb0, org.springframework.boot.test.autoconfigure.actuate.metrics.MetricsExportContextCustomizerFactory$DisableMetricExportContextCustomizer@470734c3, org.springframework.boot.test.autoconfigure.properties.PropertyMappingContextCustomizer@0, org.springframework.boot.test.autoconfigure.web.servlet.WebDriverContextCustomizerFactory$Customizer@1cf6d1be, org.springframework.boot.test.context.SpringBootTestArgs@1, org.springframework.boot.test.context.SpringBootTestWebEnvironment@418e7838], resourceBasePath = 'src/main/webapp', contextLoader = 'org.springframework.boot.test.context.SpringBootContextLoader', parent = [null]], attributes = map['org.springframework.test.context.web.ServletTestExecutionListener.activateListener' -> true, 'org.springframework.test.context.web.ServletTestExecutionListener.populatedRequestContextHolder' -> true, 'org.springframework.test.context.web.ServletTestExecutionListener.resetRequestContextHolder' -> true, 'org.springframework.test.context.event.ApplicationEventsTestExecutionListener.recordApplicationEvents' -> false]]; transaction manager [org.springframework.orm.jpa.JpaTransactionManager@45d46254]; rollback [true]
2022-08-11 16:23:09.201  INFO 53444 --- [           main] s.e.g.s.cicd.services.TodoServiceTest    :  before each
Hibernate: select todo0_.id as id1_1_0_, todo0_.created_date as created_2_1_0_, todo0_.deleted as deleted3_1_0_, todo0_.enabled as enabled4_1_0_, todo0_.last_modified_date as last_mod5_1_0_, todo0_.version as version6_1_0_, todo0_.completed as complete7_1_0_, todo0_.description as descript8_1_0_, todo0_.title as title9_1_0_, tags1_.id_todo as id_todo1_2_1_, tag2_.id as id_tag2_2_1_, tag2_.id as id1_0_2_, tag2_.created_date as created_2_0_2_, tag2_.deleted as deleted3_0_2_, tag2_.enabled as enabled4_0_2_, tag2_.last_modified_date as last_mod5_0_2_, tag2_.version as version6_0_2_, tag2_.description as descript7_0_2_, tag2_.name as name8_0_2_ from acicd_todos todo0_ left outer join tags_todos tags1_ on todo0_.id=tags1_.id_todo left outer join acicd_tags tag2_ on tags1_.id_tag=tag2_.id and ( (  tag2_.deleted = 0  ) and (  tag2_.deleted = 0  )) where todo0_.id=? and (  todo0_.deleted = 0 )
2022-08-11 16:23:09.225  INFO 53444 --- [           main] o.s.t.c.transaction.TransactionContext   : Rolled back transaction for test: [DefaultTestContext@79dc5318 testClass = TodoServiceTest, testInstance = sn.ept.git.seminaire.cicd.services.TodoServiceTest@72d16d6, testMethod = findById_withBadId_ShouldReturnNoResult@TodoServiceTest, testException = [null], mergedContextConfiguration = [WebMergedContextConfiguration@8e50104 testClass = TodoServiceTest, locations = '{}', classes = '{class sn.ept.git.seminaire.cicd.TodoApplication}', contextInitializerClasses = '[]', activeProfiles = '{}', propertySourceLocations = '{}', propertySourceProperties = '{org.springframework.boot.test.context.SpringBootTestContextBootstrapper=true}', contextCustomizers = set[org.springframework.boot.test.context.filter.ExcludeFilterContextCustomizer@71ba6d4e, org.springframework.boot.test.json.DuplicateJsonObjectContextCustomizerFactory$DuplicateJsonObjectContextCustomizer@63376bed, org.springframework.boot.test.mock.mockito.MockitoContextCustomizer@0, org.springframework.boot.test.web.client.TestRestTemplateContextCustomizer@78e4deb0, org.springframework.boot.test.autoconfigure.actuate.metrics.MetricsExportContextCustomizerFactory$DisableMetricExportContextCustomizer@470734c3, org.springframework.boot.test.autoconfigure.properties.PropertyMappingContextCustomizer@0, org.springframework.boot.test.autoconfigure.web.servlet.WebDriverContextCustomizerFactory$Customizer@1cf6d1be, org.springframework.boot.test.context.SpringBootTestArgs@1, org.springframework.boot.test.context.SpringBootTestWebEnvironment@418e7838], resourceBasePath = 'src/main/webapp', contextLoader = 'org.springframework.boot.test.context.SpringBootContextLoader', parent = [null]], attributes = map['org.springframework.test.context.web.ServletTestExecutionListener.activateListener' -> true, 'org.springframework.test.context.web.ServletTestExecutionListener.populatedRequestContextHolder' -> true, 'org.springframework.test.context.web.ServletTestExecutionListener.resetRequestContextHolder' -> true, 'org.springframework.test.context.event.ApplicationEventsTestExecutionListener.recordApplicationEvents' -> false]]
]]></system-out>
  </testcase>
  <testcase name="save_shouldSaveSociete" classname="sn.ept.git.seminaire.cicd.services.TodoServiceTest" time="0.041">
    <system-out><![CDATA[2022-08-11 16:23:09.234  INFO 53444 --- [           main] o.s.t.c.transaction.TransactionContext   : Began transaction (1) for test context [DefaultTestContext@79dc5318 testClass = TodoServiceTest, testInstance = sn.ept.git.seminaire.cicd.services.TodoServiceTest@6f785a27, testMethod = save_shouldSaveSociete@TodoServiceTest, testException = [null], mergedContextConfiguration = [WebMergedContextConfiguration@8e50104 testClass = TodoServiceTest, locations = '{}', classes = '{class sn.ept.git.seminaire.cicd.TodoApplication}', contextInitializerClasses = '[]', activeProfiles = '{}', propertySourceLocations = '{}', propertySourceProperties = '{org.springframework.boot.test.context.SpringBootTestContextBootstrapper=true}', contextCustomizers = set[org.springframework.boot.test.context.filter.ExcludeFilterContextCustomizer@71ba6d4e, org.springframework.boot.test.json.DuplicateJsonObjectContextCustomizerFactory$DuplicateJsonObjectContextCustomizer@63376bed, org.springframework.boot.test.mock.mockito.MockitoContextCustomizer@0, org.springframework.boot.test.web.client.TestRestTemplateContextCustomizer@78e4deb0, org.springframework.boot.test.autoconfigure.actuate.metrics.MetricsExportContextCustomizerFactory$DisableMetricExportContextCustomizer@470734c3, org.springframework.boot.test.autoconfigure.properties.PropertyMappingContextCustomizer@0, org.springframework.boot.test.autoconfigure.web.servlet.WebDriverContextCustomizerFactory$Customizer@1cf6d1be, org.springframework.boot.test.context.SpringBootTestArgs@1, org.springframework.boot.test.context.SpringBootTestWebEnvironment@418e7838], resourceBasePath = 'src/main/webapp', contextLoader = 'org.springframework.boot.test.context.SpringBootContextLoader', parent = [null]], attributes = map['org.springframework.test.context.web.ServletTestExecutionListener.activateListener' -> true, 'org.springframework.test.context.web.ServletTestExecutionListener.populatedRequestContextHolder' -> true, 'org.springframework.test.context.web.ServletTestExecutionListener.resetRequestContextHolder' -> true, 'org.springframework.test.context.event.ApplicationEventsTestExecutionListener.recordApplicationEvents' -> false]]; transaction manager [org.springframework.orm.jpa.JpaTransactionManager@45d46254]; rollback [true]
2022-08-11 16:23:09.241  INFO 53444 --- [           main] s.e.g.s.cicd.services.TodoServiceTest    :  before each
Hibernate: select todo0_.id as id1_1_, todo0_.created_date as created_2_1_, todo0_.deleted as deleted3_1_, todo0_.enabled as enabled4_1_, todo0_.last_modified_date as last_mod5_1_, todo0_.version as version6_1_, todo0_.completed as complete7_1_, todo0_.description as descript8_1_, todo0_.title as title9_1_ from acicd_todos todo0_ where (  todo0_.deleted = 0 ) and todo0_.title=?
Hibernate: select todo0_.id as id1_1_1_, todo0_.created_date as created_2_1_1_, todo0_.deleted as deleted3_1_1_, todo0_.enabled as enabled4_1_1_, todo0_.last_modified_date as last_mod5_1_1_, todo0_.version as version6_1_1_, todo0_.completed as complete7_1_1_, todo0_.description as descript8_1_1_, todo0_.title as title9_1_1_, tags1_.id_todo as id_todo1_2_3_, tag2_.id as id_tag2_2_3_, tag2_.id as id1_0_0_, tag2_.created_date as created_2_0_0_, tag2_.deleted as deleted3_0_0_, tag2_.enabled as enabled4_0_0_, tag2_.last_modified_date as last_mod5_0_0_, tag2_.version as version6_0_0_, tag2_.description as descript7_0_0_, tag2_.name as name8_0_0_ from acicd_todos todo0_ left outer join tags_todos tags1_ on todo0_.id=tags1_.id_todo left outer join acicd_tags tag2_ on tags1_.id_tag=tag2_.id and ( (  tag2_.deleted = 0  ) and (  tag2_.deleted = 0  )) where todo0_.id=? and (  todo0_.deleted = 0 ) 
Hibernate: insert into acicd_todos (created_date, deleted, enabled, last_modified_date, version, completed, description, title, id) values (?, ?, ?, ?, ?, ?, ?, ?, ?)
2022-08-11 16:23:09.270  INFO 53444 --- [           main] o.s.t.c.transaction.TransactionContext   : Rolled back transaction for test: [DefaultTestContext@79dc5318 testClass = TodoServiceTest, testInstance = sn.ept.git.seminaire.cicd.services.TodoServiceTest@6f785a27, testMethod = save_shouldSaveSociete@TodoServiceTest, testException = [null], mergedContextConfiguration = [WebMergedContextConfiguration@8e50104 testClass = TodoServiceTest, locations = '{}', classes = '{class sn.ept.git.seminaire.cicd.TodoApplication}', contextInitializerClasses = '[]', activeProfiles = '{}', propertySourceLocations = '{}', propertySourceProperties = '{org.springframework.boot.test.context.SpringBootTestContextBootstrapper=true}', contextCustomizers = set[org.springframework.boot.test.context.filter.ExcludeFilterContextCustomizer@71ba6d4e, org.springframework.boot.test.json.DuplicateJsonObjectContextCustomizerFactory$DuplicateJsonObjectContextCustomizer@63376bed, org.springframework.boot.test.mock.mockito.MockitoContextCustomizer@0, org.springframework.boot.test.web.client.TestRestTemplateContextCustomizer@78e4deb0, org.springframework.boot.test.autoconfigure.actuate.metrics.MetricsExportContextCustomizerFactory$DisableMetricExportContextCustomizer@470734c3, org.springframework.boot.test.autoconfigure.properties.PropertyMappingContextCustomizer@0, org.springframework.boot.test.autoconfigure.web.servlet.WebDriverContextCustomizerFactory$Customizer@1cf6d1be, org.springframework.boot.test.context.SpringBootTestArgs@1, org.springframework.boot.test.context.SpringBootTestWebEnvironment@418e7838], resourceBasePath = 'src/main/webapp', contextLoader = 'org.springframework.boot.test.context.SpringBootContextLoader', parent = [null]], attributes = map['org.springframework.test.context.web.ServletTestExecutionListener.activateListener' -> true, 'org.springframework.test.context.web.ServletTestExecutionListener.populatedRequestContextHolder' -> true, 'org.springframework.test.context.web.ServletTestExecutionListener.resetRequestContextHolder' -> true, 'org.springframework.test.context.event.ApplicationEventsTestExecutionListener.recordApplicationEvents' -> false]]
]]></system-out>
  </testcase>
  <testcase name="delete_withBadId_ShouldThrowException" classname="sn.ept.git.seminaire.cicd.services.TodoServiceTest" time="0.042">
    <system-out><![CDATA[2022-08-11 16:23:09.277  INFO 53444 --- [           main] o.s.t.c.transaction.TransactionContext   : Began transaction (1) for test context [DefaultTestContext@79dc5318 testClass = TodoServiceTest, testInstance = sn.ept.git.seminaire.cicd.services.TodoServiceTest@3f033664, testMethod = delete_withBadId_ShouldThrowException@TodoServiceTest, testException = [null], mergedContextConfiguration = [WebMergedContextConfiguration@8e50104 testClass = TodoServiceTest, locations = '{}', classes = '{class sn.ept.git.seminaire.cicd.TodoApplication}', contextInitializerClasses = '[]', activeProfiles = '{}', propertySourceLocations = '{}', propertySourceProperties = '{org.springframework.boot.test.context.SpringBootTestContextBootstrapper=true}', contextCustomizers = set[org.springframework.boot.test.context.filter.ExcludeFilterContextCustomizer@71ba6d4e, org.springframework.boot.test.json.DuplicateJsonObjectContextCustomizerFactory$DuplicateJsonObjectContextCustomizer@63376bed, org.springframework.boot.test.mock.mockito.MockitoContextCustomizer@0, org.springframework.boot.test.web.client.TestRestTemplateContextCustomizer@78e4deb0, org.springframework.boot.test.autoconfigure.actuate.metrics.MetricsExportContextCustomizerFactory$DisableMetricExportContextCustomizer@470734c3, org.springframework.boot.test.autoconfigure.properties.PropertyMappingContextCustomizer@0, org.springframework.boot.test.autoconfigure.web.servlet.WebDriverContextCustomizerFactory$Customizer@1cf6d1be, org.springframework.boot.test.context.SpringBootTestArgs@1, org.springframework.boot.test.context.SpringBootTestWebEnvironment@418e7838], resourceBasePath = 'src/main/webapp', contextLoader = 'org.springframework.boot.test.context.SpringBootContextLoader', parent = [null]], attributes = map['org.springframework.test.context.web.ServletTestExecutionListener.activateListener' -> true, 'org.springframework.test.context.web.ServletTestExecutionListener.populatedRequestContextHolder' -> true, 'org.springframework.test.context.web.ServletTestExecutionListener.resetRequestContextHolder' -> true, 'org.springframework.test.context.event.ApplicationEventsTestExecutionListener.recordApplicationEvents' -> false]]; transaction manager [org.springframework.orm.jpa.JpaTransactionManager@45d46254]; rollback [true]
2022-08-11 16:23:09.285  INFO 53444 --- [           main] s.e.g.s.cicd.services.TodoServiceTest    :  before each
Hibernate: select todo0_.id as id1_1_0_, todo0_.created_date as created_2_1_0_, todo0_.deleted as deleted3_1_0_, todo0_.enabled as enabled4_1_0_, todo0_.last_modified_date as last_mod5_1_0_, todo0_.version as version6_1_0_, todo0_.completed as complete7_1_0_, todo0_.description as descript8_1_0_, todo0_.title as title9_1_0_, tags1_.id_todo as id_todo1_2_1_, tag2_.id as id_tag2_2_1_, tag2_.id as id1_0_2_, tag2_.created_date as created_2_0_2_, tag2_.deleted as deleted3_0_2_, tag2_.enabled as enabled4_0_2_, tag2_.last_modified_date as last_mod5_0_2_, tag2_.version as version6_0_2_, tag2_.description as descript7_0_2_, tag2_.name as name8_0_2_ from acicd_todos todo0_ left outer join tags_todos tags1_ on todo0_.id=tags1_.id_todo left outer join acicd_tags tag2_ on tags1_.id_tag=tag2_.id and ( (  tag2_.deleted = 0  ) and (  tag2_.deleted = 0  )) where todo0_.id=? and (  todo0_.deleted = 0 )
2022-08-11 16:23:09.314  INFO 53444 --- [           main] o.s.t.c.transaction.TransactionContext   : Rolled back transaction for test: [DefaultTestContext@79dc5318 testClass = TodoServiceTest, testInstance = sn.ept.git.seminaire.cicd.services.TodoServiceTest@3f033664, testMethod = delete_withBadId_ShouldThrowException@TodoServiceTest, testException = [null], mergedContextConfiguration = [WebMergedContextConfiguration@8e50104 testClass = TodoServiceTest, locations = '{}', classes = '{class sn.ept.git.seminaire.cicd.TodoApplication}', contextInitializerClasses = '[]', activeProfiles = '{}', propertySourceLocations = '{}', propertySourceProperties = '{org.springframework.boot.test.context.SpringBootTestContextBootstrapper=true}', contextCustomizers = set[org.springframework.boot.test.context.filter.ExcludeFilterContextCustomizer@71ba6d4e, org.springframework.boot.test.json.DuplicateJsonObjectContextCustomizerFactory$DuplicateJsonObjectContextCustomizer@63376bed, org.springframework.boot.test.mock.mockito.MockitoContextCustomizer@0, org.springframework.boot.test.web.client.TestRestTemplateContextCustomizer@78e4deb0, org.springframework.boot.test.autoconfigure.actuate.metrics.MetricsExportContextCustomizerFactory$DisableMetricExportContextCustomizer@470734c3, org.springframework.boot.test.autoconfigure.properties.PropertyMappingContextCustomizer@0, org.springframework.boot.test.autoconfigure.web.servlet.WebDriverContextCustomizerFactory$Customizer@1cf6d1be, org.springframework.boot.test.context.SpringBootTestArgs@1, org.springframework.boot.test.context.SpringBootTestWebEnvironment@418e7838], resourceBasePath = 'src/main/webapp', contextLoader = 'org.springframework.boot.test.context.SpringBootContextLoader', parent = [null]], attributes = map['org.springframework.test.context.web.ServletTestExecutionListener.activateListener' -> true, 'org.springframework.test.context.web.ServletTestExecutionListener.populatedRequestContextHolder' -> true, 'org.springframework.test.context.web.ServletTestExecutionListener.resetRequestContextHolder' -> true, 'org.springframework.test.context.event.ApplicationEventsTestExecutionListener.recordApplicationEvents' -> false]]
]]></system-out>
  </testcase>
  <testcase name="update_withBadId_shouldThrowException" classname="sn.ept.git.seminaire.cicd.services.TodoServiceTest" time="0.062">
    <system-out><![CDATA[2022-08-11 16:23:09.323  INFO 53444 --- [           main] o.s.t.c.transaction.TransactionContext   : Began transaction (1) for test context [DefaultTestContext@79dc5318 testClass = TodoServiceTest, testInstance = sn.ept.git.seminaire.cicd.services.TodoServiceTest@6843fdc4, testMethod = update_withBadId_shouldThrowException@TodoServiceTest, testException = [null], mergedContextConfiguration = [WebMergedContextConfiguration@8e50104 testClass = TodoServiceTest, locations = '{}', classes = '{class sn.ept.git.seminaire.cicd.TodoApplication}', contextInitializerClasses = '[]', activeProfiles = '{}', propertySourceLocations = '{}', propertySourceProperties = '{org.springframework.boot.test.context.SpringBootTestContextBootstrapper=true}', contextCustomizers = set[org.springframework.boot.test.context.filter.ExcludeFilterContextCustomizer@71ba6d4e, org.springframework.boot.test.json.DuplicateJsonObjectContextCustomizerFactory$DuplicateJsonObjectContextCustomizer@63376bed, org.springframework.boot.test.mock.mockito.MockitoContextCustomizer@0, org.springframework.boot.test.web.client.TestRestTemplateContextCustomizer@78e4deb0, org.springframework.boot.test.autoconfigure.actuate.metrics.MetricsExportContextCustomizerFactory$DisableMetricExportContextCustomizer@470734c3, org.springframework.boot.test.autoconfigure.properties.PropertyMappingContextCustomizer@0, org.springframework.boot.test.autoconfigure.web.servlet.WebDriverContextCustomizerFactory$Customizer@1cf6d1be, org.springframework.boot.test.context.SpringBootTestArgs@1, org.springframework.boot.test.context.SpringBootTestWebEnvironment@418e7838], resourceBasePath = 'src/main/webapp', contextLoader = 'org.springframework.boot.test.context.SpringBootContextLoader', parent = [null]], attributes = map['org.springframework.test.context.web.ServletTestExecutionListener.activateListener' -> true, 'org.springframework.test.context.web.ServletTestExecutionListener.populatedRequestContextHolder' -> true, 'org.springframework.test.context.web.ServletTestExecutionListener.resetRequestContextHolder' -> true, 'org.springframework.test.context.event.ApplicationEventsTestExecutionListener.recordApplicationEvents' -> false]]; transaction manager [org.springframework.orm.jpa.JpaTransactionManager@45d46254]; rollback [true]
2022-08-11 16:23:09.331  INFO 53444 --- [           main] s.e.g.s.cicd.services.TodoServiceTest    :  before each
Hibernate: select todo0_.id as id1_1_, todo0_.created_date as created_2_1_, todo0_.deleted as deleted3_1_, todo0_.enabled as enabled4_1_, todo0_.last_modified_date as last_mod5_1_, todo0_.version as version6_1_, todo0_.completed as complete7_1_, todo0_.description as descript8_1_, todo0_.title as title9_1_ from acicd_todos todo0_ where (  todo0_.deleted = 0 ) and todo0_.title=?
Hibernate: select todo0_.id as id1_1_1_, todo0_.created_date as created_2_1_1_, todo0_.deleted as deleted3_1_1_, todo0_.enabled as enabled4_1_1_, todo0_.last_modified_date as last_mod5_1_1_, todo0_.version as version6_1_1_, todo0_.completed as complete7_1_1_, todo0_.description as descript8_1_1_, todo0_.title as title9_1_1_, tags1_.id_todo as id_todo1_2_3_, tag2_.id as id_tag2_2_3_, tag2_.id as id1_0_0_, tag2_.created_date as created_2_0_0_, tag2_.deleted as deleted3_0_0_, tag2_.enabled as enabled4_0_0_, tag2_.last_modified_date as last_mod5_0_0_, tag2_.version as version6_0_0_, tag2_.description as descript7_0_0_, tag2_.name as name8_0_0_ from acicd_todos todo0_ left outer join tags_todos tags1_ on todo0_.id=tags1_.id_todo left outer join acicd_tags tag2_ on tags1_.id_tag=tag2_.id and ( (  tag2_.deleted = 0  ) and (  tag2_.deleted = 0  )) where todo0_.id=? and (  todo0_.deleted = 0 ) 
Hibernate: insert into acicd_todos (created_date, deleted, enabled, last_modified_date, version, completed, description, title, id) values (?, ?, ?, ?, ?, ?, ?, ?, ?)
Hibernate: select todo0_.id as id1_1_, todo0_.created_date as created_2_1_, todo0_.deleted as deleted3_1_, todo0_.enabled as enabled4_1_, todo0_.last_modified_date as last_mod5_1_, todo0_.version as version6_1_, todo0_.completed as complete7_1_, todo0_.description as descript8_1_, todo0_.title as title9_1_ from acicd_todos todo0_ where (  todo0_.deleted = 0 ) and todo0_.title=? and todo0_.id<>?
Hibernate: select todo0_.id as id1_1_0_, todo0_.created_date as created_2_1_0_, todo0_.deleted as deleted3_1_0_, todo0_.enabled as enabled4_1_0_, todo0_.last_modified_date as last_mod5_1_0_, todo0_.version as version6_1_0_, todo0_.completed as complete7_1_0_, todo0_.description as descript8_1_0_, todo0_.title as title9_1_0_, tags1_.id_todo as id_todo1_2_1_, tag2_.id as id_tag2_2_1_, tag2_.id as id1_0_2_, tag2_.created_date as created_2_0_2_, tag2_.deleted as deleted3_0_2_, tag2_.enabled as enabled4_0_2_, tag2_.last_modified_date as last_mod5_0_2_, tag2_.version as version6_0_2_, tag2_.description as descript7_0_2_, tag2_.name as name8_0_2_ from acicd_todos todo0_ left outer join tags_todos tags1_ on todo0_.id=tags1_.id_todo left outer join acicd_tags tag2_ on tags1_.id_tag=tag2_.id and ( (  tag2_.deleted = 0  ) and (  tag2_.deleted = 0  )) where todo0_.id=? and (  todo0_.deleted = 0 )
2022-08-11 16:23:09.378  INFO 53444 --- [           main] o.s.t.c.transaction.TransactionContext   : Rolled back transaction for test: [DefaultTestContext@79dc5318 testClass = TodoServiceTest, testInstance = sn.ept.git.seminaire.cicd.services.TodoServiceTest@6843fdc4, testMethod = update_withBadId_shouldThrowException@TodoServiceTest, testException = [null], mergedContextConfiguration = [WebMergedContextConfiguration@8e50104 testClass = TodoServiceTest, locations = '{}', classes = '{class sn.ept.git.seminaire.cicd.TodoApplication}', contextInitializerClasses = '[]', activeProfiles = '{}', propertySourceLocations = '{}', propertySourceProperties = '{org.springframework.boot.test.context.SpringBootTestContextBootstrapper=true}', contextCustomizers = set[org.springframework.boot.test.context.filter.ExcludeFilterContextCustomizer@71ba6d4e, org.springframework.boot.test.json.DuplicateJsonObjectContextCustomizerFactory$DuplicateJsonObjectContextCustomizer@63376bed, org.springframework.boot.test.mock.mockito.MockitoContextCustomizer@0, org.springframework.boot.test.web.client.TestRestTemplateContextCustomizer@78e4deb0, org.springframework.boot.test.autoconfigure.actuate.metrics.MetricsExportContextCustomizerFactory$DisableMetricExportContextCustomizer@470734c3, org.springframework.boot.test.autoconfigure.properties.PropertyMappingContextCustomizer@0, org.springframework.boot.test.autoconfigure.web.servlet.WebDriverContextCustomizerFactory$Customizer@1cf6d1be, org.springframework.boot.test.context.SpringBootTestArgs@1, org.springframework.boot.test.context.SpringBootTestWebEnvironment@418e7838], resourceBasePath = 'src/main/webapp', contextLoader = 'org.springframework.boot.test.context.SpringBootContextLoader', parent = [null]], attributes = map['org.springframework.test.context.web.ServletTestExecutionListener.activateListener' -> true, 'org.springframework.test.context.web.ServletTestExecutionListener.populatedRequestContextHolder' -> true, 'org.springframework.test.context.web.ServletTestExecutionListener.resetRequestContextHolder' -> true, 'org.springframework.test.context.event.ApplicationEventsTestExecutionListener.recordApplicationEvents' -> false]]
]]></system-out>
  </testcase>
  <testcase name="update_withDuplicatedName_shouldThrowException" classname="sn.ept.git.seminaire.cicd.services.TodoServiceTest" time="0.038">
    <system-out><![CDATA[2022-08-11 16:23:09.389  INFO 53444 --- [           main] o.s.t.c.transaction.TransactionContext   : Began transaction (1) for test context [DefaultTestContext@79dc5318 testClass = TodoServiceTest, testInstance = sn.ept.git.seminaire.cicd.services.TodoServiceTest@335896bd, testMethod = update_withDuplicatedName_shouldThrowException@TodoServiceTest, testException = [null], mergedContextConfiguration = [WebMergedContextConfiguration@8e50104 testClass = TodoServiceTest, locations = '{}', classes = '{class sn.ept.git.seminaire.cicd.TodoApplication}', contextInitializerClasses = '[]', activeProfiles = '{}', propertySourceLocations = '{}', propertySourceProperties = '{org.springframework.boot.test.context.SpringBootTestContextBootstrapper=true}', contextCustomizers = set[org.springframework.boot.test.context.filter.ExcludeFilterContextCustomizer@71ba6d4e, org.springframework.boot.test.json.DuplicateJsonObjectContextCustomizerFactory$DuplicateJsonObjectContextCustomizer@63376bed, org.springframework.boot.test.mock.mockito.MockitoContextCustomizer@0, org.springframework.boot.test.web.client.TestRestTemplateContextCustomizer@78e4deb0, org.springframework.boot.test.autoconfigure.actuate.metrics.MetricsExportContextCustomizerFactory$DisableMetricExportContextCustomizer@470734c3, org.springframework.boot.test.autoconfigure.properties.PropertyMappingContextCustomizer@0, org.springframework.boot.test.autoconfigure.web.servlet.WebDriverContextCustomizerFactory$Customizer@1cf6d1be, org.springframework.boot.test.context.SpringBootTestArgs@1, org.springframework.boot.test.context.SpringBootTestWebEnvironment@418e7838], resourceBasePath = 'src/main/webapp', contextLoader = 'org.springframework.boot.test.context.SpringBootContextLoader', parent = [null]], attributes = map['org.springframework.test.context.web.ServletTestExecutionListener.activateListener' -> true, 'org.springframework.test.context.web.ServletTestExecutionListener.populatedRequestContextHolder' -> true, 'org.springframework.test.context.web.ServletTestExecutionListener.resetRequestContextHolder' -> true, 'org.springframework.test.context.event.ApplicationEventsTestExecutionListener.recordApplicationEvents' -> false]]; transaction manager [org.springframework.orm.jpa.JpaTransactionManager@45d46254]; rollback [true]
2022-08-11 16:23:09.394  INFO 53444 --- [           main] s.e.g.s.cicd.services.TodoServiceTest    :  before each
Hibernate: select todo0_.id as id1_1_, todo0_.created_date as created_2_1_, todo0_.deleted as deleted3_1_, todo0_.enabled as enabled4_1_, todo0_.last_modified_date as last_mod5_1_, todo0_.version as version6_1_, todo0_.completed as complete7_1_, todo0_.description as descript8_1_, todo0_.title as title9_1_ from acicd_todos todo0_ where (  todo0_.deleted = 0 ) and todo0_.title=?
Hibernate: select todo0_.id as id1_1_1_, todo0_.created_date as created_2_1_1_, todo0_.deleted as deleted3_1_1_, todo0_.enabled as enabled4_1_1_, todo0_.last_modified_date as last_mod5_1_1_, todo0_.version as version6_1_1_, todo0_.completed as complete7_1_1_, todo0_.description as descript8_1_1_, todo0_.title as title9_1_1_, tags1_.id_todo as id_todo1_2_3_, tag2_.id as id_tag2_2_3_, tag2_.id as id1_0_0_, tag2_.created_date as created_2_0_0_, tag2_.deleted as deleted3_0_0_, tag2_.enabled as enabled4_0_0_, tag2_.last_modified_date as last_mod5_0_0_, tag2_.version as version6_0_0_, tag2_.description as descript7_0_0_, tag2_.name as name8_0_0_ from acicd_todos todo0_ left outer join tags_todos tags1_ on todo0_.id=tags1_.id_todo left outer join acicd_tags tag2_ on tags1_.id_tag=tag2_.id and ( (  tag2_.deleted = 0  ) and (  tag2_.deleted = 0  )) where todo0_.id=? and (  todo0_.deleted = 0 ) 
Hibernate: insert into acicd_todos (created_date, deleted, enabled, last_modified_date, version, completed, description, title, id) values (?, ?, ?, ?, ?, ?, ?, ?, ?)
Hibernate: select todo0_.id as id1_1_, todo0_.created_date as created_2_1_, todo0_.deleted as deleted3_1_, todo0_.enabled as enabled4_1_, todo0_.last_modified_date as last_mod5_1_, todo0_.version as version6_1_, todo0_.completed as complete7_1_, todo0_.description as descript8_1_, todo0_.title as title9_1_ from acicd_todos todo0_ where (  todo0_.deleted = 0 ) and todo0_.title=? and todo0_.id<>?
2022-08-11 16:23:09.423  INFO 53444 --- [           main] o.s.t.c.transaction.TransactionContext   : Rolled back transaction for test: [DefaultTestContext@79dc5318 testClass = TodoServiceTest, testInstance = sn.ept.git.seminaire.cicd.services.TodoServiceTest@335896bd, testMethod = update_withDuplicatedName_shouldThrowException@TodoServiceTest, testException = [null], mergedContextConfiguration = [WebMergedContextConfiguration@8e50104 testClass = TodoServiceTest, locations = '{}', classes = '{class sn.ept.git.seminaire.cicd.TodoApplication}', contextInitializerClasses = '[]', activeProfiles = '{}', propertySourceLocations = '{}', propertySourceProperties = '{org.springframework.boot.test.context.SpringBootTestContextBootstrapper=true}', contextCustomizers = set[org.springframework.boot.test.context.filter.ExcludeFilterContextCustomizer@71ba6d4e, org.springframework.boot.test.json.DuplicateJsonObjectContextCustomizerFactory$DuplicateJsonObjectContextCustomizer@63376bed, org.springframework.boot.test.mock.mockito.MockitoContextCustomizer@0, org.springframework.boot.test.web.client.TestRestTemplateContextCustomizer@78e4deb0, org.springframework.boot.test.autoconfigure.actuate.metrics.MetricsExportContextCustomizerFactory$DisableMetricExportContextCustomizer@470734c3, org.springframework.boot.test.autoconfigure.properties.PropertyMappingContextCustomizer@0, org.springframework.boot.test.autoconfigure.web.servlet.WebDriverContextCustomizerFactory$Customizer@1cf6d1be, org.springframework.boot.test.context.SpringBootTestArgs@1, org.springframework.boot.test.context.SpringBootTestWebEnvironment@418e7838], resourceBasePath = 'src/main/webapp', contextLoader = 'org.springframework.boot.test.context.SpringBootContextLoader', parent = [null]], attributes = map['org.springframework.test.context.web.ServletTestExecutionListener.activateListener' -> true, 'org.springframework.test.context.web.ServletTestExecutionListener.populatedRequestContextHolder' -> true, 'org.springframework.test.context.web.ServletTestExecutionListener.resetRequestContextHolder' -> true, 'org.springframework.test.context.event.ApplicationEventsTestExecutionListener.recordApplicationEvents' -> false]]
]]></system-out>
  </testcase>
  <testcase name="update_shouldSucceed" classname="sn.ept.git.seminaire.cicd.services.TodoServiceTest" time="0.043">
    <system-out><![CDATA[2022-08-11 16:23:09.432  INFO 53444 --- [           main] o.s.t.c.transaction.TransactionContext   : Began transaction (1) for test context [DefaultTestContext@79dc5318 testClass = TodoServiceTest, testInstance = sn.ept.git.seminaire.cicd.services.TodoServiceTest@1554eaa4, testMethod = update_shouldSucceed@TodoServiceTest, testException = [null], mergedContextConfiguration = [WebMergedContextConfiguration@8e50104 testClass = TodoServiceTest, locations = '{}', classes = '{class sn.ept.git.seminaire.cicd.TodoApplication}', contextInitializerClasses = '[]', activeProfiles = '{}', propertySourceLocations = '{}', propertySourceProperties = '{org.springframework.boot.test.context.SpringBootTestContextBootstrapper=true}', contextCustomizers = set[org.springframework.boot.test.context.filter.ExcludeFilterContextCustomizer@71ba6d4e, org.springframework.boot.test.json.DuplicateJsonObjectContextCustomizerFactory$DuplicateJsonObjectContextCustomizer@63376bed, org.springframework.boot.test.mock.mockito.MockitoContextCustomizer@0, org.springframework.boot.test.web.client.TestRestTemplateContextCustomizer@78e4deb0, org.springframework.boot.test.autoconfigure.actuate.metrics.MetricsExportContextCustomizerFactory$DisableMetricExportContextCustomizer@470734c3, org.springframework.boot.test.autoconfigure.properties.PropertyMappingContextCustomizer@0, org.springframework.boot.test.autoconfigure.web.servlet.WebDriverContextCustomizerFactory$Customizer@1cf6d1be, org.springframework.boot.test.context.SpringBootTestArgs@1, org.springframework.boot.test.context.SpringBootTestWebEnvironment@418e7838], resourceBasePath = 'src/main/webapp', contextLoader = 'org.springframework.boot.test.context.SpringBootContextLoader', parent = [null]], attributes = map['org.springframework.test.context.web.ServletTestExecutionListener.activateListener' -> true, 'org.springframework.test.context.web.ServletTestExecutionListener.populatedRequestContextHolder' -> true, 'org.springframework.test.context.web.ServletTestExecutionListener.resetRequestContextHolder' -> true, 'org.springframework.test.context.event.ApplicationEventsTestExecutionListener.recordApplicationEvents' -> false]]; transaction manager [org.springframework.orm.jpa.JpaTransactionManager@45d46254]; rollback [true]
2022-08-11 16:23:09.436  INFO 53444 --- [           main] s.e.g.s.cicd.services.TodoServiceTest    :  before each
Hibernate: select todo0_.id as id1_1_, todo0_.created_date as created_2_1_, todo0_.deleted as deleted3_1_, todo0_.enabled as enabled4_1_, todo0_.last_modified_date as last_mod5_1_, todo0_.version as version6_1_, todo0_.completed as complete7_1_, todo0_.description as descript8_1_, todo0_.title as title9_1_ from acicd_todos todo0_ where (  todo0_.deleted = 0 ) and todo0_.title=?
Hibernate: select todo0_.id as id1_1_1_, todo0_.created_date as created_2_1_1_, todo0_.deleted as deleted3_1_1_, todo0_.enabled as enabled4_1_1_, todo0_.last_modified_date as last_mod5_1_1_, todo0_.version as version6_1_1_, todo0_.completed as complete7_1_1_, todo0_.description as descript8_1_1_, todo0_.title as title9_1_1_, tags1_.id_todo as id_todo1_2_3_, tag2_.id as id_tag2_2_3_, tag2_.id as id1_0_0_, tag2_.created_date as created_2_0_0_, tag2_.deleted as deleted3_0_0_, tag2_.enabled as enabled4_0_0_, tag2_.last_modified_date as last_mod5_0_0_, tag2_.version as version6_0_0_, tag2_.description as descript7_0_0_, tag2_.name as name8_0_0_ from acicd_todos todo0_ left outer join tags_todos tags1_ on todo0_.id=tags1_.id_todo left outer join acicd_tags tag2_ on tags1_.id_tag=tag2_.id and ( (  tag2_.deleted = 0  ) and (  tag2_.deleted = 0  )) where todo0_.id=? and (  todo0_.deleted = 0 ) 
Hibernate: insert into acicd_todos (created_date, deleted, enabled, last_modified_date, version, completed, description, title, id) values (?, ?, ?, ?, ?, ?, ?, ?, ?)
Hibernate: select todo0_.id as id1_1_, todo0_.created_date as created_2_1_, todo0_.deleted as deleted3_1_, todo0_.enabled as enabled4_1_, todo0_.last_modified_date as last_mod5_1_, todo0_.version as version6_1_, todo0_.completed as complete7_1_, todo0_.description as descript8_1_, todo0_.title as title9_1_ from acicd_todos todo0_ where (  todo0_.deleted = 0 ) and todo0_.title=? and todo0_.id<>?
2022-08-11 16:23:09.470  INFO 53444 --- [           main] o.s.t.c.transaction.TransactionContext   : Rolled back transaction for test: [DefaultTestContext@79dc5318 testClass = TodoServiceTest, testInstance = sn.ept.git.seminaire.cicd.services.TodoServiceTest@1554eaa4, testMethod = update_shouldSucceed@TodoServiceTest, testException = [null], mergedContextConfiguration = [WebMergedContextConfiguration@8e50104 testClass = TodoServiceTest, locations = '{}', classes = '{class sn.ept.git.seminaire.cicd.TodoApplication}', contextInitializerClasses = '[]', activeProfiles = '{}', propertySourceLocations = '{}', propertySourceProperties = '{org.springframework.boot.test.context.SpringBootTestContextBootstrapper=true}', contextCustomizers = set[org.springframework.boot.test.context.filter.ExcludeFilterContextCustomizer@71ba6d4e, org.springframework.boot.test.json.DuplicateJsonObjectContextCustomizerFactory$DuplicateJsonObjectContextCustomizer@63376bed, org.springframework.boot.test.mock.mockito.MockitoContextCustomizer@0, org.springframework.boot.test.web.client.TestRestTemplateContextCustomizer@78e4deb0, org.springframework.boot.test.autoconfigure.actuate.metrics.MetricsExportContextCustomizerFactory$DisableMetricExportContextCustomizer@470734c3, org.springframework.boot.test.autoconfigure.properties.PropertyMappingContextCustomizer@0, org.springframework.boot.test.autoconfigure.web.servlet.WebDriverContextCustomizerFactory$Customizer@1cf6d1be, org.springframework.boot.test.context.SpringBootTestArgs@1, org.springframework.boot.test.context.SpringBootTestWebEnvironment@418e7838], resourceBasePath = 'src/main/webapp', contextLoader = 'org.springframework.boot.test.context.SpringBootContextLoader', parent = [null]], attributes = map['org.springframework.test.context.web.ServletTestExecutionListener.activateListener' -> true, 'org.springframework.test.context.web.ServletTestExecutionListener.populatedRequestContextHolder' -> true, 'org.springframework.test.context.web.ServletTestExecutionListener.resetRequestContextHolder' -> true, 'org.springframework.test.context.event.ApplicationEventsTestExecutionListener.recordApplicationEvents' -> false]]
]]></system-out>
  </testcase>
  <testcase name="save_withSameName_shouldThrowException" classname="sn.ept.git.seminaire.cicd.services.TodoServiceTest" time="0.034">
    <system-out><![CDATA[2022-08-11 16:23:09.478  INFO 53444 --- [           main] o.s.t.c.transaction.TransactionContext   : Began transaction (1) for test context [DefaultTestContext@79dc5318 testClass = TodoServiceTest, testInstance = sn.ept.git.seminaire.cicd.services.TodoServiceTest@3ee68377, testMethod = save_withSameName_shouldThrowException@TodoServiceTest, testException = [null], mergedContextConfiguration = [WebMergedContextConfiguration@8e50104 testClass = TodoServiceTest, locations = '{}', classes = '{class sn.ept.git.seminaire.cicd.TodoApplication}', contextInitializerClasses = '[]', activeProfiles = '{}', propertySourceLocations = '{}', propertySourceProperties = '{org.springframework.boot.test.context.SpringBootTestContextBootstrapper=true}', contextCustomizers = set[org.springframework.boot.test.context.filter.ExcludeFilterContextCustomizer@71ba6d4e, org.springframework.boot.test.json.DuplicateJsonObjectContextCustomizerFactory$DuplicateJsonObjectContextCustomizer@63376bed, org.springframework.boot.test.mock.mockito.MockitoContextCustomizer@0, org.springframework.boot.test.web.client.TestRestTemplateContextCustomizer@78e4deb0, org.springframework.boot.test.autoconfigure.actuate.metrics.MetricsExportContextCustomizerFactory$DisableMetricExportContextCustomizer@470734c3, org.springframework.boot.test.autoconfigure.properties.PropertyMappingContextCustomizer@0, org.springframework.boot.test.autoconfigure.web.servlet.WebDriverContextCustomizerFactory$Customizer@1cf6d1be, org.springframework.boot.test.context.SpringBootTestArgs@1, org.springframework.boot.test.context.SpringBootTestWebEnvironment@418e7838], resourceBasePath = 'src/main/webapp', contextLoader = 'org.springframework.boot.test.context.SpringBootContextLoader', parent = [null]], attributes = map['org.springframework.test.context.web.ServletTestExecutionListener.activateListener' -> true, 'org.springframework.test.context.web.ServletTestExecutionListener.populatedRequestContextHolder' -> true, 'org.springframework.test.context.web.ServletTestExecutionListener.resetRequestContextHolder' -> true, 'org.springframework.test.context.event.ApplicationEventsTestExecutionListener.recordApplicationEvents' -> false]]; transaction manager [org.springframework.orm.jpa.JpaTransactionManager@45d46254]; rollback [true]
2022-08-11 16:23:09.483  INFO 53444 --- [           main] s.e.g.s.cicd.services.TodoServiceTest    :  before each
Hibernate: select todo0_.id as id1_1_, todo0_.created_date as created_2_1_, todo0_.deleted as deleted3_1_, todo0_.enabled as enabled4_1_, todo0_.last_modified_date as last_mod5_1_, todo0_.version as version6_1_, todo0_.completed as complete7_1_, todo0_.description as descript8_1_, todo0_.title as title9_1_ from acicd_todos todo0_ where (  todo0_.deleted = 0 ) and todo0_.title=?
Hibernate: select todo0_.id as id1_1_1_, todo0_.created_date as created_2_1_1_, todo0_.deleted as deleted3_1_1_, todo0_.enabled as enabled4_1_1_, todo0_.last_modified_date as last_mod5_1_1_, todo0_.version as version6_1_1_, todo0_.completed as complete7_1_1_, todo0_.description as descript8_1_1_, todo0_.title as title9_1_1_, tags1_.id_todo as id_todo1_2_3_, tag2_.id as id_tag2_2_3_, tag2_.id as id1_0_0_, tag2_.created_date as created_2_0_0_, tag2_.deleted as deleted3_0_0_, tag2_.enabled as enabled4_0_0_, tag2_.last_modified_date as last_mod5_0_0_, tag2_.version as version6_0_0_, tag2_.description as descript7_0_0_, tag2_.name as name8_0_0_ from acicd_todos todo0_ left outer join tags_todos tags1_ on todo0_.id=tags1_.id_todo left outer join acicd_tags tag2_ on tags1_.id_tag=tag2_.id and ( (  tag2_.deleted = 0  ) and (  tag2_.deleted = 0  )) where todo0_.id=? and (  todo0_.deleted = 0 ) 
Hibernate: insert into acicd_todos (created_date, deleted, enabled, last_modified_date, version, completed, description, title, id) values (?, ?, ?, ?, ?, ?, ?, ?, ?)
Hibernate: select todo0_.id as id1_1_, todo0_.created_date as created_2_1_, todo0_.deleted as deleted3_1_, todo0_.enabled as enabled4_1_, todo0_.last_modified_date as last_mod5_1_, todo0_.version as version6_1_, todo0_.completed as complete7_1_, todo0_.description as descript8_1_, todo0_.title as title9_1_ from acicd_todos todo0_ where (  todo0_.deleted = 0 ) and todo0_.title=?
2022-08-11 16:23:09.506  INFO 53444 --- [           main] o.s.t.c.transaction.TransactionContext   : Rolled back transaction for test: [DefaultTestContext@79dc5318 testClass = TodoServiceTest, testInstance = sn.ept.git.seminaire.cicd.services.TodoServiceTest@3ee68377, testMethod = save_withSameName_shouldThrowException@TodoServiceTest, testException = [null], mergedContextConfiguration = [WebMergedContextConfiguration@8e50104 testClass = TodoServiceTest, locations = '{}', classes = '{class sn.ept.git.seminaire.cicd.TodoApplication}', contextInitializerClasses = '[]', activeProfiles = '{}', propertySourceLocations = '{}', propertySourceProperties = '{org.springframework.boot.test.context.SpringBootTestContextBootstrapper=true}', contextCustomizers = set[org.springframework.boot.test.context.filter.ExcludeFilterContextCustomizer@71ba6d4e, org.springframework.boot.test.json.DuplicateJsonObjectContextCustomizerFactory$DuplicateJsonObjectContextCustomizer@63376bed, org.springframework.boot.test.mock.mockito.MockitoContextCustomizer@0, org.springframework.boot.test.web.client.TestRestTemplateContextCustomizer@78e4deb0, org.springframework.boot.test.autoconfigure.actuate.metrics.MetricsExportContextCustomizerFactory$DisableMetricExportContextCustomizer@470734c3, org.springframework.boot.test.autoconfigure.properties.PropertyMappingContextCustomizer@0, org.springframework.boot.test.autoconfigure.web.servlet.WebDriverContextCustomizerFactory$Customizer@1cf6d1be, org.springframework.boot.test.context.SpringBootTestArgs@1, org.springframework.boot.test.context.SpringBootTestWebEnvironment@418e7838], resourceBasePath = 'src/main/webapp', contextLoader = 'org.springframework.boot.test.context.SpringBootContextLoader', parent = [null]], attributes = map['org.springframework.test.context.web.ServletTestExecutionListener.activateListener' -> true, 'org.springframework.test.context.web.ServletTestExecutionListener.populatedRequestContextHolder' -> true, 'org.springframework.test.context.web.ServletTestExecutionListener.resetRequestContextHolder' -> true, 'org.springframework.test.context.event.ApplicationEventsTestExecutionListener.recordApplicationEvents' -> false]]
]]></system-out>
  </testcase>
  <testcase name="findAllPageable_shouldReturnResult" classname="sn.ept.git.seminaire.cicd.services.TodoServiceTest" time="0.548">
    <system-out><![CDATA[2022-08-11 16:23:09.514  INFO 53444 --- [           main] o.s.t.c.transaction.TransactionContext   : Began transaction (1) for test context [DefaultTestContext@79dc5318 testClass = TodoServiceTest, testInstance = sn.ept.git.seminaire.cicd.services.TodoServiceTest@5a8656a2, testMethod = findAllPageable_shouldReturnResult@TodoServiceTest, testException = [null], mergedContextConfiguration = [WebMergedContextConfiguration@8e50104 testClass = TodoServiceTest, locations = '{}', classes = '{class sn.ept.git.seminaire.cicd.TodoApplication}', contextInitializerClasses = '[]', activeProfiles = '{}', propertySourceLocations = '{}', propertySourceProperties = '{org.springframework.boot.test.context.SpringBootTestContextBootstrapper=true}', contextCustomizers = set[org.springframework.boot.test.context.filter.ExcludeFilterContextCustomizer@71ba6d4e, org.springframework.boot.test.json.DuplicateJsonObjectContextCustomizerFactory$DuplicateJsonObjectContextCustomizer@63376bed, org.springframework.boot.test.mock.mockito.MockitoContextCustomizer@0, org.springframework.boot.test.web.client.TestRestTemplateContextCustomizer@78e4deb0, org.springframework.boot.test.autoconfigure.actuate.metrics.MetricsExportContextCustomizerFactory$DisableMetricExportContextCustomizer@470734c3, org.springframework.boot.test.autoconfigure.properties.PropertyMappingContextCustomizer@0, org.springframework.boot.test.autoconfigure.web.servlet.WebDriverContextCustomizerFactory$Customizer@1cf6d1be, org.springframework.boot.test.context.SpringBootTestArgs@1, org.springframework.boot.test.context.SpringBootTestWebEnvironment@418e7838], resourceBasePath = 'src/main/webapp', contextLoader = 'org.springframework.boot.test.context.SpringBootContextLoader', parent = [null]], attributes = map['org.springframework.test.context.web.ServletTestExecutionListener.activateListener' -> true, 'org.springframework.test.context.web.ServletTestExecutionListener.populatedRequestContextHolder' -> true, 'org.springframework.test.context.web.ServletTestExecutionListener.resetRequestContextHolder' -> true, 'org.springframework.test.context.event.ApplicationEventsTestExecutionListener.recordApplicationEvents' -> false]]; transaction manager [org.springframework.orm.jpa.JpaTransactionManager@45d46254]; rollback [true]
2022-08-11 16:23:09.516  INFO 53444 --- [           main] s.e.g.s.cicd.services.TodoServiceTest    :  before each
Hibernate: select todo0_.id as id1_1_, todo0_.created_date as created_2_1_, todo0_.deleted as deleted3_1_, todo0_.enabled as enabled4_1_, todo0_.last_modified_date as last_mod5_1_, todo0_.version as version6_1_, todo0_.completed as complete7_1_, todo0_.description as descript8_1_, todo0_.title as title9_1_ from acicd_todos todo0_ where (  todo0_.deleted = 0 ) and todo0_.title=?
Hibernate: select todo0_.id as id1_1_1_, todo0_.created_date as created_2_1_1_, todo0_.deleted as deleted3_1_1_, todo0_.enabled as enabled4_1_1_, todo0_.last_modified_date as last_mod5_1_1_, todo0_.version as version6_1_1_, todo0_.completed as complete7_1_1_, todo0_.description as descript8_1_1_, todo0_.title as title9_1_1_, tags1_.id_todo as id_todo1_2_3_, tag2_.id as id_tag2_2_3_, tag2_.id as id1_0_0_, tag2_.created_date as created_2_0_0_, tag2_.deleted as deleted3_0_0_, tag2_.enabled as enabled4_0_0_, tag2_.last_modified_date as last_mod5_0_0_, tag2_.version as version6_0_0_, tag2_.description as descript7_0_0_, tag2_.name as name8_0_0_ from acicd_todos todo0_ left outer join tags_todos tags1_ on todo0_.id=tags1_.id_todo left outer join acicd_tags tag2_ on tags1_.id_tag=tag2_.id and ( (  tag2_.deleted = 0  ) and (  tag2_.deleted = 0  )) where todo0_.id=? and (  todo0_.deleted = 0 ) 
Hibernate: insert into acicd_todos (created_date, deleted, enabled, last_modified_date, version, completed, description, title, id) values (?, ?, ?, ?, ?, ?, ?, ?, ?)
Hibernate: select todo0_.id as id1_1_, todo0_.created_date as created_2_1_, todo0_.deleted as deleted3_1_, todo0_.enabled as enabled4_1_, todo0_.last_modified_date as last_mod5_1_, todo0_.version as version6_1_, todo0_.completed as complete7_1_, todo0_.description as descript8_1_, todo0_.title as title9_1_ from acicd_todos todo0_ where (  todo0_.deleted = 0 ) limit ?
2022-08-11 16:23:10.056  INFO 53444 --- [           main] o.s.t.c.transaction.TransactionContext   : Rolled back transaction for test: [DefaultTestContext@79dc5318 testClass = TodoServiceTest, testInstance = sn.ept.git.seminaire.cicd.services.TodoServiceTest@5a8656a2, testMethod = findAllPageable_shouldReturnResult@TodoServiceTest, testException = [null], mergedContextConfiguration = [WebMergedContextConfiguration@8e50104 testClass = TodoServiceTest, locations = '{}', classes = '{class sn.ept.git.seminaire.cicd.TodoApplication}', contextInitializerClasses = '[]', activeProfiles = '{}', propertySourceLocations = '{}', propertySourceProperties = '{org.springframework.boot.test.context.SpringBootTestContextBootstrapper=true}', contextCustomizers = set[org.springframework.boot.test.context.filter.ExcludeFilterContextCustomizer@71ba6d4e, org.springframework.boot.test.json.DuplicateJsonObjectContextCustomizerFactory$DuplicateJsonObjectContextCustomizer@63376bed, org.springframework.boot.test.mock.mockito.MockitoContextCustomizer@0, org.springframework.boot.test.web.client.TestRestTemplateContextCustomizer@78e4deb0, org.springframework.boot.test.autoconfigure.actuate.metrics.MetricsExportContextCustomizerFactory$DisableMetricExportContextCustomizer@470734c3, org.springframework.boot.test.autoconfigure.properties.PropertyMappingContextCustomizer@0, org.springframework.boot.test.autoconfigure.web.servlet.WebDriverContextCustomizerFactory$Customizer@1cf6d1be, org.springframework.boot.test.context.SpringBootTestArgs@1, org.springframework.boot.test.context.SpringBootTestWebEnvironment@418e7838], resourceBasePath = 'src/main/webapp', contextLoader = 'org.springframework.boot.test.context.SpringBootContextLoader', parent = [null]], attributes = map['org.springframework.test.context.web.ServletTestExecutionListener.activateListener' -> true, 'org.springframework.test.context.web.ServletTestExecutionListener.populatedRequestContextHolder' -> true, 'org.springframework.test.context.web.ServletTestExecutionListener.resetRequestContextHolder' -> true, 'org.springframework.test.context.event.ApplicationEventsTestExecutionListener.recordApplicationEvents' -> false]]
]]></system-out>
  </testcase>
  <testcase name="findAll_shouldReturnResult" classname="sn.ept.git.seminaire.cicd.services.TodoServiceTest" time="0.05">
    <system-out><![CDATA[2022-08-11 16:23:10.067  INFO 53444 --- [           main] o.s.t.c.transaction.TransactionContext   : Began transaction (1) for test context [DefaultTestContext@79dc5318 testClass = TodoServiceTest, testInstance = sn.ept.git.seminaire.cicd.services.TodoServiceTest@5340ccb9, testMethod = findAll_shouldReturnResult@TodoServiceTest, testException = [null], mergedContextConfiguration = [WebMergedContextConfiguration@8e50104 testClass = TodoServiceTest, locations = '{}', classes = '{class sn.ept.git.seminaire.cicd.TodoApplication}', contextInitializerClasses = '[]', activeProfiles = '{}', propertySourceLocations = '{}', propertySourceProperties = '{org.springframework.boot.test.context.SpringBootTestContextBootstrapper=true}', contextCustomizers = set[org.springframework.boot.test.context.filter.ExcludeFilterContextCustomizer@71ba6d4e, org.springframework.boot.test.json.DuplicateJsonObjectContextCustomizerFactory$DuplicateJsonObjectContextCustomizer@63376bed, org.springframework.boot.test.mock.mockito.MockitoContextCustomizer@0, org.springframework.boot.test.web.client.TestRestTemplateContextCustomizer@78e4deb0, org.springframework.boot.test.autoconfigure.actuate.metrics.MetricsExportContextCustomizerFactory$DisableMetricExportContextCustomizer@470734c3, org.springframework.boot.test.autoconfigure.properties.PropertyMappingContextCustomizer@0, org.springframework.boot.test.autoconfigure.web.servlet.WebDriverContextCustomizerFactory$Customizer@1cf6d1be, org.springframework.boot.test.context.SpringBootTestArgs@1, org.springframework.boot.test.context.SpringBootTestWebEnvironment@418e7838], resourceBasePath = 'src/main/webapp', contextLoader = 'org.springframework.boot.test.context.SpringBootContextLoader', parent = [null]], attributes = map['org.springframework.test.context.web.ServletTestExecutionListener.activateListener' -> true, 'org.springframework.test.context.web.ServletTestExecutionListener.populatedRequestContextHolder' -> true, 'org.springframework.test.context.web.ServletTestExecutionListener.resetRequestContextHolder' -> true, 'org.springframework.test.context.event.ApplicationEventsTestExecutionListener.recordApplicationEvents' -> false]]; transaction manager [org.springframework.orm.jpa.JpaTransactionManager@45d46254]; rollback [true]
2022-08-11 16:23:10.071  INFO 53444 --- [           main] s.e.g.s.cicd.services.TodoServiceTest    :  before each
Hibernate: select todo0_.id as id1_1_, todo0_.created_date as created_2_1_, todo0_.deleted as deleted3_1_, todo0_.enabled as enabled4_1_, todo0_.last_modified_date as last_mod5_1_, todo0_.version as version6_1_, todo0_.completed as complete7_1_, todo0_.description as descript8_1_, todo0_.title as title9_1_ from acicd_todos todo0_ where (  todo0_.deleted = 0 ) and todo0_.title=?
Hibernate: select todo0_.id as id1_1_1_, todo0_.created_date as created_2_1_1_, todo0_.deleted as deleted3_1_1_, todo0_.enabled as enabled4_1_1_, todo0_.last_modified_date as last_mod5_1_1_, todo0_.version as version6_1_1_, todo0_.completed as complete7_1_1_, todo0_.description as descript8_1_1_, todo0_.title as title9_1_1_, tags1_.id_todo as id_todo1_2_3_, tag2_.id as id_tag2_2_3_, tag2_.id as id1_0_0_, tag2_.created_date as created_2_0_0_, tag2_.deleted as deleted3_0_0_, tag2_.enabled as enabled4_0_0_, tag2_.last_modified_date as last_mod5_0_0_, tag2_.version as version6_0_0_, tag2_.description as descript7_0_0_, tag2_.name as name8_0_0_ from acicd_todos todo0_ left outer join tags_todos tags1_ on todo0_.id=tags1_.id_todo left outer join acicd_tags tag2_ on tags1_.id_tag=tag2_.id and ( (  tag2_.deleted = 0  ) and (  tag2_.deleted = 0  )) where todo0_.id=? and (  todo0_.deleted = 0 ) 
Hibernate: insert into acicd_todos (created_date, deleted, enabled, last_modified_date, version, completed, description, title, id) values (?, ?, ?, ?, ?, ?, ?, ?, ?)
Hibernate: select todo0_.id as id1_1_, todo0_.created_date as created_2_1_, todo0_.deleted as deleted3_1_, todo0_.enabled as enabled4_1_, todo0_.last_modified_date as last_mod5_1_, todo0_.version as version6_1_, todo0_.completed as complete7_1_, todo0_.description as descript8_1_, todo0_.title as title9_1_ from acicd_todos todo0_ where (  todo0_.deleted = 0 )
2022-08-11 16:23:10.111  INFO 53444 --- [           main] o.s.t.c.transaction.TransactionContext   : Rolled back transaction for test: [DefaultTestContext@79dc5318 testClass = TodoServiceTest, testInstance = sn.ept.git.seminaire.cicd.services.TodoServiceTest@5340ccb9, testMethod = findAll_shouldReturnResult@TodoServiceTest, testException = [null], mergedContextConfiguration = [WebMergedContextConfiguration@8e50104 testClass = TodoServiceTest, locations = '{}', classes = '{class sn.ept.git.seminaire.cicd.TodoApplication}', contextInitializerClasses = '[]', activeProfiles = '{}', propertySourceLocations = '{}', propertySourceProperties = '{org.springframework.boot.test.context.SpringBootTestContextBootstrapper=true}', contextCustomizers = set[org.springframework.boot.test.context.filter.ExcludeFilterContextCustomizer@71ba6d4e, org.springframework.boot.test.json.DuplicateJsonObjectContextCustomizerFactory$DuplicateJsonObjectContextCustomizer@63376bed, org.springframework.boot.test.mock.mockito.MockitoContextCustomizer@0, org.springframework.boot.test.web.client.TestRestTemplateContextCustomizer@78e4deb0, org.springframework.boot.test.autoconfigure.actuate.metrics.MetricsExportContextCustomizerFactory$DisableMetricExportContextCustomizer@470734c3, org.springframework.boot.test.autoconfigure.properties.PropertyMappingContextCustomizer@0, org.springframework.boot.test.autoconfigure.web.servlet.WebDriverContextCustomizerFactory$Customizer@1cf6d1be, org.springframework.boot.test.context.SpringBootTestArgs@1, org.springframework.boot.test.context.SpringBootTestWebEnvironment@418e7838], resourceBasePath = 'src/main/webapp', contextLoader = 'org.springframework.boot.test.context.SpringBootContextLoader', parent = [null]], attributes = map['org.springframework.test.context.web.ServletTestExecutionListener.activateListener' -> true, 'org.springframework.test.context.web.ServletTestExecutionListener.populatedRequestContextHolder' -> true, 'org.springframework.test.context.web.ServletTestExecutionListener.resetRequestContextHolder' -> true, 'org.springframework.test.context.event.ApplicationEventsTestExecutionListener.recordApplicationEvents' -> false]]
]]></system-out>
  </testcase>
  <testcase name="delete_shouldDeleteSociete" classname="sn.ept.git.seminaire.cicd.services.TodoServiceTest" time="0.1">
    <system-out><![CDATA[2022-08-11 16:23:10.118  INFO 53444 --- [           main] o.s.t.c.transaction.TransactionContext   : Began transaction (1) for test context [DefaultTestContext@79dc5318 testClass = TodoServiceTest, testInstance = sn.ept.git.seminaire.cicd.services.TodoServiceTest@6d695ec4, testMethod = delete_shouldDeleteSociete@TodoServiceTest, testException = [null], mergedContextConfiguration = [WebMergedContextConfiguration@8e50104 testClass = TodoServiceTest, locations = '{}', classes = '{class sn.ept.git.seminaire.cicd.TodoApplication}', contextInitializerClasses = '[]', activeProfiles = '{}', propertySourceLocations = '{}', propertySourceProperties = '{org.springframework.boot.test.context.SpringBootTestContextBootstrapper=true}', contextCustomizers = set[org.springframework.boot.test.context.filter.ExcludeFilterContextCustomizer@71ba6d4e, org.springframework.boot.test.json.DuplicateJsonObjectContextCustomizerFactory$DuplicateJsonObjectContextCustomizer@63376bed, org.springframework.boot.test.mock.mockito.MockitoContextCustomizer@0, org.springframework.boot.test.web.client.TestRestTemplateContextCustomizer@78e4deb0, org.springframework.boot.test.autoconfigure.actuate.metrics.MetricsExportContextCustomizerFactory$DisableMetricExportContextCustomizer@470734c3, org.springframework.boot.test.autoconfigure.properties.PropertyMappingContextCustomizer@0, org.springframework.boot.test.autoconfigure.web.servlet.WebDriverContextCustomizerFactory$Customizer@1cf6d1be, org.springframework.boot.test.context.SpringBootTestArgs@1, org.springframework.boot.test.context.SpringBootTestWebEnvironment@418e7838], resourceBasePath = 'src/main/webapp', contextLoader = 'org.springframework.boot.test.context.SpringBootContextLoader', parent = [null]], attributes = map['org.springframework.test.context.web.ServletTestExecutionListener.activateListener' -> true, 'org.springframework.test.context.web.ServletTestExecutionListener.populatedRequestContextHolder' -> true, 'org.springframework.test.context.web.ServletTestExecutionListener.resetRequestContextHolder' -> true, 'org.springframework.test.context.event.ApplicationEventsTestExecutionListener.recordApplicationEvents' -> false]]; transaction manager [org.springframework.orm.jpa.JpaTransactionManager@45d46254]; rollback [true]
2022-08-11 16:23:10.126  INFO 53444 --- [           main] s.e.g.s.cicd.services.TodoServiceTest    :  before each
Hibernate: select todo0_.id as id1_1_, todo0_.created_date as created_2_1_, todo0_.deleted as deleted3_1_, todo0_.enabled as enabled4_1_, todo0_.last_modified_date as last_mod5_1_, todo0_.version as version6_1_, todo0_.completed as complete7_1_, todo0_.description as descript8_1_, todo0_.title as title9_1_ from acicd_todos todo0_ where (  todo0_.deleted = 0 ) and todo0_.title=?
Hibernate: select todo0_.id as id1_1_1_, todo0_.created_date as created_2_1_1_, todo0_.deleted as deleted3_1_1_, todo0_.enabled as enabled4_1_1_, todo0_.last_modified_date as last_mod5_1_1_, todo0_.version as version6_1_1_, todo0_.completed as complete7_1_1_, todo0_.description as descript8_1_1_, todo0_.title as title9_1_1_, tags1_.id_todo as id_todo1_2_3_, tag2_.id as id_tag2_2_3_, tag2_.id as id1_0_0_, tag2_.created_date as created_2_0_0_, tag2_.deleted as deleted3_0_0_, tag2_.enabled as enabled4_0_0_, tag2_.last_modified_date as last_mod5_0_0_, tag2_.version as version6_0_0_, tag2_.description as descript7_0_0_, tag2_.name as name8_0_0_ from acicd_todos todo0_ left outer join tags_todos tags1_ on todo0_.id=tags1_.id_todo left outer join acicd_tags tag2_ on tags1_.id_tag=tag2_.id and ( (  tag2_.deleted = 0  ) and (  tag2_.deleted = 0  )) where todo0_.id=? and (  todo0_.deleted = 0 ) 
Hibernate: insert into acicd_todos (created_date, deleted, enabled, last_modified_date, version, completed, description, title, id) values (?, ?, ?, ?, ?, ?, ?, ?, ?)
Hibernate: select count(*) as col_0_0_ from acicd_todos todo0_ where (  todo0_.deleted = 0 )
Hibernate: update acicd_todos set deleted=?, version=? where id=? and version=?
Hibernate: select count(*) as col_0_0_ from acicd_todos todo0_ where (  todo0_.deleted = 0 )
2022-08-11 16:23:10.214  INFO 53444 --- [           main] o.s.t.c.transaction.TransactionContext   : Rolled back transaction for test: [DefaultTestContext@79dc5318 testClass = TodoServiceTest, testInstance = sn.ept.git.seminaire.cicd.services.TodoServiceTest@6d695ec4, testMethod = delete_shouldDeleteSociete@TodoServiceTest, testException = [null], mergedContextConfiguration = [WebMergedContextConfiguration@8e50104 testClass = TodoServiceTest, locations = '{}', classes = '{class sn.ept.git.seminaire.cicd.TodoApplication}', contextInitializerClasses = '[]', activeProfiles = '{}', propertySourceLocations = '{}', propertySourceProperties = '{org.springframework.boot.test.context.SpringBootTestContextBootstrapper=true}', contextCustomizers = set[org.springframework.boot.test.context.filter.ExcludeFilterContextCustomizer@71ba6d4e, org.springframework.boot.test.json.DuplicateJsonObjectContextCustomizerFactory$DuplicateJsonObjectContextCustomizer@63376bed, org.springframework.boot.test.mock.mockito.MockitoContextCustomizer@0, org.springframework.boot.test.web.client.TestRestTemplateContextCustomizer@78e4deb0, org.springframework.boot.test.autoconfigure.actuate.metrics.MetricsExportContextCustomizerFactory$DisableMetricExportContextCustomizer@470734c3, org.springframework.boot.test.autoconfigure.properties.PropertyMappingContextCustomizer@0, org.springframework.boot.test.autoconfigure.web.servlet.WebDriverContextCustomizerFactory$Customizer@1cf6d1be, org.springframework.boot.test.context.SpringBootTestArgs@1, org.springframework.boot.test.context.SpringBootTestWebEnvironment@418e7838], resourceBasePath = 'src/main/webapp', contextLoader = 'org.springframework.boot.test.context.SpringBootContextLoader', parent = [null]], attributes = map['org.springframework.test.context.web.ServletTestExecutionListener.activateListener' -> true, 'org.springframework.test.context.web.ServletTestExecutionListener.populatedRequestContextHolder' -> true, 'org.springframework.test.context.web.ServletTestExecutionListener.resetRequestContextHolder' -> true, 'org.springframework.test.context.event.ApplicationEventsTestExecutionListener.recordApplicationEvents' -> false]]
]]></system-out>
  </testcase>
</testsuite>